   0  $accept : programa $end

   1  programa : funciones main

   2  main : VOID MAIN '(' ')' '{' sentencias '}'

   3  funciones : funciones funcion
   4            |

   5  funcion : tipoFuncion ID '(' parametro ')' '{' cuerpo '}'

   6  tipoParametro : ID
   7                | CTE_ENTERA
   8                | CTE_REAL

   9  parametro : parametro ',' tipoSimple ID
  10            | tipoSimple ID
  11            |

  12  cuerpo : variables sentencias retorno
  13         |

  14  retorno : RETURN expresion ';'
  15          |

  16  tipoFuncion : VOID
  17              | tipoSimple

  18  sentencias : sentencias sentencia
  19             | sentencia

  20  sentencia : llamadaVariable
  21            | declaracionVariable
  22            | llamadaVariable '=' expresion ';'
  23            | declaracionVariable '=' expresion ';'
  24            | ID '.' ID '=' expresion ';'
  25            | estructura ';'
  26            | WHILE '(' expresion ')' '{' sentencias '}'
  27            | IF '(' expresion ')' '{' sentencias '}'
  28            | IF '(' expresion ')' sentencia
  29            | IF '(' expresion ')' '{' sentencias '}' ELSE '{' sentencias '}'
  30            | IF '(' expresion ')' sentencia ELSE sentencia
  31            | WRITE expresiones
  32            | READ expresiones
  33            | ID '(' parametroLlamada ')' ';'

  34  parametroLlamada : parametroLlamada ',' tipoParametro
  35                   |

  36  estructura : STRUCT '{' campos '}' ID

  37  campos : campos estructura
  38         | campos llamadaVariable
  39         | campos declaracionVariable
  40         | llamadaVariable
  41         | declaracionVariable

  42  llamadaVariable : ID
  43                  | ID '[' CTE_ENTERA ']'
  44                  | ID '[' CTE_ENTERA ']' '[' CTE_ENTERA ']'

  45  declaracionVariable : tipoSimple identificador ';'
  46                      | tipoSimple '[' CTE_ENTERA ']' identificador ';'
  47                      | tipoSimple '[' CTE_ENTERA ']' '[' CTE_ENTERA ']' identificador ';'

  48  expresiones : expresiones ',' expresion
  49              | expresion ';'

  50  expresion : ID
  51            | ID '[' CTE_ENTERA ']'
  52            | ID '[' CTE_ENTERA ']' '[' CTE_ENTERA ']'
  53            | CTE_ENTERA
  54            | CTE_REAL
  55            | CTE_CARACTER
  56            | expresion '+' expresion
  57            | expresion '*' expresion
  58            | expresion '/' expresion
  59            | expresion '-' expresion
  60            | expresion '%' expresion
  61            | expresion '>' expresion
  62            | expresion '<' expresion
  63            | expresion MAYORIGUALQUE expresion
  64            | expresion MENORIGUALQUE expresion
  65            | expresion DISTINTO expresion
  66            | expresion IGUALDAD expresion
  67            | expresion Y expresion
  68            | expresion O expresion
  69            | expresion '.' expresion
  70            | '-' expresion
  71            | '!' expresion
  72            | '(' expresion ')'
  73            | '(' tipoSimple ')' ID

  74  identificador : identificador ',' ID
  75                | ID

  76  tipoSimple : INT
  77             | DOUBLE
  78             | CHAR

state 0
	$accept : . programa $end  (0)
	funciones : .  (4)

	.  reduce 4

	programa  goto 1
	funciones  goto 2


state 1
	$accept : programa . $end  (0)

	$end  accept


state 2
	programa : funciones . main  (1)
	funciones : funciones . funcion  (3)

	INT  shift 3
	DOUBLE  shift 4
	CHAR  shift 5
	VOID  shift 6
	.  error

	main  goto 7
	funcion  goto 8
	tipoFuncion  goto 9
	tipoSimple  goto 10


state 3
	tipoSimple : INT .  (76)

	.  reduce 76


state 4
	tipoSimple : DOUBLE .  (77)

	.  reduce 77


state 5
	tipoSimple : CHAR .  (78)

	.  reduce 78


state 6
	main : VOID . MAIN '(' ')' '{' sentencias '}'  (2)
	tipoFuncion : VOID .  (16)

	MAIN  shift 11
	ID  reduce 16


state 7
	programa : funciones main .  (1)

	.  reduce 1


state 8
	funciones : funciones funcion .  (3)

	.  reduce 3


state 9
	funcion : tipoFuncion . ID '(' parametro ')' '{' cuerpo '}'  (5)

	ID  shift 12
	.  error


state 10
	tipoFuncion : tipoSimple .  (17)

	.  reduce 17


state 11
	main : VOID MAIN . '(' ')' '{' sentencias '}'  (2)

	'('  shift 13
	.  error


state 12
	funcion : tipoFuncion ID . '(' parametro ')' '{' cuerpo '}'  (5)

	'('  shift 14
	.  error


state 13
	main : VOID MAIN '(' . ')' '{' sentencias '}'  (2)

	')'  shift 15
	.  error


state 14
	funcion : tipoFuncion ID '(' . parametro ')' '{' cuerpo '}'  (5)
	parametro : .  (11)

	INT  shift 3
	DOUBLE  shift 4
	CHAR  shift 5
	')'  reduce 11
	','  reduce 11

	parametro  goto 16
	tipoSimple  goto 17


state 15
	main : VOID MAIN '(' ')' . '{' sentencias '}'  (2)

	'{'  shift 18
	.  error


state 16
	funcion : tipoFuncion ID '(' parametro . ')' '{' cuerpo '}'  (5)
	parametro : parametro . ',' tipoSimple ID  (9)

	')'  shift 19
	','  shift 20
	.  error


state 17
	parametro : tipoSimple . ID  (10)

	ID  shift 21
	.  error


state 18
	main : VOID MAIN '(' ')' '{' . sentencias '}'  (2)

	READ  shift 22
	WRITE  shift 23
	WHILE  shift 24
	IF  shift 25
	INT  shift 3
	DOUBLE  shift 4
	CHAR  shift 5
	STRUCT  shift 26
	ID  shift 27
	.  error

	sentencias  goto 28
	tipoSimple  goto 29
	sentencia  goto 30
	llamadaVariable  goto 31
	declaracionVariable  goto 32
	estructura  goto 33


state 19
	funcion : tipoFuncion ID '(' parametro ')' . '{' cuerpo '}'  (5)

	'{'  shift 34
	.  error


state 20
	parametro : parametro ',' . tipoSimple ID  (9)

	INT  shift 3
	DOUBLE  shift 4
	CHAR  shift 5
	.  error

	tipoSimple  goto 35


state 21
	parametro : tipoSimple ID .  (10)

	.  reduce 10


state 22
	sentencia : READ . expresiones  (32)

	CTE_ENTERA  shift 36
	CTE_REAL  shift 37
	CTE_CARACTER  shift 38
	ID  shift 39
	'!'  shift 40
	'-'  shift 41
	'('  shift 42
	.  error

	expresion  goto 43
	expresiones  goto 44


state 23
	sentencia : WRITE . expresiones  (31)

	CTE_ENTERA  shift 36
	CTE_REAL  shift 37
	CTE_CARACTER  shift 38
	ID  shift 39
	'!'  shift 40
	'-'  shift 41
	'('  shift 42
	.  error

	expresion  goto 43
	expresiones  goto 45


state 24
	sentencia : WHILE . '(' expresion ')' '{' sentencias '}'  (26)

	'('  shift 46
	.  error


state 25
	sentencia : IF . '(' expresion ')' '{' sentencias '}'  (27)
	sentencia : IF . '(' expresion ')' sentencia  (28)
	sentencia : IF . '(' expresion ')' '{' sentencias '}' ELSE '{' sentencias '}'  (29)
	sentencia : IF . '(' expresion ')' sentencia ELSE sentencia  (30)

	'('  shift 47
	.  error


state 26
	estructura : STRUCT . '{' campos '}' ID  (36)

	'{'  shift 48
	.  error


state 27
	sentencia : ID . '.' ID '=' expresion ';'  (24)
	sentencia : ID . '(' parametroLlamada ')' ';'  (33)
	llamadaVariable : ID .  (42)
	llamadaVariable : ID . '[' CTE_ENTERA ']'  (43)
	llamadaVariable : ID . '[' CTE_ENTERA ']' '[' CTE_ENTERA ']'  (44)

	'['  shift 49
	'.'  shift 50
	'('  shift 51
	READ  reduce 42
	WRITE  reduce 42
	WHILE  reduce 42
	IF  reduce 42
	ELSE  reduce 42
	INT  reduce 42
	DOUBLE  reduce 42
	CHAR  reduce 42
	STRUCT  reduce 42
	RETURN  reduce 42
	ID  reduce 42
	'='  reduce 42
	'}'  reduce 42


state 28
	main : VOID MAIN '(' ')' '{' sentencias . '}'  (2)
	sentencias : sentencias . sentencia  (18)

	READ  shift 22
	WRITE  shift 23
	WHILE  shift 24
	IF  shift 25
	INT  shift 3
	DOUBLE  shift 4
	CHAR  shift 5
	STRUCT  shift 26
	ID  shift 27
	'}'  shift 52
	.  error

	tipoSimple  goto 29
	sentencia  goto 53
	llamadaVariable  goto 31
	declaracionVariable  goto 32
	estructura  goto 33


state 29
	declaracionVariable : tipoSimple . identificador ';'  (45)
	declaracionVariable : tipoSimple . '[' CTE_ENTERA ']' identificador ';'  (46)
	declaracionVariable : tipoSimple . '[' CTE_ENTERA ']' '[' CTE_ENTERA ']' identificador ';'  (47)

	ID  shift 54
	'['  shift 55
	.  error

	identificador  goto 56


state 30
	sentencias : sentencia .  (19)

	.  reduce 19


state 31
	sentencia : llamadaVariable .  (20)
	sentencia : llamadaVariable . '=' expresion ';'  (22)

	'='  shift 57
	READ  reduce 20
	WRITE  reduce 20
	WHILE  reduce 20
	IF  reduce 20
	ELSE  reduce 20
	INT  reduce 20
	DOUBLE  reduce 20
	CHAR  reduce 20
	STRUCT  reduce 20
	RETURN  reduce 20
	ID  reduce 20
	'}'  reduce 20


state 32
	sentencia : declaracionVariable .  (21)
	sentencia : declaracionVariable . '=' expresion ';'  (23)

	'='  shift 58
	READ  reduce 21
	WRITE  reduce 21
	WHILE  reduce 21
	IF  reduce 21
	ELSE  reduce 21
	INT  reduce 21
	DOUBLE  reduce 21
	CHAR  reduce 21
	STRUCT  reduce 21
	RETURN  reduce 21
	ID  reduce 21
	'}'  reduce 21


state 33
	sentencia : estructura . ';'  (25)

	';'  shift 59
	.  error


state 34
	funcion : tipoFuncion ID '(' parametro ')' '{' . cuerpo '}'  (5)
	cuerpo : .  (13)

	variables  shift 60
	'}'  reduce 13

	cuerpo  goto 61


state 35
	parametro : parametro ',' tipoSimple . ID  (9)

	ID  shift 62
	.  error


state 36
	expresion : CTE_ENTERA .  (53)

	.  reduce 53


state 37
	expresion : CTE_REAL .  (54)

	.  reduce 54


state 38
	expresion : CTE_CARACTER .  (55)

	.  reduce 55


state 39
	expresion : ID .  (50)
	expresion : ID . '[' CTE_ENTERA ']'  (51)
	expresion : ID . '[' CTE_ENTERA ']' '[' CTE_ENTERA ']'  (52)

	'['  shift 63
	READ  reduce 50
	WRITE  reduce 50
	WHILE  reduce 50
	IF  reduce 50
	ELSE  reduce 50
	INT  reduce 50
	DOUBLE  reduce 50
	CHAR  reduce 50
	STRUCT  reduce 50
	RETURN  reduce 50
	ID  reduce 50
	Y  reduce 50
	O  reduce 50
	MAYORIGUALQUE  reduce 50
	MENORIGUALQUE  reduce 50
	DISTINTO  reduce 50
	IGUALDAD  reduce 50
	'>'  reduce 50
	'<'  reduce 50
	'+'  reduce 50
	'-'  reduce 50
	'*'  reduce 50
	'/'  reduce 50
	'%'  reduce 50
	'.'  reduce 50
	')'  reduce 50
	'}'  reduce 50
	','  reduce 50
	';'  reduce 50


state 40
	expresion : '!' . expresion  (71)

	CTE_ENTERA  shift 36
	CTE_REAL  shift 37
	CTE_CARACTER  shift 38
	ID  shift 39
	'!'  shift 40
	'-'  shift 41
	'('  shift 42
	.  error

	expresion  goto 64


state 41
	expresion : '-' . expresion  (70)

	CTE_ENTERA  shift 36
	CTE_REAL  shift 37
	CTE_CARACTER  shift 38
	ID  shift 39
	'!'  shift 40
	'-'  shift 41
	'('  shift 42
	.  error

	expresion  goto 65


state 42
	expresion : '(' . expresion ')'  (72)
	expresion : '(' . tipoSimple ')' ID  (73)

	CTE_ENTERA  shift 36
	CTE_REAL  shift 37
	CTE_CARACTER  shift 38
	INT  shift 3
	DOUBLE  shift 4
	CHAR  shift 5
	ID  shift 39
	'!'  shift 40
	'-'  shift 41
	'('  shift 42
	.  error

	tipoSimple  goto 66
	expresion  goto 67


state 43
	expresiones : expresion . ';'  (49)
	expresion : expresion . '+' expresion  (56)
	expresion : expresion . '*' expresion  (57)
	expresion : expresion . '/' expresion  (58)
	expresion : expresion . '-' expresion  (59)
	expresion : expresion . '%' expresion  (60)
	expresion : expresion . '>' expresion  (61)
	expresion : expresion . '<' expresion  (62)
	expresion : expresion . MAYORIGUALQUE expresion  (63)
	expresion : expresion . MENORIGUALQUE expresion  (64)
	expresion : expresion . DISTINTO expresion  (65)
	expresion : expresion . IGUALDAD expresion  (66)
	expresion : expresion . Y expresion  (67)
	expresion : expresion . O expresion  (68)
	expresion : expresion . '.' expresion  (69)

	Y  shift 68
	O  shift 69
	MAYORIGUALQUE  shift 70
	MENORIGUALQUE  shift 71
	DISTINTO  shift 72
	IGUALDAD  shift 73
	'>'  shift 74
	'<'  shift 75
	'+'  shift 76
	'-'  shift 77
	'*'  shift 78
	'/'  shift 79
	'%'  shift 80
	'.'  shift 81
	';'  shift 82
	.  error


state 44
	sentencia : READ expresiones .  (32)
	expresiones : expresiones . ',' expresion  (48)

	','  shift 83
	READ  reduce 32
	WRITE  reduce 32
	WHILE  reduce 32
	IF  reduce 32
	ELSE  reduce 32
	INT  reduce 32
	DOUBLE  reduce 32
	CHAR  reduce 32
	STRUCT  reduce 32
	RETURN  reduce 32
	ID  reduce 32
	'}'  reduce 32


state 45
	sentencia : WRITE expresiones .  (31)
	expresiones : expresiones . ',' expresion  (48)

	','  shift 83
	READ  reduce 31
	WRITE  reduce 31
	WHILE  reduce 31
	IF  reduce 31
	ELSE  reduce 31
	INT  reduce 31
	DOUBLE  reduce 31
	CHAR  reduce 31
	STRUCT  reduce 31
	RETURN  reduce 31
	ID  reduce 31
	'}'  reduce 31


state 46
	sentencia : WHILE '(' . expresion ')' '{' sentencias '}'  (26)

	CTE_ENTERA  shift 36
	CTE_REAL  shift 37
	CTE_CARACTER  shift 38
	ID  shift 39
	'!'  shift 40
	'-'  shift 41
	'('  shift 42
	.  error

	expresion  goto 84


state 47
	sentencia : IF '(' . expresion ')' '{' sentencias '}'  (27)
	sentencia : IF '(' . expresion ')' sentencia  (28)
	sentencia : IF '(' . expresion ')' '{' sentencias '}' ELSE '{' sentencias '}'  (29)
	sentencia : IF '(' . expresion ')' sentencia ELSE sentencia  (30)

	CTE_ENTERA  shift 36
	CTE_REAL  shift 37
	CTE_CARACTER  shift 38
	ID  shift 39
	'!'  shift 40
	'-'  shift 41
	'('  shift 42
	.  error

	expresion  goto 85


state 48
	estructura : STRUCT '{' . campos '}' ID  (36)

	INT  shift 3
	DOUBLE  shift 4
	CHAR  shift 5
	ID  shift 86
	.  error

	tipoSimple  goto 29
	llamadaVariable  goto 87
	declaracionVariable  goto 88
	campos  goto 89


state 49
	llamadaVariable : ID '[' . CTE_ENTERA ']'  (43)
	llamadaVariable : ID '[' . CTE_ENTERA ']' '[' CTE_ENTERA ']'  (44)

	CTE_ENTERA  shift 90
	.  error


state 50
	sentencia : ID '.' . ID '=' expresion ';'  (24)

	ID  shift 91
	.  error


state 51
	sentencia : ID '(' . parametroLlamada ')' ';'  (33)
	parametroLlamada : .  (35)

	.  reduce 35

	parametroLlamada  goto 92


state 52
	main : VOID MAIN '(' ')' '{' sentencias '}' .  (2)

	.  reduce 2


state 53
	sentencias : sentencias sentencia .  (18)

	.  reduce 18


state 54
	identificador : ID .  (75)

	.  reduce 75


state 55
	declaracionVariable : tipoSimple '[' . CTE_ENTERA ']' identificador ';'  (46)
	declaracionVariable : tipoSimple '[' . CTE_ENTERA ']' '[' CTE_ENTERA ']' identificador ';'  (47)

	CTE_ENTERA  shift 93
	.  error


state 56
	declaracionVariable : tipoSimple identificador . ';'  (45)
	identificador : identificador . ',' ID  (74)

	','  shift 94
	';'  shift 95
	.  error


state 57
	sentencia : llamadaVariable '=' . expresion ';'  (22)

	CTE_ENTERA  shift 36
	CTE_REAL  shift 37
	CTE_CARACTER  shift 38
	ID  shift 39
	'!'  shift 40
	'-'  shift 41
	'('  shift 42
	.  error

	expresion  goto 96


state 58
	sentencia : declaracionVariable '=' . expresion ';'  (23)

	CTE_ENTERA  shift 36
	CTE_REAL  shift 37
	CTE_CARACTER  shift 38
	ID  shift 39
	'!'  shift 40
	'-'  shift 41
	'('  shift 42
	.  error

	expresion  goto 97


state 59
	sentencia : estructura ';' .  (25)

	.  reduce 25


state 60
	cuerpo : variables . sentencias retorno  (12)

	READ  shift 22
	WRITE  shift 23
	WHILE  shift 24
	IF  shift 25
	INT  shift 3
	DOUBLE  shift 4
	CHAR  shift 5
	STRUCT  shift 26
	ID  shift 27
	.  error

	sentencias  goto 98
	tipoSimple  goto 29
	sentencia  goto 30
	llamadaVariable  goto 31
	declaracionVariable  goto 32
	estructura  goto 33


state 61
	funcion : tipoFuncion ID '(' parametro ')' '{' cuerpo . '}'  (5)

	'}'  shift 99
	.  error


state 62
	parametro : parametro ',' tipoSimple ID .  (9)

	.  reduce 9


state 63
	expresion : ID '[' . CTE_ENTERA ']'  (51)
	expresion : ID '[' . CTE_ENTERA ']' '[' CTE_ENTERA ']'  (52)

	CTE_ENTERA  shift 100
	.  error


state 64
	expresion : expresion . '+' expresion  (56)
	expresion : expresion . '*' expresion  (57)
	expresion : expresion . '/' expresion  (58)
	expresion : expresion . '-' expresion  (59)
	expresion : expresion . '%' expresion  (60)
	expresion : expresion . '>' expresion  (61)
	expresion : expresion . '<' expresion  (62)
	expresion : expresion . MAYORIGUALQUE expresion  (63)
	expresion : expresion . MENORIGUALQUE expresion  (64)
	expresion : expresion . DISTINTO expresion  (65)
	expresion : expresion . IGUALDAD expresion  (66)
	expresion : expresion . Y expresion  (67)
	expresion : expresion . O expresion  (68)
	expresion : expresion . '.' expresion  (69)
	expresion : '!' expresion .  (71)

	'.'  shift 81
	READ  reduce 71
	WRITE  reduce 71
	WHILE  reduce 71
	IF  reduce 71
	ELSE  reduce 71
	INT  reduce 71
	DOUBLE  reduce 71
	CHAR  reduce 71
	STRUCT  reduce 71
	RETURN  reduce 71
	ID  reduce 71
	Y  reduce 71
	O  reduce 71
	MAYORIGUALQUE  reduce 71
	MENORIGUALQUE  reduce 71
	DISTINTO  reduce 71
	IGUALDAD  reduce 71
	'>'  reduce 71
	'<'  reduce 71
	'+'  reduce 71
	'-'  reduce 71
	'*'  reduce 71
	'/'  reduce 71
	'%'  reduce 71
	')'  reduce 71
	'}'  reduce 71
	','  reduce 71
	';'  reduce 71


state 65
	expresion : expresion . '+' expresion  (56)
	expresion : expresion . '*' expresion  (57)
	expresion : expresion . '/' expresion  (58)
	expresion : expresion . '-' expresion  (59)
	expresion : expresion . '%' expresion  (60)
	expresion : expresion . '>' expresion  (61)
	expresion : expresion . '<' expresion  (62)
	expresion : expresion . MAYORIGUALQUE expresion  (63)
	expresion : expresion . MENORIGUALQUE expresion  (64)
	expresion : expresion . DISTINTO expresion  (65)
	expresion : expresion . IGUALDAD expresion  (66)
	expresion : expresion . Y expresion  (67)
	expresion : expresion . O expresion  (68)
	expresion : expresion . '.' expresion  (69)
	expresion : '-' expresion .  (70)

	'.'  shift 81
	READ  reduce 70
	WRITE  reduce 70
	WHILE  reduce 70
	IF  reduce 70
	ELSE  reduce 70
	INT  reduce 70
	DOUBLE  reduce 70
	CHAR  reduce 70
	STRUCT  reduce 70
	RETURN  reduce 70
	ID  reduce 70
	Y  reduce 70
	O  reduce 70
	MAYORIGUALQUE  reduce 70
	MENORIGUALQUE  reduce 70
	DISTINTO  reduce 70
	IGUALDAD  reduce 70
	'>'  reduce 70
	'<'  reduce 70
	'+'  reduce 70
	'-'  reduce 70
	'*'  reduce 70
	'/'  reduce 70
	'%'  reduce 70
	')'  reduce 70
	'}'  reduce 70
	','  reduce 70
	';'  reduce 70


state 66
	expresion : '(' tipoSimple . ')' ID  (73)

	')'  shift 101
	.  error


state 67
	expresion : expresion . '+' expresion  (56)
	expresion : expresion . '*' expresion  (57)
	expresion : expresion . '/' expresion  (58)
	expresion : expresion . '-' expresion  (59)
	expresion : expresion . '%' expresion  (60)
	expresion : expresion . '>' expresion  (61)
	expresion : expresion . '<' expresion  (62)
	expresion : expresion . MAYORIGUALQUE expresion  (63)
	expresion : expresion . MENORIGUALQUE expresion  (64)
	expresion : expresion . DISTINTO expresion  (65)
	expresion : expresion . IGUALDAD expresion  (66)
	expresion : expresion . Y expresion  (67)
	expresion : expresion . O expresion  (68)
	expresion : expresion . '.' expresion  (69)
	expresion : '(' expresion . ')'  (72)

	Y  shift 68
	O  shift 69
	MAYORIGUALQUE  shift 70
	MENORIGUALQUE  shift 71
	DISTINTO  shift 72
	IGUALDAD  shift 73
	'>'  shift 74
	'<'  shift 75
	'+'  shift 76
	'-'  shift 77
	'*'  shift 78
	'/'  shift 79
	'%'  shift 80
	'.'  shift 81
	')'  shift 102
	.  error


state 68
	expresion : expresion Y . expresion  (67)

	CTE_ENTERA  shift 36
	CTE_REAL  shift 37
	CTE_CARACTER  shift 38
	ID  shift 39
	'!'  shift 40
	'-'  shift 41
	'('  shift 42
	.  error

	expresion  goto 103


state 69
	expresion : expresion O . expresion  (68)

	CTE_ENTERA  shift 36
	CTE_REAL  shift 37
	CTE_CARACTER  shift 38
	ID  shift 39
	'!'  shift 40
	'-'  shift 41
	'('  shift 42
	.  error

	expresion  goto 104


state 70
	expresion : expresion MAYORIGUALQUE . expresion  (63)

	CTE_ENTERA  shift 36
	CTE_REAL  shift 37
	CTE_CARACTER  shift 38
	ID  shift 39
	'!'  shift 40
	'-'  shift 41
	'('  shift 42
	.  error

	expresion  goto 105


state 71
	expresion : expresion MENORIGUALQUE . expresion  (64)

	CTE_ENTERA  shift 36
	CTE_REAL  shift 37
	CTE_CARACTER  shift 38
	ID  shift 39
	'!'  shift 40
	'-'  shift 41
	'('  shift 42
	.  error

	expresion  goto 106


state 72
	expresion : expresion DISTINTO . expresion  (65)

	CTE_ENTERA  shift 36
	CTE_REAL  shift 37
	CTE_CARACTER  shift 38
	ID  shift 39
	'!'  shift 40
	'-'  shift 41
	'('  shift 42
	.  error

	expresion  goto 107


state 73
	expresion : expresion IGUALDAD . expresion  (66)

	CTE_ENTERA  shift 36
	CTE_REAL  shift 37
	CTE_CARACTER  shift 38
	ID  shift 39
	'!'  shift 40
	'-'  shift 41
	'('  shift 42
	.  error

	expresion  goto 108


state 74
	expresion : expresion '>' . expresion  (61)

	CTE_ENTERA  shift 36
	CTE_REAL  shift 37
	CTE_CARACTER  shift 38
	ID  shift 39
	'!'  shift 40
	'-'  shift 41
	'('  shift 42
	.  error

	expresion  goto 109


state 75
	expresion : expresion '<' . expresion  (62)

	CTE_ENTERA  shift 36
	CTE_REAL  shift 37
	CTE_CARACTER  shift 38
	ID  shift 39
	'!'  shift 40
	'-'  shift 41
	'('  shift 42
	.  error

	expresion  goto 110


state 76
	expresion : expresion '+' . expresion  (56)

	CTE_ENTERA  shift 36
	CTE_REAL  shift 37
	CTE_CARACTER  shift 38
	ID  shift 39
	'!'  shift 40
	'-'  shift 41
	'('  shift 42
	.  error

	expresion  goto 111


state 77
	expresion : expresion '-' . expresion  (59)

	CTE_ENTERA  shift 36
	CTE_REAL  shift 37
	CTE_CARACTER  shift 38
	ID  shift 39
	'!'  shift 40
	'-'  shift 41
	'('  shift 42
	.  error

	expresion  goto 112


state 78
	expresion : expresion '*' . expresion  (57)

	CTE_ENTERA  shift 36
	CTE_REAL  shift 37
	CTE_CARACTER  shift 38
	ID  shift 39
	'!'  shift 40
	'-'  shift 41
	'('  shift 42
	.  error

	expresion  goto 113


state 79
	expresion : expresion '/' . expresion  (58)

	CTE_ENTERA  shift 36
	CTE_REAL  shift 37
	CTE_CARACTER  shift 38
	ID  shift 39
	'!'  shift 40
	'-'  shift 41
	'('  shift 42
	.  error

	expresion  goto 114


state 80
	expresion : expresion '%' . expresion  (60)

	CTE_ENTERA  shift 36
	CTE_REAL  shift 37
	CTE_CARACTER  shift 38
	ID  shift 39
	'!'  shift 40
	'-'  shift 41
	'('  shift 42
	.  error

	expresion  goto 115


state 81
	expresion : expresion '.' . expresion  (69)

	CTE_ENTERA  shift 36
	CTE_REAL  shift 37
	CTE_CARACTER  shift 38
	ID  shift 39
	'!'  shift 40
	'-'  shift 41
	'('  shift 42
	.  error

	expresion  goto 116


state 82
	expresiones : expresion ';' .  (49)

	.  reduce 49


state 83
	expresiones : expresiones ',' . expresion  (48)

	CTE_ENTERA  shift 36
	CTE_REAL  shift 37
	CTE_CARACTER  shift 38
	ID  shift 39
	'!'  shift 40
	'-'  shift 41
	'('  shift 42
	.  error

	expresion  goto 117


state 84
	sentencia : WHILE '(' expresion . ')' '{' sentencias '}'  (26)
	expresion : expresion . '+' expresion  (56)
	expresion : expresion . '*' expresion  (57)
	expresion : expresion . '/' expresion  (58)
	expresion : expresion . '-' expresion  (59)
	expresion : expresion . '%' expresion  (60)
	expresion : expresion . '>' expresion  (61)
	expresion : expresion . '<' expresion  (62)
	expresion : expresion . MAYORIGUALQUE expresion  (63)
	expresion : expresion . MENORIGUALQUE expresion  (64)
	expresion : expresion . DISTINTO expresion  (65)
	expresion : expresion . IGUALDAD expresion  (66)
	expresion : expresion . Y expresion  (67)
	expresion : expresion . O expresion  (68)
	expresion : expresion . '.' expresion  (69)

	Y  shift 68
	O  shift 69
	MAYORIGUALQUE  shift 70
	MENORIGUALQUE  shift 71
	DISTINTO  shift 72
	IGUALDAD  shift 73
	'>'  shift 74
	'<'  shift 75
	'+'  shift 76
	'-'  shift 77
	'*'  shift 78
	'/'  shift 79
	'%'  shift 80
	'.'  shift 81
	')'  shift 118
	.  error


state 85
	sentencia : IF '(' expresion . ')' '{' sentencias '}'  (27)
	sentencia : IF '(' expresion . ')' sentencia  (28)
	sentencia : IF '(' expresion . ')' '{' sentencias '}' ELSE '{' sentencias '}'  (29)
	sentencia : IF '(' expresion . ')' sentencia ELSE sentencia  (30)
	expresion : expresion . '+' expresion  (56)
	expresion : expresion . '*' expresion  (57)
	expresion : expresion . '/' expresion  (58)
	expresion : expresion . '-' expresion  (59)
	expresion : expresion . '%' expresion  (60)
	expresion : expresion . '>' expresion  (61)
	expresion : expresion . '<' expresion  (62)
	expresion : expresion . MAYORIGUALQUE expresion  (63)
	expresion : expresion . MENORIGUALQUE expresion  (64)
	expresion : expresion . DISTINTO expresion  (65)
	expresion : expresion . IGUALDAD expresion  (66)
	expresion : expresion . Y expresion  (67)
	expresion : expresion . O expresion  (68)
	expresion : expresion . '.' expresion  (69)

	Y  shift 68
	O  shift 69
	MAYORIGUALQUE  shift 70
	MENORIGUALQUE  shift 71
	DISTINTO  shift 72
	IGUALDAD  shift 73
	'>'  shift 74
	'<'  shift 75
	'+'  shift 76
	'-'  shift 77
	'*'  shift 78
	'/'  shift 79
	'%'  shift 80
	'.'  shift 81
	')'  shift 119
	.  error


state 86
	llamadaVariable : ID .  (42)
	llamadaVariable : ID . '[' CTE_ENTERA ']'  (43)
	llamadaVariable : ID . '[' CTE_ENTERA ']' '[' CTE_ENTERA ']'  (44)

	'['  shift 49
	INT  reduce 42
	DOUBLE  reduce 42
	CHAR  reduce 42
	STRUCT  reduce 42
	ID  reduce 42
	'}'  reduce 42


state 87
	campos : llamadaVariable .  (40)

	.  reduce 40


state 88
	campos : declaracionVariable .  (41)

	.  reduce 41


state 89
	estructura : STRUCT '{' campos . '}' ID  (36)
	campos : campos . estructura  (37)
	campos : campos . llamadaVariable  (38)
	campos : campos . declaracionVariable  (39)

	INT  shift 3
	DOUBLE  shift 4
	CHAR  shift 5
	STRUCT  shift 26
	ID  shift 86
	'}'  shift 120
	.  error

	tipoSimple  goto 29
	llamadaVariable  goto 121
	declaracionVariable  goto 122
	estructura  goto 123


state 90
	llamadaVariable : ID '[' CTE_ENTERA . ']'  (43)
	llamadaVariable : ID '[' CTE_ENTERA . ']' '[' CTE_ENTERA ']'  (44)

	']'  shift 124
	.  error


state 91
	sentencia : ID '.' ID . '=' expresion ';'  (24)

	'='  shift 125
	.  error


state 92
	sentencia : ID '(' parametroLlamada . ')' ';'  (33)
	parametroLlamada : parametroLlamada . ',' tipoParametro  (34)

	')'  shift 126
	','  shift 127
	.  error


state 93
	declaracionVariable : tipoSimple '[' CTE_ENTERA . ']' identificador ';'  (46)
	declaracionVariable : tipoSimple '[' CTE_ENTERA . ']' '[' CTE_ENTERA ']' identificador ';'  (47)

	']'  shift 128
	.  error


state 94
	identificador : identificador ',' . ID  (74)

	ID  shift 129
	.  error


state 95
	declaracionVariable : tipoSimple identificador ';' .  (45)

	.  reduce 45


state 96
	sentencia : llamadaVariable '=' expresion . ';'  (22)
	expresion : expresion . '+' expresion  (56)
	expresion : expresion . '*' expresion  (57)
	expresion : expresion . '/' expresion  (58)
	expresion : expresion . '-' expresion  (59)
	expresion : expresion . '%' expresion  (60)
	expresion : expresion . '>' expresion  (61)
	expresion : expresion . '<' expresion  (62)
	expresion : expresion . MAYORIGUALQUE expresion  (63)
	expresion : expresion . MENORIGUALQUE expresion  (64)
	expresion : expresion . DISTINTO expresion  (65)
	expresion : expresion . IGUALDAD expresion  (66)
	expresion : expresion . Y expresion  (67)
	expresion : expresion . O expresion  (68)
	expresion : expresion . '.' expresion  (69)

	Y  shift 68
	O  shift 69
	MAYORIGUALQUE  shift 70
	MENORIGUALQUE  shift 71
	DISTINTO  shift 72
	IGUALDAD  shift 73
	'>'  shift 74
	'<'  shift 75
	'+'  shift 76
	'-'  shift 77
	'*'  shift 78
	'/'  shift 79
	'%'  shift 80
	'.'  shift 81
	';'  shift 130
	.  error


state 97
	sentencia : declaracionVariable '=' expresion . ';'  (23)
	expresion : expresion . '+' expresion  (56)
	expresion : expresion . '*' expresion  (57)
	expresion : expresion . '/' expresion  (58)
	expresion : expresion . '-' expresion  (59)
	expresion : expresion . '%' expresion  (60)
	expresion : expresion . '>' expresion  (61)
	expresion : expresion . '<' expresion  (62)
	expresion : expresion . MAYORIGUALQUE expresion  (63)
	expresion : expresion . MENORIGUALQUE expresion  (64)
	expresion : expresion . DISTINTO expresion  (65)
	expresion : expresion . IGUALDAD expresion  (66)
	expresion : expresion . Y expresion  (67)
	expresion : expresion . O expresion  (68)
	expresion : expresion . '.' expresion  (69)

	Y  shift 68
	O  shift 69
	MAYORIGUALQUE  shift 70
	MENORIGUALQUE  shift 71
	DISTINTO  shift 72
	IGUALDAD  shift 73
	'>'  shift 74
	'<'  shift 75
	'+'  shift 76
	'-'  shift 77
	'*'  shift 78
	'/'  shift 79
	'%'  shift 80
	'.'  shift 81
	';'  shift 131
	.  error


state 98
	cuerpo : variables sentencias . retorno  (12)
	sentencias : sentencias . sentencia  (18)
	retorno : .  (15)

	READ  shift 22
	WRITE  shift 23
	WHILE  shift 24
	IF  shift 25
	INT  shift 3
	DOUBLE  shift 4
	CHAR  shift 5
	STRUCT  shift 26
	RETURN  shift 132
	ID  shift 27
	'}'  reduce 15

	tipoSimple  goto 29
	retorno  goto 133
	sentencia  goto 53
	llamadaVariable  goto 31
	declaracionVariable  goto 32
	estructura  goto 33


state 99
	funcion : tipoFuncion ID '(' parametro ')' '{' cuerpo '}' .  (5)

	.  reduce 5


state 100
	expresion : ID '[' CTE_ENTERA . ']'  (51)
	expresion : ID '[' CTE_ENTERA . ']' '[' CTE_ENTERA ']'  (52)

	']'  shift 134
	.  error


state 101
	expresion : '(' tipoSimple ')' . ID  (73)

	ID  shift 135
	.  error


state 102
	expresion : '(' expresion ')' .  (72)

	.  reduce 72


state 103
	expresion : expresion . '+' expresion  (56)
	expresion : expresion . '*' expresion  (57)
	expresion : expresion . '/' expresion  (58)
	expresion : expresion . '-' expresion  (59)
	expresion : expresion . '%' expresion  (60)
	expresion : expresion . '>' expresion  (61)
	expresion : expresion . '<' expresion  (62)
	expresion : expresion . MAYORIGUALQUE expresion  (63)
	expresion : expresion . MENORIGUALQUE expresion  (64)
	expresion : expresion . DISTINTO expresion  (65)
	expresion : expresion . IGUALDAD expresion  (66)
	expresion : expresion . Y expresion  (67)
	expresion : expresion Y expresion .  (67)
	expresion : expresion . O expresion  (68)
	expresion : expresion . '.' expresion  (69)

	MAYORIGUALQUE  shift 70
	MENORIGUALQUE  shift 71
	DISTINTO  shift 72
	IGUALDAD  shift 73
	'>'  shift 74
	'<'  shift 75
	'+'  shift 76
	'-'  shift 77
	'*'  shift 78
	'/'  shift 79
	'%'  shift 80
	'.'  shift 81
	READ  reduce 67
	WRITE  reduce 67
	WHILE  reduce 67
	IF  reduce 67
	ELSE  reduce 67
	INT  reduce 67
	DOUBLE  reduce 67
	CHAR  reduce 67
	STRUCT  reduce 67
	RETURN  reduce 67
	ID  reduce 67
	Y  reduce 67
	O  reduce 67
	')'  reduce 67
	'}'  reduce 67
	','  reduce 67
	';'  reduce 67


state 104
	expresion : expresion . '+' expresion  (56)
	expresion : expresion . '*' expresion  (57)
	expresion : expresion . '/' expresion  (58)
	expresion : expresion . '-' expresion  (59)
	expresion : expresion . '%' expresion  (60)
	expresion : expresion . '>' expresion  (61)
	expresion : expresion . '<' expresion  (62)
	expresion : expresion . MAYORIGUALQUE expresion  (63)
	expresion : expresion . MENORIGUALQUE expresion  (64)
	expresion : expresion . DISTINTO expresion  (65)
	expresion : expresion . IGUALDAD expresion  (66)
	expresion : expresion . Y expresion  (67)
	expresion : expresion . O expresion  (68)
	expresion : expresion O expresion .  (68)
	expresion : expresion . '.' expresion  (69)

	MAYORIGUALQUE  shift 70
	MENORIGUALQUE  shift 71
	DISTINTO  shift 72
	IGUALDAD  shift 73
	'>'  shift 74
	'<'  shift 75
	'+'  shift 76
	'-'  shift 77
	'*'  shift 78
	'/'  shift 79
	'%'  shift 80
	'.'  shift 81
	READ  reduce 68
	WRITE  reduce 68
	WHILE  reduce 68
	IF  reduce 68
	ELSE  reduce 68
	INT  reduce 68
	DOUBLE  reduce 68
	CHAR  reduce 68
	STRUCT  reduce 68
	RETURN  reduce 68
	ID  reduce 68
	Y  reduce 68
	O  reduce 68
	')'  reduce 68
	'}'  reduce 68
	','  reduce 68
	';'  reduce 68


state 105
	expresion : expresion . '+' expresion  (56)
	expresion : expresion . '*' expresion  (57)
	expresion : expresion . '/' expresion  (58)
	expresion : expresion . '-' expresion  (59)
	expresion : expresion . '%' expresion  (60)
	expresion : expresion . '>' expresion  (61)
	expresion : expresion . '<' expresion  (62)
	expresion : expresion . MAYORIGUALQUE expresion  (63)
	expresion : expresion MAYORIGUALQUE expresion .  (63)
	expresion : expresion . MENORIGUALQUE expresion  (64)
	expresion : expresion . DISTINTO expresion  (65)
	expresion : expresion . IGUALDAD expresion  (66)
	expresion : expresion . Y expresion  (67)
	expresion : expresion . O expresion  (68)
	expresion : expresion . '.' expresion  (69)

	'+'  shift 76
	'-'  shift 77
	'*'  shift 78
	'/'  shift 79
	'%'  shift 80
	'.'  shift 81
	READ  reduce 63
	WRITE  reduce 63
	WHILE  reduce 63
	IF  reduce 63
	ELSE  reduce 63
	INT  reduce 63
	DOUBLE  reduce 63
	CHAR  reduce 63
	STRUCT  reduce 63
	RETURN  reduce 63
	ID  reduce 63
	Y  reduce 63
	O  reduce 63
	MAYORIGUALQUE  reduce 63
	MENORIGUALQUE  reduce 63
	DISTINTO  reduce 63
	IGUALDAD  reduce 63
	'>'  reduce 63
	'<'  reduce 63
	')'  reduce 63
	'}'  reduce 63
	','  reduce 63
	';'  reduce 63


state 106
	expresion : expresion . '+' expresion  (56)
	expresion : expresion . '*' expresion  (57)
	expresion : expresion . '/' expresion  (58)
	expresion : expresion . '-' expresion  (59)
	expresion : expresion . '%' expresion  (60)
	expresion : expresion . '>' expresion  (61)
	expresion : expresion . '<' expresion  (62)
	expresion : expresion . MAYORIGUALQUE expresion  (63)
	expresion : expresion . MENORIGUALQUE expresion  (64)
	expresion : expresion MENORIGUALQUE expresion .  (64)
	expresion : expresion . DISTINTO expresion  (65)
	expresion : expresion . IGUALDAD expresion  (66)
	expresion : expresion . Y expresion  (67)
	expresion : expresion . O expresion  (68)
	expresion : expresion . '.' expresion  (69)

	'+'  shift 76
	'-'  shift 77
	'*'  shift 78
	'/'  shift 79
	'%'  shift 80
	'.'  shift 81
	READ  reduce 64
	WRITE  reduce 64
	WHILE  reduce 64
	IF  reduce 64
	ELSE  reduce 64
	INT  reduce 64
	DOUBLE  reduce 64
	CHAR  reduce 64
	STRUCT  reduce 64
	RETURN  reduce 64
	ID  reduce 64
	Y  reduce 64
	O  reduce 64
	MAYORIGUALQUE  reduce 64
	MENORIGUALQUE  reduce 64
	DISTINTO  reduce 64
	IGUALDAD  reduce 64
	'>'  reduce 64
	'<'  reduce 64
	')'  reduce 64
	'}'  reduce 64
	','  reduce 64
	';'  reduce 64


state 107
	expresion : expresion . '+' expresion  (56)
	expresion : expresion . '*' expresion  (57)
	expresion : expresion . '/' expresion  (58)
	expresion : expresion . '-' expresion  (59)
	expresion : expresion . '%' expresion  (60)
	expresion : expresion . '>' expresion  (61)
	expresion : expresion . '<' expresion  (62)
	expresion : expresion . MAYORIGUALQUE expresion  (63)
	expresion : expresion . MENORIGUALQUE expresion  (64)
	expresion : expresion . DISTINTO expresion  (65)
	expresion : expresion DISTINTO expresion .  (65)
	expresion : expresion . IGUALDAD expresion  (66)
	expresion : expresion . Y expresion  (67)
	expresion : expresion . O expresion  (68)
	expresion : expresion . '.' expresion  (69)

	'+'  shift 76
	'-'  shift 77
	'*'  shift 78
	'/'  shift 79
	'%'  shift 80
	'.'  shift 81
	READ  reduce 65
	WRITE  reduce 65
	WHILE  reduce 65
	IF  reduce 65
	ELSE  reduce 65
	INT  reduce 65
	DOUBLE  reduce 65
	CHAR  reduce 65
	STRUCT  reduce 65
	RETURN  reduce 65
	ID  reduce 65
	Y  reduce 65
	O  reduce 65
	MAYORIGUALQUE  reduce 65
	MENORIGUALQUE  reduce 65
	DISTINTO  reduce 65
	IGUALDAD  reduce 65
	'>'  reduce 65
	'<'  reduce 65
	')'  reduce 65
	'}'  reduce 65
	','  reduce 65
	';'  reduce 65


state 108
	expresion : expresion . '+' expresion  (56)
	expresion : expresion . '*' expresion  (57)
	expresion : expresion . '/' expresion  (58)
	expresion : expresion . '-' expresion  (59)
	expresion : expresion . '%' expresion  (60)
	expresion : expresion . '>' expresion  (61)
	expresion : expresion . '<' expresion  (62)
	expresion : expresion . MAYORIGUALQUE expresion  (63)
	expresion : expresion . MENORIGUALQUE expresion  (64)
	expresion : expresion . DISTINTO expresion  (65)
	expresion : expresion . IGUALDAD expresion  (66)
	expresion : expresion IGUALDAD expresion .  (66)
	expresion : expresion . Y expresion  (67)
	expresion : expresion . O expresion  (68)
	expresion : expresion . '.' expresion  (69)

	'+'  shift 76
	'-'  shift 77
	'*'  shift 78
	'/'  shift 79
	'%'  shift 80
	'.'  shift 81
	READ  reduce 66
	WRITE  reduce 66
	WHILE  reduce 66
	IF  reduce 66
	ELSE  reduce 66
	INT  reduce 66
	DOUBLE  reduce 66
	CHAR  reduce 66
	STRUCT  reduce 66
	RETURN  reduce 66
	ID  reduce 66
	Y  reduce 66
	O  reduce 66
	MAYORIGUALQUE  reduce 66
	MENORIGUALQUE  reduce 66
	DISTINTO  reduce 66
	IGUALDAD  reduce 66
	'>'  reduce 66
	'<'  reduce 66
	')'  reduce 66
	'}'  reduce 66
	','  reduce 66
	';'  reduce 66


state 109
	expresion : expresion . '+' expresion  (56)
	expresion : expresion . '*' expresion  (57)
	expresion : expresion . '/' expresion  (58)
	expresion : expresion . '-' expresion  (59)
	expresion : expresion . '%' expresion  (60)
	expresion : expresion . '>' expresion  (61)
	expresion : expresion '>' expresion .  (61)
	expresion : expresion . '<' expresion  (62)
	expresion : expresion . MAYORIGUALQUE expresion  (63)
	expresion : expresion . MENORIGUALQUE expresion  (64)
	expresion : expresion . DISTINTO expresion  (65)
	expresion : expresion . IGUALDAD expresion  (66)
	expresion : expresion . Y expresion  (67)
	expresion : expresion . O expresion  (68)
	expresion : expresion . '.' expresion  (69)

	'+'  shift 76
	'-'  shift 77
	'*'  shift 78
	'/'  shift 79
	'%'  shift 80
	'.'  shift 81
	READ  reduce 61
	WRITE  reduce 61
	WHILE  reduce 61
	IF  reduce 61
	ELSE  reduce 61
	INT  reduce 61
	DOUBLE  reduce 61
	CHAR  reduce 61
	STRUCT  reduce 61
	RETURN  reduce 61
	ID  reduce 61
	Y  reduce 61
	O  reduce 61
	MAYORIGUALQUE  reduce 61
	MENORIGUALQUE  reduce 61
	DISTINTO  reduce 61
	IGUALDAD  reduce 61
	'>'  reduce 61
	'<'  reduce 61
	')'  reduce 61
	'}'  reduce 61
	','  reduce 61
	';'  reduce 61


state 110
	expresion : expresion . '+' expresion  (56)
	expresion : expresion . '*' expresion  (57)
	expresion : expresion . '/' expresion  (58)
	expresion : expresion . '-' expresion  (59)
	expresion : expresion . '%' expresion  (60)
	expresion : expresion . '>' expresion  (61)
	expresion : expresion . '<' expresion  (62)
	expresion : expresion '<' expresion .  (62)
	expresion : expresion . MAYORIGUALQUE expresion  (63)
	expresion : expresion . MENORIGUALQUE expresion  (64)
	expresion : expresion . DISTINTO expresion  (65)
	expresion : expresion . IGUALDAD expresion  (66)
	expresion : expresion . Y expresion  (67)
	expresion : expresion . O expresion  (68)
	expresion : expresion . '.' expresion  (69)

	'+'  shift 76
	'-'  shift 77
	'*'  shift 78
	'/'  shift 79
	'%'  shift 80
	'.'  shift 81
	READ  reduce 62
	WRITE  reduce 62
	WHILE  reduce 62
	IF  reduce 62
	ELSE  reduce 62
	INT  reduce 62
	DOUBLE  reduce 62
	CHAR  reduce 62
	STRUCT  reduce 62
	RETURN  reduce 62
	ID  reduce 62
	Y  reduce 62
	O  reduce 62
	MAYORIGUALQUE  reduce 62
	MENORIGUALQUE  reduce 62
	DISTINTO  reduce 62
	IGUALDAD  reduce 62
	'>'  reduce 62
	'<'  reduce 62
	')'  reduce 62
	'}'  reduce 62
	','  reduce 62
	';'  reduce 62


state 111
	expresion : expresion . '+' expresion  (56)
	expresion : expresion '+' expresion .  (56)
	expresion : expresion . '*' expresion  (57)
	expresion : expresion . '/' expresion  (58)
	expresion : expresion . '-' expresion  (59)
	expresion : expresion . '%' expresion  (60)
	expresion : expresion . '>' expresion  (61)
	expresion : expresion . '<' expresion  (62)
	expresion : expresion . MAYORIGUALQUE expresion  (63)
	expresion : expresion . MENORIGUALQUE expresion  (64)
	expresion : expresion . DISTINTO expresion  (65)
	expresion : expresion . IGUALDAD expresion  (66)
	expresion : expresion . Y expresion  (67)
	expresion : expresion . O expresion  (68)
	expresion : expresion . '.' expresion  (69)

	'*'  shift 78
	'/'  shift 79
	'%'  shift 80
	'.'  shift 81
	READ  reduce 56
	WRITE  reduce 56
	WHILE  reduce 56
	IF  reduce 56
	ELSE  reduce 56
	INT  reduce 56
	DOUBLE  reduce 56
	CHAR  reduce 56
	STRUCT  reduce 56
	RETURN  reduce 56
	ID  reduce 56
	Y  reduce 56
	O  reduce 56
	MAYORIGUALQUE  reduce 56
	MENORIGUALQUE  reduce 56
	DISTINTO  reduce 56
	IGUALDAD  reduce 56
	'>'  reduce 56
	'<'  reduce 56
	'+'  reduce 56
	'-'  reduce 56
	')'  reduce 56
	'}'  reduce 56
	','  reduce 56
	';'  reduce 56


state 112
	expresion : expresion . '+' expresion  (56)
	expresion : expresion . '*' expresion  (57)
	expresion : expresion . '/' expresion  (58)
	expresion : expresion . '-' expresion  (59)
	expresion : expresion '-' expresion .  (59)
	expresion : expresion . '%' expresion  (60)
	expresion : expresion . '>' expresion  (61)
	expresion : expresion . '<' expresion  (62)
	expresion : expresion . MAYORIGUALQUE expresion  (63)
	expresion : expresion . MENORIGUALQUE expresion  (64)
	expresion : expresion . DISTINTO expresion  (65)
	expresion : expresion . IGUALDAD expresion  (66)
	expresion : expresion . Y expresion  (67)
	expresion : expresion . O expresion  (68)
	expresion : expresion . '.' expresion  (69)

	'*'  shift 78
	'/'  shift 79
	'%'  shift 80
	'.'  shift 81
	READ  reduce 59
	WRITE  reduce 59
	WHILE  reduce 59
	IF  reduce 59
	ELSE  reduce 59
	INT  reduce 59
	DOUBLE  reduce 59
	CHAR  reduce 59
	STRUCT  reduce 59
	RETURN  reduce 59
	ID  reduce 59
	Y  reduce 59
	O  reduce 59
	MAYORIGUALQUE  reduce 59
	MENORIGUALQUE  reduce 59
	DISTINTO  reduce 59
	IGUALDAD  reduce 59
	'>'  reduce 59
	'<'  reduce 59
	'+'  reduce 59
	'-'  reduce 59
	')'  reduce 59
	'}'  reduce 59
	','  reduce 59
	';'  reduce 59


state 113
	expresion : expresion . '+' expresion  (56)
	expresion : expresion . '*' expresion  (57)
	expresion : expresion '*' expresion .  (57)
	expresion : expresion . '/' expresion  (58)
	expresion : expresion . '-' expresion  (59)
	expresion : expresion . '%' expresion  (60)
	expresion : expresion . '>' expresion  (61)
	expresion : expresion . '<' expresion  (62)
	expresion : expresion . MAYORIGUALQUE expresion  (63)
	expresion : expresion . MENORIGUALQUE expresion  (64)
	expresion : expresion . DISTINTO expresion  (65)
	expresion : expresion . IGUALDAD expresion  (66)
	expresion : expresion . Y expresion  (67)
	expresion : expresion . O expresion  (68)
	expresion : expresion . '.' expresion  (69)

	'.'  shift 81
	READ  reduce 57
	WRITE  reduce 57
	WHILE  reduce 57
	IF  reduce 57
	ELSE  reduce 57
	INT  reduce 57
	DOUBLE  reduce 57
	CHAR  reduce 57
	STRUCT  reduce 57
	RETURN  reduce 57
	ID  reduce 57
	Y  reduce 57
	O  reduce 57
	MAYORIGUALQUE  reduce 57
	MENORIGUALQUE  reduce 57
	DISTINTO  reduce 57
	IGUALDAD  reduce 57
	'>'  reduce 57
	'<'  reduce 57
	'+'  reduce 57
	'-'  reduce 57
	'*'  reduce 57
	'/'  reduce 57
	'%'  reduce 57
	')'  reduce 57
	'}'  reduce 57
	','  reduce 57
	';'  reduce 57


state 114
	expresion : expresion . '+' expresion  (56)
	expresion : expresion . '*' expresion  (57)
	expresion : expresion . '/' expresion  (58)
	expresion : expresion '/' expresion .  (58)
	expresion : expresion . '-' expresion  (59)
	expresion : expresion . '%' expresion  (60)
	expresion : expresion . '>' expresion  (61)
	expresion : expresion . '<' expresion  (62)
	expresion : expresion . MAYORIGUALQUE expresion  (63)
	expresion : expresion . MENORIGUALQUE expresion  (64)
	expresion : expresion . DISTINTO expresion  (65)
	expresion : expresion . IGUALDAD expresion  (66)
	expresion : expresion . Y expresion  (67)
	expresion : expresion . O expresion  (68)
	expresion : expresion . '.' expresion  (69)

	'.'  shift 81
	READ  reduce 58
	WRITE  reduce 58
	WHILE  reduce 58
	IF  reduce 58
	ELSE  reduce 58
	INT  reduce 58
	DOUBLE  reduce 58
	CHAR  reduce 58
	STRUCT  reduce 58
	RETURN  reduce 58
	ID  reduce 58
	Y  reduce 58
	O  reduce 58
	MAYORIGUALQUE  reduce 58
	MENORIGUALQUE  reduce 58
	DISTINTO  reduce 58
	IGUALDAD  reduce 58
	'>'  reduce 58
	'<'  reduce 58
	'+'  reduce 58
	'-'  reduce 58
	'*'  reduce 58
	'/'  reduce 58
	'%'  reduce 58
	')'  reduce 58
	'}'  reduce 58
	','  reduce 58
	';'  reduce 58


state 115
	expresion : expresion . '+' expresion  (56)
	expresion : expresion . '*' expresion  (57)
	expresion : expresion . '/' expresion  (58)
	expresion : expresion . '-' expresion  (59)
	expresion : expresion . '%' expresion  (60)
	expresion : expresion '%' expresion .  (60)
	expresion : expresion . '>' expresion  (61)
	expresion : expresion . '<' expresion  (62)
	expresion : expresion . MAYORIGUALQUE expresion  (63)
	expresion : expresion . MENORIGUALQUE expresion  (64)
	expresion : expresion . DISTINTO expresion  (65)
	expresion : expresion . IGUALDAD expresion  (66)
	expresion : expresion . Y expresion  (67)
	expresion : expresion . O expresion  (68)
	expresion : expresion . '.' expresion  (69)

	'.'  shift 81
	READ  reduce 60
	WRITE  reduce 60
	WHILE  reduce 60
	IF  reduce 60
	ELSE  reduce 60
	INT  reduce 60
	DOUBLE  reduce 60
	CHAR  reduce 60
	STRUCT  reduce 60
	RETURN  reduce 60
	ID  reduce 60
	Y  reduce 60
	O  reduce 60
	MAYORIGUALQUE  reduce 60
	MENORIGUALQUE  reduce 60
	DISTINTO  reduce 60
	IGUALDAD  reduce 60
	'>'  reduce 60
	'<'  reduce 60
	'+'  reduce 60
	'-'  reduce 60
	'*'  reduce 60
	'/'  reduce 60
	'%'  reduce 60
	')'  reduce 60
	'}'  reduce 60
	','  reduce 60
	';'  reduce 60


state 116
	expresion : expresion . '+' expresion  (56)
	expresion : expresion . '*' expresion  (57)
	expresion : expresion . '/' expresion  (58)
	expresion : expresion . '-' expresion  (59)
	expresion : expresion . '%' expresion  (60)
	expresion : expresion . '>' expresion  (61)
	expresion : expresion . '<' expresion  (62)
	expresion : expresion . MAYORIGUALQUE expresion  (63)
	expresion : expresion . MENORIGUALQUE expresion  (64)
	expresion : expresion . DISTINTO expresion  (65)
	expresion : expresion . IGUALDAD expresion  (66)
	expresion : expresion . Y expresion  (67)
	expresion : expresion . O expresion  (68)
	expresion : expresion . '.' expresion  (69)
	expresion : expresion '.' expresion .  (69)

	.  reduce 69


state 117
	expresiones : expresiones ',' expresion .  (48)
	expresion : expresion . '+' expresion  (56)
	expresion : expresion . '*' expresion  (57)
	expresion : expresion . '/' expresion  (58)
	expresion : expresion . '-' expresion  (59)
	expresion : expresion . '%' expresion  (60)
	expresion : expresion . '>' expresion  (61)
	expresion : expresion . '<' expresion  (62)
	expresion : expresion . MAYORIGUALQUE expresion  (63)
	expresion : expresion . MENORIGUALQUE expresion  (64)
	expresion : expresion . DISTINTO expresion  (65)
	expresion : expresion . IGUALDAD expresion  (66)
	expresion : expresion . Y expresion  (67)
	expresion : expresion . O expresion  (68)
	expresion : expresion . '.' expresion  (69)

	Y  shift 68
	O  shift 69
	MAYORIGUALQUE  shift 70
	MENORIGUALQUE  shift 71
	DISTINTO  shift 72
	IGUALDAD  shift 73
	'>'  shift 74
	'<'  shift 75
	'+'  shift 76
	'-'  shift 77
	'*'  shift 78
	'/'  shift 79
	'%'  shift 80
	'.'  shift 81
	READ  reduce 48
	WRITE  reduce 48
	WHILE  reduce 48
	IF  reduce 48
	ELSE  reduce 48
	INT  reduce 48
	DOUBLE  reduce 48
	CHAR  reduce 48
	STRUCT  reduce 48
	RETURN  reduce 48
	ID  reduce 48
	'}'  reduce 48
	','  reduce 48


state 118
	sentencia : WHILE '(' expresion ')' . '{' sentencias '}'  (26)

	'{'  shift 136
	.  error


state 119
	sentencia : IF '(' expresion ')' . '{' sentencias '}'  (27)
	sentencia : IF '(' expresion ')' . sentencia  (28)
	sentencia : IF '(' expresion ')' . '{' sentencias '}' ELSE '{' sentencias '}'  (29)
	sentencia : IF '(' expresion ')' . sentencia ELSE sentencia  (30)

	READ  shift 22
	WRITE  shift 23
	WHILE  shift 24
	IF  shift 25
	INT  shift 3
	DOUBLE  shift 4
	CHAR  shift 5
	STRUCT  shift 26
	ID  shift 27
	'{'  shift 137
	.  error

	tipoSimple  goto 29
	sentencia  goto 138
	llamadaVariable  goto 31
	declaracionVariable  goto 32
	estructura  goto 33


state 120
	estructura : STRUCT '{' campos '}' . ID  (36)

	ID  shift 139
	.  error


state 121
	campos : campos llamadaVariable .  (38)

	.  reduce 38


state 122
	campos : campos declaracionVariable .  (39)

	.  reduce 39


state 123
	campos : campos estructura .  (37)

	.  reduce 37


state 124
	llamadaVariable : ID '[' CTE_ENTERA ']' .  (43)
	llamadaVariable : ID '[' CTE_ENTERA ']' . '[' CTE_ENTERA ']'  (44)

	'['  shift 140
	READ  reduce 43
	WRITE  reduce 43
	WHILE  reduce 43
	IF  reduce 43
	ELSE  reduce 43
	INT  reduce 43
	DOUBLE  reduce 43
	CHAR  reduce 43
	STRUCT  reduce 43
	RETURN  reduce 43
	ID  reduce 43
	'='  reduce 43
	'}'  reduce 43


state 125
	sentencia : ID '.' ID '=' . expresion ';'  (24)

	CTE_ENTERA  shift 36
	CTE_REAL  shift 37
	CTE_CARACTER  shift 38
	ID  shift 39
	'!'  shift 40
	'-'  shift 41
	'('  shift 42
	.  error

	expresion  goto 141


state 126
	sentencia : ID '(' parametroLlamada ')' . ';'  (33)

	';'  shift 142
	.  error


state 127
	parametroLlamada : parametroLlamada ',' . tipoParametro  (34)

	CTE_ENTERA  shift 143
	CTE_REAL  shift 144
	ID  shift 145
	.  error

	tipoParametro  goto 146


state 128
	declaracionVariable : tipoSimple '[' CTE_ENTERA ']' . identificador ';'  (46)
	declaracionVariable : tipoSimple '[' CTE_ENTERA ']' . '[' CTE_ENTERA ']' identificador ';'  (47)

	ID  shift 54
	'['  shift 147
	.  error

	identificador  goto 148


state 129
	identificador : identificador ',' ID .  (74)

	.  reduce 74


state 130
	sentencia : llamadaVariable '=' expresion ';' .  (22)

	.  reduce 22


state 131
	sentencia : declaracionVariable '=' expresion ';' .  (23)

	.  reduce 23


state 132
	retorno : RETURN . expresion ';'  (14)

	CTE_ENTERA  shift 36
	CTE_REAL  shift 37
	CTE_CARACTER  shift 38
	ID  shift 39
	'!'  shift 40
	'-'  shift 41
	'('  shift 42
	.  error

	expresion  goto 149


state 133
	cuerpo : variables sentencias retorno .  (12)

	.  reduce 12


state 134
	expresion : ID '[' CTE_ENTERA ']' .  (51)
	expresion : ID '[' CTE_ENTERA ']' . '[' CTE_ENTERA ']'  (52)

	'['  shift 150
	READ  reduce 51
	WRITE  reduce 51
	WHILE  reduce 51
	IF  reduce 51
	ELSE  reduce 51
	INT  reduce 51
	DOUBLE  reduce 51
	CHAR  reduce 51
	STRUCT  reduce 51
	RETURN  reduce 51
	ID  reduce 51
	Y  reduce 51
	O  reduce 51
	MAYORIGUALQUE  reduce 51
	MENORIGUALQUE  reduce 51
	DISTINTO  reduce 51
	IGUALDAD  reduce 51
	'>'  reduce 51
	'<'  reduce 51
	'+'  reduce 51
	'-'  reduce 51
	'*'  reduce 51
	'/'  reduce 51
	'%'  reduce 51
	'.'  reduce 51
	')'  reduce 51
	'}'  reduce 51
	','  reduce 51
	';'  reduce 51


state 135
	expresion : '(' tipoSimple ')' ID .  (73)

	.  reduce 73


state 136
	sentencia : WHILE '(' expresion ')' '{' . sentencias '}'  (26)

	READ  shift 22
	WRITE  shift 23
	WHILE  shift 24
	IF  shift 25
	INT  shift 3
	DOUBLE  shift 4
	CHAR  shift 5
	STRUCT  shift 26
	ID  shift 27
	.  error

	sentencias  goto 151
	tipoSimple  goto 29
	sentencia  goto 30
	llamadaVariable  goto 31
	declaracionVariable  goto 32
	estructura  goto 33


state 137
	sentencia : IF '(' expresion ')' '{' . sentencias '}'  (27)
	sentencia : IF '(' expresion ')' '{' . sentencias '}' ELSE '{' sentencias '}'  (29)

	READ  shift 22
	WRITE  shift 23
	WHILE  shift 24
	IF  shift 25
	INT  shift 3
	DOUBLE  shift 4
	CHAR  shift 5
	STRUCT  shift 26
	ID  shift 27
	.  error

	sentencias  goto 152
	tipoSimple  goto 29
	sentencia  goto 30
	llamadaVariable  goto 31
	declaracionVariable  goto 32
	estructura  goto 33


138: shift/reduce conflict (shift 153, reduce 28) on ELSE
state 138
	sentencia : IF '(' expresion ')' sentencia .  (28)
	sentencia : IF '(' expresion ')' sentencia . ELSE sentencia  (30)

	ELSE  shift 153
	READ  reduce 28
	WRITE  reduce 28
	WHILE  reduce 28
	IF  reduce 28
	INT  reduce 28
	DOUBLE  reduce 28
	CHAR  reduce 28
	STRUCT  reduce 28
	RETURN  reduce 28
	ID  reduce 28
	'}'  reduce 28


state 139
	estructura : STRUCT '{' campos '}' ID .  (36)

	.  reduce 36


state 140
	llamadaVariable : ID '[' CTE_ENTERA ']' '[' . CTE_ENTERA ']'  (44)

	CTE_ENTERA  shift 154
	.  error


state 141
	sentencia : ID '.' ID '=' expresion . ';'  (24)
	expresion : expresion . '+' expresion  (56)
	expresion : expresion . '*' expresion  (57)
	expresion : expresion . '/' expresion  (58)
	expresion : expresion . '-' expresion  (59)
	expresion : expresion . '%' expresion  (60)
	expresion : expresion . '>' expresion  (61)
	expresion : expresion . '<' expresion  (62)
	expresion : expresion . MAYORIGUALQUE expresion  (63)
	expresion : expresion . MENORIGUALQUE expresion  (64)
	expresion : expresion . DISTINTO expresion  (65)
	expresion : expresion . IGUALDAD expresion  (66)
	expresion : expresion . Y expresion  (67)
	expresion : expresion . O expresion  (68)
	expresion : expresion . '.' expresion  (69)

	Y  shift 68
	O  shift 69
	MAYORIGUALQUE  shift 70
	MENORIGUALQUE  shift 71
	DISTINTO  shift 72
	IGUALDAD  shift 73
	'>'  shift 74
	'<'  shift 75
	'+'  shift 76
	'-'  shift 77
	'*'  shift 78
	'/'  shift 79
	'%'  shift 80
	'.'  shift 81
	';'  shift 155
	.  error


state 142
	sentencia : ID '(' parametroLlamada ')' ';' .  (33)

	.  reduce 33


state 143
	tipoParametro : CTE_ENTERA .  (7)

	.  reduce 7


state 144
	tipoParametro : CTE_REAL .  (8)

	.  reduce 8


state 145
	tipoParametro : ID .  (6)

	.  reduce 6


state 146
	parametroLlamada : parametroLlamada ',' tipoParametro .  (34)

	.  reduce 34


state 147
	declaracionVariable : tipoSimple '[' CTE_ENTERA ']' '[' . CTE_ENTERA ']' identificador ';'  (47)

	CTE_ENTERA  shift 156
	.  error


state 148
	declaracionVariable : tipoSimple '[' CTE_ENTERA ']' identificador . ';'  (46)
	identificador : identificador . ',' ID  (74)

	','  shift 94
	';'  shift 157
	.  error


state 149
	retorno : RETURN expresion . ';'  (14)
	expresion : expresion . '+' expresion  (56)
	expresion : expresion . '*' expresion  (57)
	expresion : expresion . '/' expresion  (58)
	expresion : expresion . '-' expresion  (59)
	expresion : expresion . '%' expresion  (60)
	expresion : expresion . '>' expresion  (61)
	expresion : expresion . '<' expresion  (62)
	expresion : expresion . MAYORIGUALQUE expresion  (63)
	expresion : expresion . MENORIGUALQUE expresion  (64)
	expresion : expresion . DISTINTO expresion  (65)
	expresion : expresion . IGUALDAD expresion  (66)
	expresion : expresion . Y expresion  (67)
	expresion : expresion . O expresion  (68)
	expresion : expresion . '.' expresion  (69)

	Y  shift 68
	O  shift 69
	MAYORIGUALQUE  shift 70
	MENORIGUALQUE  shift 71
	DISTINTO  shift 72
	IGUALDAD  shift 73
	'>'  shift 74
	'<'  shift 75
	'+'  shift 76
	'-'  shift 77
	'*'  shift 78
	'/'  shift 79
	'%'  shift 80
	'.'  shift 81
	';'  shift 158
	.  error


state 150
	expresion : ID '[' CTE_ENTERA ']' '[' . CTE_ENTERA ']'  (52)

	CTE_ENTERA  shift 159
	.  error


state 151
	sentencias : sentencias . sentencia  (18)
	sentencia : WHILE '(' expresion ')' '{' sentencias . '}'  (26)

	READ  shift 22
	WRITE  shift 23
	WHILE  shift 24
	IF  shift 25
	INT  shift 3
	DOUBLE  shift 4
	CHAR  shift 5
	STRUCT  shift 26
	ID  shift 27
	'}'  shift 160
	.  error

	tipoSimple  goto 29
	sentencia  goto 53
	llamadaVariable  goto 31
	declaracionVariable  goto 32
	estructura  goto 33


state 152
	sentencias : sentencias . sentencia  (18)
	sentencia : IF '(' expresion ')' '{' sentencias . '}'  (27)
	sentencia : IF '(' expresion ')' '{' sentencias . '}' ELSE '{' sentencias '}'  (29)

	READ  shift 22
	WRITE  shift 23
	WHILE  shift 24
	IF  shift 25
	INT  shift 3
	DOUBLE  shift 4
	CHAR  shift 5
	STRUCT  shift 26
	ID  shift 27
	'}'  shift 161
	.  error

	tipoSimple  goto 29
	sentencia  goto 53
	llamadaVariable  goto 31
	declaracionVariable  goto 32
	estructura  goto 33


state 153
	sentencia : IF '(' expresion ')' sentencia ELSE . sentencia  (30)

	READ  shift 22
	WRITE  shift 23
	WHILE  shift 24
	IF  shift 25
	INT  shift 3
	DOUBLE  shift 4
	CHAR  shift 5
	STRUCT  shift 26
	ID  shift 27
	.  error

	tipoSimple  goto 29
	sentencia  goto 162
	llamadaVariable  goto 31
	declaracionVariable  goto 32
	estructura  goto 33


state 154
	llamadaVariable : ID '[' CTE_ENTERA ']' '[' CTE_ENTERA . ']'  (44)

	']'  shift 163
	.  error


state 155
	sentencia : ID '.' ID '=' expresion ';' .  (24)

	.  reduce 24


state 156
	declaracionVariable : tipoSimple '[' CTE_ENTERA ']' '[' CTE_ENTERA . ']' identificador ';'  (47)

	']'  shift 164
	.  error


state 157
	declaracionVariable : tipoSimple '[' CTE_ENTERA ']' identificador ';' .  (46)

	.  reduce 46


state 158
	retorno : RETURN expresion ';' .  (14)

	.  reduce 14


state 159
	expresion : ID '[' CTE_ENTERA ']' '[' CTE_ENTERA . ']'  (52)

	']'  shift 165
	.  error


state 160
	sentencia : WHILE '(' expresion ')' '{' sentencias '}' .  (26)

	.  reduce 26


161: shift/reduce conflict (shift 166, reduce 27) on ELSE
state 161
	sentencia : IF '(' expresion ')' '{' sentencias '}' .  (27)
	sentencia : IF '(' expresion ')' '{' sentencias '}' . ELSE '{' sentencias '}'  (29)

	ELSE  shift 166
	READ  reduce 27
	WRITE  reduce 27
	WHILE  reduce 27
	IF  reduce 27
	INT  reduce 27
	DOUBLE  reduce 27
	CHAR  reduce 27
	STRUCT  reduce 27
	RETURN  reduce 27
	ID  reduce 27
	'}'  reduce 27


state 162
	sentencia : IF '(' expresion ')' sentencia ELSE sentencia .  (30)

	.  reduce 30


state 163
	llamadaVariable : ID '[' CTE_ENTERA ']' '[' CTE_ENTERA ']' .  (44)

	.  reduce 44


state 164
	declaracionVariable : tipoSimple '[' CTE_ENTERA ']' '[' CTE_ENTERA ']' . identificador ';'  (47)

	ID  shift 54
	.  error

	identificador  goto 167


state 165
	expresion : ID '[' CTE_ENTERA ']' '[' CTE_ENTERA ']' .  (52)

	.  reduce 52


state 166
	sentencia : IF '(' expresion ')' '{' sentencias '}' ELSE . '{' sentencias '}'  (29)

	'{'  shift 168
	.  error


state 167
	declaracionVariable : tipoSimple '[' CTE_ENTERA ']' '[' CTE_ENTERA ']' identificador . ';'  (47)
	identificador : identificador . ',' ID  (74)

	','  shift 94
	';'  shift 169
	.  error


state 168
	sentencia : IF '(' expresion ')' '{' sentencias '}' ELSE '{' . sentencias '}'  (29)

	READ  shift 22
	WRITE  shift 23
	WHILE  shift 24
	IF  shift 25
	INT  shift 3
	DOUBLE  shift 4
	CHAR  shift 5
	STRUCT  shift 26
	ID  shift 27
	.  error

	sentencias  goto 170
	tipoSimple  goto 29
	sentencia  goto 30
	llamadaVariable  goto 31
	declaracionVariable  goto 32
	estructura  goto 33


state 169
	declaracionVariable : tipoSimple '[' CTE_ENTERA ']' '[' CTE_ENTERA ']' identificador ';' .  (47)

	.  reduce 47


state 170
	sentencias : sentencias . sentencia  (18)
	sentencia : IF '(' expresion ')' '{' sentencias '}' ELSE '{' sentencias . '}'  (29)

	READ  shift 22
	WRITE  shift 23
	WHILE  shift 24
	IF  shift 25
	INT  shift 3
	DOUBLE  shift 4
	CHAR  shift 5
	STRUCT  shift 26
	ID  shift 27
	'}'  shift 171
	.  error

	tipoSimple  goto 29
	sentencia  goto 53
	llamadaVariable  goto 31
	declaracionVariable  goto 32
	estructura  goto 33


state 171
	sentencia : IF '(' expresion ')' '{' sentencias '}' ELSE '{' sentencias '}' .  (29)

	.  reduce 29


State 138 contains 1 shift/reduce conflict.
State 161 contains 1 shift/reduce conflict.


46 terminals, 21 nonterminals
79 grammar rules, 172 states
