   0  $accept : programa $end

   1  programa : definiciones VOID MAIN '(' ')' '{' declaraciones sentencias '}'

   2  definiciones : definiciones definicion
   3               |

   4  definicion : tipoSimple ID '(' parametros ')' '{' declaraciones cuerpoDefinicion '}'
   5             | VOID ID '(' parametros ')' '{' declaraciones cuerpoDefinicion '}'
   6             | declaracionVariable ';'

   7  declaraciones : declaraciones declaracionVariable ';'
   8                |

   9  parametros : parametros ',' definicionVariable
  10             | definicionVariable
  11             |

  12  definicionVariable : tipoSimple ID

  13  cuerpoDefinicion : sentencias
  14                   |

  15  sentencias : sentencias sentencia
  16             | sentencia

  17  sentencia : expresion '=' expresion ';'
  18            | WHILE '(' expresion ')' cuerpoCondicional
  19            | IF '(' expresion ')' cuerpoCondicional
  20            | IF '(' expresion ')' cuerpoCondicional ELSE cuerpoCondicional
  21            | WRITE expresiones ';'
  22            | READ expresiones ';'
  23            | invocacion ';'
  24            | RETURN expresion ';'
  25            | expresion '=' '(' expresion ')' '?' expresion ':' expresion ';'

  26  cuerpoCondicional : '{' sentencias '}'
  27                    | sentencia

  28  declaracionVariable : tipoSimple identificador
  29                      | tipoSimple indices identificador
  30                      | STRUCT '{' campos '}' identificador
  31                      | STRUCT '{' campos '}' indices identificador

  32  campos : campos declaracionVariable ';'
  33         | declaracionVariable ';'

  34  expresiones : expresiones ',' expresion
  35              | expresion

  36  expresion : ID
  37            | CTE_ENTERA
  38            | CTE_REAL
  39            | CTE_CARACTER
  40            | expresion '+' expresion
  41            | expresion '*' expresion
  42            | expresion '/' expresion
  43            | expresion '-' expresion
  44            | expresion '%' expresion
  45            | expresion '>' expresion
  46            | expresion '<' expresion
  47            | expresion MAYORIGUALQUE expresion
  48            | expresion MENORIGUALQUE expresion
  49            | expresion DISTINTO expresion
  50            | expresion IGUALDAD expresion
  51            | expresion Y expresion
  52            | expresion O expresion
  53            | '!' expresion
  54            | '-' expresion
  55            | expresion '.' ID
  56            | '(' expresion ')'
  57            | '(' tipoSimple ')' expresion
  58            | invocacion
  59            | expresion '[' expresion ']'
  60            | expresion MAYOR expresion MAYOR expresion
  61            | expresion MENOR expresion MENOR expresion

  62  invocacion : ID '(' argumentosLlamada ')'

  63  argumentosLlamada : expresiones
  64                    |

  65  indices : '[' CTE_ENTERA ']' indices
  66          | '[' CTE_ENTERA ']'

  67  identificador : identificador ',' ID
  68                | ID

  69  tipoSimple : INT
  70             | DOUBLE
  71             | CHAR

state 0
	$accept : . programa $end  (0)
	definiciones : .  (3)

	.  reduce 3

	programa  goto 1
	definiciones  goto 2


state 1
	$accept : programa . $end  (0)

	$end  accept


state 2
	programa : definiciones . VOID MAIN '(' ')' '{' declaraciones sentencias '}'  (1)
	definiciones : definiciones . definicion  (2)

	INT  shift 3
	DOUBLE  shift 4
	CHAR  shift 5
	STRUCT  shift 6
	VOID  shift 7
	.  error

	definicion  goto 8
	tipoSimple  goto 9
	declaracionVariable  goto 10


state 3
	tipoSimple : INT .  (69)

	.  reduce 69


state 4
	tipoSimple : DOUBLE .  (70)

	.  reduce 70


state 5
	tipoSimple : CHAR .  (71)

	.  reduce 71


state 6
	declaracionVariable : STRUCT . '{' campos '}' identificador  (30)
	declaracionVariable : STRUCT . '{' campos '}' indices identificador  (31)

	'{'  shift 11
	.  error


state 7
	programa : definiciones VOID . MAIN '(' ')' '{' declaraciones sentencias '}'  (1)
	definicion : VOID . ID '(' parametros ')' '{' declaraciones cuerpoDefinicion '}'  (5)

	MAIN  shift 12
	ID  shift 13
	.  error


state 8
	definiciones : definiciones definicion .  (2)

	.  reduce 2


state 9
	definicion : tipoSimple . ID '(' parametros ')' '{' declaraciones cuerpoDefinicion '}'  (4)
	declaracionVariable : tipoSimple . identificador  (28)
	declaracionVariable : tipoSimple . indices identificador  (29)

	ID  shift 14
	'['  shift 15
	.  error

	identificador  goto 16
	indices  goto 17


state 10
	definicion : declaracionVariable . ';'  (6)

	';'  shift 18
	.  error


state 11
	declaracionVariable : STRUCT '{' . campos '}' identificador  (30)
	declaracionVariable : STRUCT '{' . campos '}' indices identificador  (31)

	INT  shift 3
	DOUBLE  shift 4
	CHAR  shift 5
	STRUCT  shift 6
	.  error

	tipoSimple  goto 19
	declaracionVariable  goto 20
	campos  goto 21


state 12
	programa : definiciones VOID MAIN . '(' ')' '{' declaraciones sentencias '}'  (1)

	'('  shift 22
	.  error


state 13
	definicion : VOID ID . '(' parametros ')' '{' declaraciones cuerpoDefinicion '}'  (5)

	'('  shift 23
	.  error


state 14
	definicion : tipoSimple ID . '(' parametros ')' '{' declaraciones cuerpoDefinicion '}'  (4)
	identificador : ID .  (68)

	'('  shift 24
	';'  reduce 68
	','  reduce 68


state 15
	indices : '[' . CTE_ENTERA ']' indices  (65)
	indices : '[' . CTE_ENTERA ']'  (66)

	CTE_ENTERA  shift 25
	.  error


state 16
	declaracionVariable : tipoSimple identificador .  (28)
	identificador : identificador . ',' ID  (67)

	','  shift 26
	';'  reduce 28


state 17
	declaracionVariable : tipoSimple indices . identificador  (29)

	ID  shift 27
	.  error

	identificador  goto 28


state 18
	definicion : declaracionVariable ';' .  (6)

	.  reduce 6


state 19
	declaracionVariable : tipoSimple . identificador  (28)
	declaracionVariable : tipoSimple . indices identificador  (29)

	ID  shift 27
	'['  shift 15
	.  error

	identificador  goto 16
	indices  goto 17


state 20
	campos : declaracionVariable . ';'  (33)

	';'  shift 29
	.  error


state 21
	declaracionVariable : STRUCT '{' campos . '}' identificador  (30)
	declaracionVariable : STRUCT '{' campos . '}' indices identificador  (31)
	campos : campos . declaracionVariable ';'  (32)

	INT  shift 3
	DOUBLE  shift 4
	CHAR  shift 5
	STRUCT  shift 6
	'}'  shift 30
	.  error

	tipoSimple  goto 19
	declaracionVariable  goto 31


state 22
	programa : definiciones VOID MAIN '(' . ')' '{' declaraciones sentencias '}'  (1)

	')'  shift 32
	.  error


state 23
	definicion : VOID ID '(' . parametros ')' '{' declaraciones cuerpoDefinicion '}'  (5)
	parametros : .  (11)

	INT  shift 3
	DOUBLE  shift 4
	CHAR  shift 5
	')'  reduce 11
	','  reduce 11

	tipoSimple  goto 33
	parametros  goto 34
	definicionVariable  goto 35


state 24
	definicion : tipoSimple ID '(' . parametros ')' '{' declaraciones cuerpoDefinicion '}'  (4)
	parametros : .  (11)

	INT  shift 3
	DOUBLE  shift 4
	CHAR  shift 5
	')'  reduce 11
	','  reduce 11

	tipoSimple  goto 33
	parametros  goto 36
	definicionVariable  goto 35


state 25
	indices : '[' CTE_ENTERA . ']' indices  (65)
	indices : '[' CTE_ENTERA . ']'  (66)

	']'  shift 37
	.  error


state 26
	identificador : identificador ',' . ID  (67)

	ID  shift 38
	.  error


state 27
	identificador : ID .  (68)

	.  reduce 68


state 28
	declaracionVariable : tipoSimple indices identificador .  (29)
	identificador : identificador . ',' ID  (67)

	','  shift 26
	';'  reduce 29


state 29
	campos : declaracionVariable ';' .  (33)

	.  reduce 33


state 30
	declaracionVariable : STRUCT '{' campos '}' . identificador  (30)
	declaracionVariable : STRUCT '{' campos '}' . indices identificador  (31)

	ID  shift 27
	'['  shift 15
	.  error

	identificador  goto 39
	indices  goto 40


state 31
	campos : campos declaracionVariable . ';'  (32)

	';'  shift 41
	.  error


state 32
	programa : definiciones VOID MAIN '(' ')' . '{' declaraciones sentencias '}'  (1)

	'{'  shift 42
	.  error


state 33
	definicionVariable : tipoSimple . ID  (12)

	ID  shift 43
	.  error


state 34
	definicion : VOID ID '(' parametros . ')' '{' declaraciones cuerpoDefinicion '}'  (5)
	parametros : parametros . ',' definicionVariable  (9)

	')'  shift 44
	','  shift 45
	.  error


state 35
	parametros : definicionVariable .  (10)

	.  reduce 10


state 36
	definicion : tipoSimple ID '(' parametros . ')' '{' declaraciones cuerpoDefinicion '}'  (4)
	parametros : parametros . ',' definicionVariable  (9)

	')'  shift 46
	','  shift 45
	.  error


state 37
	indices : '[' CTE_ENTERA ']' . indices  (65)
	indices : '[' CTE_ENTERA ']' .  (66)

	'['  shift 15
	ID  reduce 66

	indices  goto 47


state 38
	identificador : identificador ',' ID .  (67)

	.  reduce 67


state 39
	declaracionVariable : STRUCT '{' campos '}' identificador .  (30)
	identificador : identificador . ',' ID  (67)

	','  shift 26
	';'  reduce 30


state 40
	declaracionVariable : STRUCT '{' campos '}' indices . identificador  (31)

	ID  shift 27
	.  error

	identificador  goto 48


state 41
	campos : campos declaracionVariable ';' .  (32)

	.  reduce 32


state 42
	programa : definiciones VOID MAIN '(' ')' '{' . declaraciones sentencias '}'  (1)
	declaraciones : .  (8)

	.  reduce 8

	declaraciones  goto 49


state 43
	definicionVariable : tipoSimple ID .  (12)

	.  reduce 12


state 44
	definicion : VOID ID '(' parametros ')' . '{' declaraciones cuerpoDefinicion '}'  (5)

	'{'  shift 50
	.  error


state 45
	parametros : parametros ',' . definicionVariable  (9)

	INT  shift 3
	DOUBLE  shift 4
	CHAR  shift 5
	.  error

	tipoSimple  goto 33
	definicionVariable  goto 51


state 46
	definicion : tipoSimple ID '(' parametros ')' . '{' declaraciones cuerpoDefinicion '}'  (4)

	'{'  shift 52
	.  error


state 47
	indices : '[' CTE_ENTERA ']' indices .  (65)

	.  reduce 65


state 48
	declaracionVariable : STRUCT '{' campos '}' indices identificador .  (31)
	identificador : identificador . ',' ID  (67)

	','  shift 26
	';'  reduce 31


state 49
	programa : definiciones VOID MAIN '(' ')' '{' declaraciones . sentencias '}'  (1)
	declaraciones : declaraciones . declaracionVariable ';'  (7)

	CTE_ENTERA  shift 53
	CTE_REAL  shift 54
	CTE_CARACTER  shift 55
	READ  shift 56
	WRITE  shift 57
	WHILE  shift 58
	IF  shift 59
	INT  shift 3
	DOUBLE  shift 4
	CHAR  shift 5
	STRUCT  shift 6
	RETURN  shift 60
	ID  shift 61
	'-'  shift 62
	'('  shift 63
	'!'  shift 64
	.  error

	sentencias  goto 65
	tipoSimple  goto 19
	declaracionVariable  goto 66
	sentencia  goto 67
	expresion  goto 68
	invocacion  goto 69


state 50
	definicion : VOID ID '(' parametros ')' '{' . declaraciones cuerpoDefinicion '}'  (5)
	declaraciones : .  (8)

	.  reduce 8

	declaraciones  goto 70


state 51
	parametros : parametros ',' definicionVariable .  (9)

	.  reduce 9


state 52
	definicion : tipoSimple ID '(' parametros ')' '{' . declaraciones cuerpoDefinicion '}'  (4)
	declaraciones : .  (8)

	.  reduce 8

	declaraciones  goto 71


state 53
	expresion : CTE_ENTERA .  (37)

	.  reduce 37


state 54
	expresion : CTE_REAL .  (38)

	.  reduce 38


state 55
	expresion : CTE_CARACTER .  (39)

	.  reduce 39


state 56
	sentencia : READ . expresiones ';'  (22)

	CTE_ENTERA  shift 53
	CTE_REAL  shift 54
	CTE_CARACTER  shift 55
	ID  shift 61
	'-'  shift 62
	'('  shift 63
	'!'  shift 64
	.  error

	expresion  goto 72
	expresiones  goto 73
	invocacion  goto 74


state 57
	sentencia : WRITE . expresiones ';'  (21)

	CTE_ENTERA  shift 53
	CTE_REAL  shift 54
	CTE_CARACTER  shift 55
	ID  shift 61
	'-'  shift 62
	'('  shift 63
	'!'  shift 64
	.  error

	expresion  goto 72
	expresiones  goto 75
	invocacion  goto 74


state 58
	sentencia : WHILE . '(' expresion ')' cuerpoCondicional  (18)

	'('  shift 76
	.  error


state 59
	sentencia : IF . '(' expresion ')' cuerpoCondicional  (19)
	sentencia : IF . '(' expresion ')' cuerpoCondicional ELSE cuerpoCondicional  (20)

	'('  shift 77
	.  error


state 60
	sentencia : RETURN . expresion ';'  (24)

	CTE_ENTERA  shift 53
	CTE_REAL  shift 54
	CTE_CARACTER  shift 55
	ID  shift 61
	'-'  shift 62
	'('  shift 63
	'!'  shift 64
	.  error

	expresion  goto 78
	invocacion  goto 74


state 61
	expresion : ID .  (36)
	invocacion : ID . '(' argumentosLlamada ')'  (62)

	'('  shift 79
	Y  reduce 36
	O  reduce 36
	MAYORIGUALQUE  reduce 36
	MENORIGUALQUE  reduce 36
	DISTINTO  reduce 36
	IGUALDAD  reduce 36
	MENOR  reduce 36
	MAYOR  reduce 36
	'='  reduce 36
	'>'  reduce 36
	'<'  reduce 36
	'+'  reduce 36
	'-'  reduce 36
	'*'  reduce 36
	'/'  reduce 36
	'%'  reduce 36
	'['  reduce 36
	']'  reduce 36
	'.'  reduce 36
	')'  reduce 36
	';'  reduce 36
	','  reduce 36
	':'  reduce 36


state 62
	expresion : '-' . expresion  (54)

	CTE_ENTERA  shift 53
	CTE_REAL  shift 54
	CTE_CARACTER  shift 55
	ID  shift 61
	'-'  shift 62
	'('  shift 63
	'!'  shift 64
	.  error

	expresion  goto 80
	invocacion  goto 74


state 63
	expresion : '(' . expresion ')'  (56)
	expresion : '(' . tipoSimple ')' expresion  (57)

	CTE_ENTERA  shift 53
	CTE_REAL  shift 54
	CTE_CARACTER  shift 55
	INT  shift 3
	DOUBLE  shift 4
	CHAR  shift 5
	ID  shift 61
	'-'  shift 62
	'('  shift 63
	'!'  shift 64
	.  error

	tipoSimple  goto 81
	expresion  goto 82
	invocacion  goto 74


state 64
	expresion : '!' . expresion  (53)

	CTE_ENTERA  shift 53
	CTE_REAL  shift 54
	CTE_CARACTER  shift 55
	ID  shift 61
	'-'  shift 62
	'('  shift 63
	'!'  shift 64
	.  error

	expresion  goto 83
	invocacion  goto 74


state 65
	programa : definiciones VOID MAIN '(' ')' '{' declaraciones sentencias . '}'  (1)
	sentencias : sentencias . sentencia  (15)

	CTE_ENTERA  shift 53
	CTE_REAL  shift 54
	CTE_CARACTER  shift 55
	READ  shift 56
	WRITE  shift 57
	WHILE  shift 58
	IF  shift 59
	RETURN  shift 60
	ID  shift 61
	'-'  shift 62
	'('  shift 63
	'}'  shift 84
	'!'  shift 64
	.  error

	sentencia  goto 85
	expresion  goto 68
	invocacion  goto 69


state 66
	declaraciones : declaraciones declaracionVariable . ';'  (7)

	';'  shift 86
	.  error


state 67
	sentencias : sentencia .  (16)

	.  reduce 16


state 68
	sentencia : expresion . '=' expresion ';'  (17)
	sentencia : expresion . '=' '(' expresion ')' '?' expresion ':' expresion ';'  (25)
	expresion : expresion . '+' expresion  (40)
	expresion : expresion . '*' expresion  (41)
	expresion : expresion . '/' expresion  (42)
	expresion : expresion . '-' expresion  (43)
	expresion : expresion . '%' expresion  (44)
	expresion : expresion . '>' expresion  (45)
	expresion : expresion . '<' expresion  (46)
	expresion : expresion . MAYORIGUALQUE expresion  (47)
	expresion : expresion . MENORIGUALQUE expresion  (48)
	expresion : expresion . DISTINTO expresion  (49)
	expresion : expresion . IGUALDAD expresion  (50)
	expresion : expresion . Y expresion  (51)
	expresion : expresion . O expresion  (52)
	expresion : expresion . '.' ID  (55)
	expresion : expresion . '[' expresion ']'  (59)
	expresion : expresion . MAYOR expresion MAYOR expresion  (60)
	expresion : expresion . MENOR expresion MENOR expresion  (61)

	Y  shift 87
	O  shift 88
	MAYORIGUALQUE  shift 89
	MENORIGUALQUE  shift 90
	DISTINTO  shift 91
	IGUALDAD  shift 92
	MENOR  shift 93
	MAYOR  shift 94
	'='  shift 95
	'>'  shift 96
	'<'  shift 97
	'+'  shift 98
	'-'  shift 99
	'*'  shift 100
	'/'  shift 101
	'%'  shift 102
	'['  shift 103
	'.'  shift 104
	.  error


state 69
	sentencia : invocacion . ';'  (23)
	expresion : invocacion .  (58)

	';'  shift 105
	Y  reduce 58
	O  reduce 58
	MAYORIGUALQUE  reduce 58
	MENORIGUALQUE  reduce 58
	DISTINTO  reduce 58
	IGUALDAD  reduce 58
	MENOR  reduce 58
	MAYOR  reduce 58
	'='  reduce 58
	'>'  reduce 58
	'<'  reduce 58
	'+'  reduce 58
	'-'  reduce 58
	'*'  reduce 58
	'/'  reduce 58
	'%'  reduce 58
	'['  reduce 58
	'.'  reduce 58


state 70
	definicion : VOID ID '(' parametros ')' '{' declaraciones . cuerpoDefinicion '}'  (5)
	declaraciones : declaraciones . declaracionVariable ';'  (7)
	cuerpoDefinicion : .  (14)

	CTE_ENTERA  shift 53
	CTE_REAL  shift 54
	CTE_CARACTER  shift 55
	READ  shift 56
	WRITE  shift 57
	WHILE  shift 58
	IF  shift 59
	INT  shift 3
	DOUBLE  shift 4
	CHAR  shift 5
	STRUCT  shift 6
	RETURN  shift 60
	ID  shift 61
	'-'  shift 62
	'('  shift 63
	'!'  shift 64
	'}'  reduce 14

	sentencias  goto 106
	tipoSimple  goto 19
	cuerpoDefinicion  goto 107
	declaracionVariable  goto 66
	sentencia  goto 67
	expresion  goto 68
	invocacion  goto 69


state 71
	definicion : tipoSimple ID '(' parametros ')' '{' declaraciones . cuerpoDefinicion '}'  (4)
	declaraciones : declaraciones . declaracionVariable ';'  (7)
	cuerpoDefinicion : .  (14)

	CTE_ENTERA  shift 53
	CTE_REAL  shift 54
	CTE_CARACTER  shift 55
	READ  shift 56
	WRITE  shift 57
	WHILE  shift 58
	IF  shift 59
	INT  shift 3
	DOUBLE  shift 4
	CHAR  shift 5
	STRUCT  shift 6
	RETURN  shift 60
	ID  shift 61
	'-'  shift 62
	'('  shift 63
	'!'  shift 64
	'}'  reduce 14

	sentencias  goto 106
	tipoSimple  goto 19
	cuerpoDefinicion  goto 108
	declaracionVariable  goto 66
	sentencia  goto 67
	expresion  goto 68
	invocacion  goto 69


state 72
	expresiones : expresion .  (35)
	expresion : expresion . '+' expresion  (40)
	expresion : expresion . '*' expresion  (41)
	expresion : expresion . '/' expresion  (42)
	expresion : expresion . '-' expresion  (43)
	expresion : expresion . '%' expresion  (44)
	expresion : expresion . '>' expresion  (45)
	expresion : expresion . '<' expresion  (46)
	expresion : expresion . MAYORIGUALQUE expresion  (47)
	expresion : expresion . MENORIGUALQUE expresion  (48)
	expresion : expresion . DISTINTO expresion  (49)
	expresion : expresion . IGUALDAD expresion  (50)
	expresion : expresion . Y expresion  (51)
	expresion : expresion . O expresion  (52)
	expresion : expresion . '.' ID  (55)
	expresion : expresion . '[' expresion ']'  (59)
	expresion : expresion . MAYOR expresion MAYOR expresion  (60)
	expresion : expresion . MENOR expresion MENOR expresion  (61)

	Y  shift 87
	O  shift 88
	MAYORIGUALQUE  shift 89
	MENORIGUALQUE  shift 90
	DISTINTO  shift 91
	IGUALDAD  shift 92
	MENOR  shift 93
	MAYOR  shift 94
	'>'  shift 96
	'<'  shift 97
	'+'  shift 98
	'-'  shift 99
	'*'  shift 100
	'/'  shift 101
	'%'  shift 102
	'['  shift 103
	'.'  shift 104
	')'  reduce 35
	';'  reduce 35
	','  reduce 35


state 73
	sentencia : READ expresiones . ';'  (22)
	expresiones : expresiones . ',' expresion  (34)

	';'  shift 109
	','  shift 110
	.  error


state 74
	expresion : invocacion .  (58)

	.  reduce 58


state 75
	sentencia : WRITE expresiones . ';'  (21)
	expresiones : expresiones . ',' expresion  (34)

	';'  shift 111
	','  shift 110
	.  error


state 76
	sentencia : WHILE '(' . expresion ')' cuerpoCondicional  (18)

	CTE_ENTERA  shift 53
	CTE_REAL  shift 54
	CTE_CARACTER  shift 55
	ID  shift 61
	'-'  shift 62
	'('  shift 63
	'!'  shift 64
	.  error

	expresion  goto 112
	invocacion  goto 74


state 77
	sentencia : IF '(' . expresion ')' cuerpoCondicional  (19)
	sentencia : IF '(' . expresion ')' cuerpoCondicional ELSE cuerpoCondicional  (20)

	CTE_ENTERA  shift 53
	CTE_REAL  shift 54
	CTE_CARACTER  shift 55
	ID  shift 61
	'-'  shift 62
	'('  shift 63
	'!'  shift 64
	.  error

	expresion  goto 113
	invocacion  goto 74


state 78
	sentencia : RETURN expresion . ';'  (24)
	expresion : expresion . '+' expresion  (40)
	expresion : expresion . '*' expresion  (41)
	expresion : expresion . '/' expresion  (42)
	expresion : expresion . '-' expresion  (43)
	expresion : expresion . '%' expresion  (44)
	expresion : expresion . '>' expresion  (45)
	expresion : expresion . '<' expresion  (46)
	expresion : expresion . MAYORIGUALQUE expresion  (47)
	expresion : expresion . MENORIGUALQUE expresion  (48)
	expresion : expresion . DISTINTO expresion  (49)
	expresion : expresion . IGUALDAD expresion  (50)
	expresion : expresion . Y expresion  (51)
	expresion : expresion . O expresion  (52)
	expresion : expresion . '.' ID  (55)
	expresion : expresion . '[' expresion ']'  (59)
	expresion : expresion . MAYOR expresion MAYOR expresion  (60)
	expresion : expresion . MENOR expresion MENOR expresion  (61)

	Y  shift 87
	O  shift 88
	MAYORIGUALQUE  shift 89
	MENORIGUALQUE  shift 90
	DISTINTO  shift 91
	IGUALDAD  shift 92
	MENOR  shift 93
	MAYOR  shift 94
	'>'  shift 96
	'<'  shift 97
	'+'  shift 98
	'-'  shift 99
	'*'  shift 100
	'/'  shift 101
	'%'  shift 102
	'['  shift 103
	'.'  shift 104
	';'  shift 114
	.  error


state 79
	invocacion : ID '(' . argumentosLlamada ')'  (62)
	argumentosLlamada : .  (64)

	CTE_ENTERA  shift 53
	CTE_REAL  shift 54
	CTE_CARACTER  shift 55
	ID  shift 61
	'-'  shift 62
	'('  shift 63
	'!'  shift 64
	')'  reduce 64

	expresion  goto 72
	expresiones  goto 115
	invocacion  goto 74
	argumentosLlamada  goto 116


state 80
	expresion : expresion . '+' expresion  (40)
	expresion : expresion . '*' expresion  (41)
	expresion : expresion . '/' expresion  (42)
	expresion : expresion . '-' expresion  (43)
	expresion : expresion . '%' expresion  (44)
	expresion : expresion . '>' expresion  (45)
	expresion : expresion . '<' expresion  (46)
	expresion : expresion . MAYORIGUALQUE expresion  (47)
	expresion : expresion . MENORIGUALQUE expresion  (48)
	expresion : expresion . DISTINTO expresion  (49)
	expresion : expresion . IGUALDAD expresion  (50)
	expresion : expresion . Y expresion  (51)
	expresion : expresion . O expresion  (52)
	expresion : '-' expresion .  (54)
	expresion : expresion . '.' ID  (55)
	expresion : expresion . '[' expresion ']'  (59)
	expresion : expresion . MAYOR expresion MAYOR expresion  (60)
	expresion : expresion . MENOR expresion MENOR expresion  (61)

	'['  shift 103
	'.'  shift 104
	Y  reduce 54
	O  reduce 54
	MAYORIGUALQUE  reduce 54
	MENORIGUALQUE  reduce 54
	DISTINTO  reduce 54
	IGUALDAD  reduce 54
	MENOR  reduce 54
	MAYOR  reduce 54
	'='  reduce 54
	'>'  reduce 54
	'<'  reduce 54
	'+'  reduce 54
	'-'  reduce 54
	'*'  reduce 54
	'/'  reduce 54
	'%'  reduce 54
	']'  reduce 54
	')'  reduce 54
	';'  reduce 54
	','  reduce 54
	':'  reduce 54


state 81
	expresion : '(' tipoSimple . ')' expresion  (57)

	')'  shift 117
	.  error


state 82
	expresion : expresion . '+' expresion  (40)
	expresion : expresion . '*' expresion  (41)
	expresion : expresion . '/' expresion  (42)
	expresion : expresion . '-' expresion  (43)
	expresion : expresion . '%' expresion  (44)
	expresion : expresion . '>' expresion  (45)
	expresion : expresion . '<' expresion  (46)
	expresion : expresion . MAYORIGUALQUE expresion  (47)
	expresion : expresion . MENORIGUALQUE expresion  (48)
	expresion : expresion . DISTINTO expresion  (49)
	expresion : expresion . IGUALDAD expresion  (50)
	expresion : expresion . Y expresion  (51)
	expresion : expresion . O expresion  (52)
	expresion : expresion . '.' ID  (55)
	expresion : '(' expresion . ')'  (56)
	expresion : expresion . '[' expresion ']'  (59)
	expresion : expresion . MAYOR expresion MAYOR expresion  (60)
	expresion : expresion . MENOR expresion MENOR expresion  (61)

	Y  shift 87
	O  shift 88
	MAYORIGUALQUE  shift 89
	MENORIGUALQUE  shift 90
	DISTINTO  shift 91
	IGUALDAD  shift 92
	MENOR  shift 93
	MAYOR  shift 94
	'>'  shift 96
	'<'  shift 97
	'+'  shift 98
	'-'  shift 99
	'*'  shift 100
	'/'  shift 101
	'%'  shift 102
	'['  shift 103
	'.'  shift 104
	')'  shift 118
	.  error


state 83
	expresion : expresion . '+' expresion  (40)
	expresion : expresion . '*' expresion  (41)
	expresion : expresion . '/' expresion  (42)
	expresion : expresion . '-' expresion  (43)
	expresion : expresion . '%' expresion  (44)
	expresion : expresion . '>' expresion  (45)
	expresion : expresion . '<' expresion  (46)
	expresion : expresion . MAYORIGUALQUE expresion  (47)
	expresion : expresion . MENORIGUALQUE expresion  (48)
	expresion : expresion . DISTINTO expresion  (49)
	expresion : expresion . IGUALDAD expresion  (50)
	expresion : expresion . Y expresion  (51)
	expresion : expresion . O expresion  (52)
	expresion : '!' expresion .  (53)
	expresion : expresion . '.' ID  (55)
	expresion : expresion . '[' expresion ']'  (59)
	expresion : expresion . MAYOR expresion MAYOR expresion  (60)
	expresion : expresion . MENOR expresion MENOR expresion  (61)

	'['  shift 103
	'.'  shift 104
	Y  reduce 53
	O  reduce 53
	MAYORIGUALQUE  reduce 53
	MENORIGUALQUE  reduce 53
	DISTINTO  reduce 53
	IGUALDAD  reduce 53
	MENOR  reduce 53
	MAYOR  reduce 53
	'='  reduce 53
	'>'  reduce 53
	'<'  reduce 53
	'+'  reduce 53
	'-'  reduce 53
	'*'  reduce 53
	'/'  reduce 53
	'%'  reduce 53
	']'  reduce 53
	')'  reduce 53
	';'  reduce 53
	','  reduce 53
	':'  reduce 53


state 84
	programa : definiciones VOID MAIN '(' ')' '{' declaraciones sentencias '}' .  (1)

	.  reduce 1


state 85
	sentencias : sentencias sentencia .  (15)

	.  reduce 15


state 86
	declaraciones : declaraciones declaracionVariable ';' .  (7)

	.  reduce 7


state 87
	expresion : expresion Y . expresion  (51)

	CTE_ENTERA  shift 53
	CTE_REAL  shift 54
	CTE_CARACTER  shift 55
	ID  shift 61
	'-'  shift 62
	'('  shift 63
	'!'  shift 64
	.  error

	expresion  goto 119
	invocacion  goto 74


state 88
	expresion : expresion O . expresion  (52)

	CTE_ENTERA  shift 53
	CTE_REAL  shift 54
	CTE_CARACTER  shift 55
	ID  shift 61
	'-'  shift 62
	'('  shift 63
	'!'  shift 64
	.  error

	expresion  goto 120
	invocacion  goto 74


state 89
	expresion : expresion MAYORIGUALQUE . expresion  (47)

	CTE_ENTERA  shift 53
	CTE_REAL  shift 54
	CTE_CARACTER  shift 55
	ID  shift 61
	'-'  shift 62
	'('  shift 63
	'!'  shift 64
	.  error

	expresion  goto 121
	invocacion  goto 74


state 90
	expresion : expresion MENORIGUALQUE . expresion  (48)

	CTE_ENTERA  shift 53
	CTE_REAL  shift 54
	CTE_CARACTER  shift 55
	ID  shift 61
	'-'  shift 62
	'('  shift 63
	'!'  shift 64
	.  error

	expresion  goto 122
	invocacion  goto 74


state 91
	expresion : expresion DISTINTO . expresion  (49)

	CTE_ENTERA  shift 53
	CTE_REAL  shift 54
	CTE_CARACTER  shift 55
	ID  shift 61
	'-'  shift 62
	'('  shift 63
	'!'  shift 64
	.  error

	expresion  goto 123
	invocacion  goto 74


state 92
	expresion : expresion IGUALDAD . expresion  (50)

	CTE_ENTERA  shift 53
	CTE_REAL  shift 54
	CTE_CARACTER  shift 55
	ID  shift 61
	'-'  shift 62
	'('  shift 63
	'!'  shift 64
	.  error

	expresion  goto 124
	invocacion  goto 74


state 93
	expresion : expresion MENOR . expresion MENOR expresion  (61)

	CTE_ENTERA  shift 53
	CTE_REAL  shift 54
	CTE_CARACTER  shift 55
	ID  shift 61
	'-'  shift 62
	'('  shift 63
	'!'  shift 64
	.  error

	expresion  goto 125
	invocacion  goto 74


state 94
	expresion : expresion MAYOR . expresion MAYOR expresion  (60)

	CTE_ENTERA  shift 53
	CTE_REAL  shift 54
	CTE_CARACTER  shift 55
	ID  shift 61
	'-'  shift 62
	'('  shift 63
	'!'  shift 64
	.  error

	expresion  goto 126
	invocacion  goto 74


state 95
	sentencia : expresion '=' . expresion ';'  (17)
	sentencia : expresion '=' . '(' expresion ')' '?' expresion ':' expresion ';'  (25)

	CTE_ENTERA  shift 53
	CTE_REAL  shift 54
	CTE_CARACTER  shift 55
	ID  shift 61
	'-'  shift 62
	'('  shift 127
	'!'  shift 64
	.  error

	expresion  goto 128
	invocacion  goto 74


state 96
	expresion : expresion '>' . expresion  (45)

	CTE_ENTERA  shift 53
	CTE_REAL  shift 54
	CTE_CARACTER  shift 55
	ID  shift 61
	'-'  shift 62
	'('  shift 63
	'!'  shift 64
	.  error

	expresion  goto 129
	invocacion  goto 74


state 97
	expresion : expresion '<' . expresion  (46)

	CTE_ENTERA  shift 53
	CTE_REAL  shift 54
	CTE_CARACTER  shift 55
	ID  shift 61
	'-'  shift 62
	'('  shift 63
	'!'  shift 64
	.  error

	expresion  goto 130
	invocacion  goto 74


state 98
	expresion : expresion '+' . expresion  (40)

	CTE_ENTERA  shift 53
	CTE_REAL  shift 54
	CTE_CARACTER  shift 55
	ID  shift 61
	'-'  shift 62
	'('  shift 63
	'!'  shift 64
	.  error

	expresion  goto 131
	invocacion  goto 74


state 99
	expresion : expresion '-' . expresion  (43)

	CTE_ENTERA  shift 53
	CTE_REAL  shift 54
	CTE_CARACTER  shift 55
	ID  shift 61
	'-'  shift 62
	'('  shift 63
	'!'  shift 64
	.  error

	expresion  goto 132
	invocacion  goto 74


state 100
	expresion : expresion '*' . expresion  (41)

	CTE_ENTERA  shift 53
	CTE_REAL  shift 54
	CTE_CARACTER  shift 55
	ID  shift 61
	'-'  shift 62
	'('  shift 63
	'!'  shift 64
	.  error

	expresion  goto 133
	invocacion  goto 74


state 101
	expresion : expresion '/' . expresion  (42)

	CTE_ENTERA  shift 53
	CTE_REAL  shift 54
	CTE_CARACTER  shift 55
	ID  shift 61
	'-'  shift 62
	'('  shift 63
	'!'  shift 64
	.  error

	expresion  goto 134
	invocacion  goto 74


state 102
	expresion : expresion '%' . expresion  (44)

	CTE_ENTERA  shift 53
	CTE_REAL  shift 54
	CTE_CARACTER  shift 55
	ID  shift 61
	'-'  shift 62
	'('  shift 63
	'!'  shift 64
	.  error

	expresion  goto 135
	invocacion  goto 74


state 103
	expresion : expresion '[' . expresion ']'  (59)

	CTE_ENTERA  shift 53
	CTE_REAL  shift 54
	CTE_CARACTER  shift 55
	ID  shift 61
	'-'  shift 62
	'('  shift 63
	'!'  shift 64
	.  error

	expresion  goto 136
	invocacion  goto 74


state 104
	expresion : expresion '.' . ID  (55)

	ID  shift 137
	.  error


state 105
	sentencia : invocacion ';' .  (23)

	.  reduce 23


state 106
	cuerpoDefinicion : sentencias .  (13)
	sentencias : sentencias . sentencia  (15)

	CTE_ENTERA  shift 53
	CTE_REAL  shift 54
	CTE_CARACTER  shift 55
	READ  shift 56
	WRITE  shift 57
	WHILE  shift 58
	IF  shift 59
	RETURN  shift 60
	ID  shift 61
	'-'  shift 62
	'('  shift 63
	'!'  shift 64
	'}'  reduce 13

	sentencia  goto 85
	expresion  goto 68
	invocacion  goto 69


state 107
	definicion : VOID ID '(' parametros ')' '{' declaraciones cuerpoDefinicion . '}'  (5)

	'}'  shift 138
	.  error


state 108
	definicion : tipoSimple ID '(' parametros ')' '{' declaraciones cuerpoDefinicion . '}'  (4)

	'}'  shift 139
	.  error


state 109
	sentencia : READ expresiones ';' .  (22)

	.  reduce 22


state 110
	expresiones : expresiones ',' . expresion  (34)

	CTE_ENTERA  shift 53
	CTE_REAL  shift 54
	CTE_CARACTER  shift 55
	ID  shift 61
	'-'  shift 62
	'('  shift 63
	'!'  shift 64
	.  error

	expresion  goto 140
	invocacion  goto 74


state 111
	sentencia : WRITE expresiones ';' .  (21)

	.  reduce 21


state 112
	sentencia : WHILE '(' expresion . ')' cuerpoCondicional  (18)
	expresion : expresion . '+' expresion  (40)
	expresion : expresion . '*' expresion  (41)
	expresion : expresion . '/' expresion  (42)
	expresion : expresion . '-' expresion  (43)
	expresion : expresion . '%' expresion  (44)
	expresion : expresion . '>' expresion  (45)
	expresion : expresion . '<' expresion  (46)
	expresion : expresion . MAYORIGUALQUE expresion  (47)
	expresion : expresion . MENORIGUALQUE expresion  (48)
	expresion : expresion . DISTINTO expresion  (49)
	expresion : expresion . IGUALDAD expresion  (50)
	expresion : expresion . Y expresion  (51)
	expresion : expresion . O expresion  (52)
	expresion : expresion . '.' ID  (55)
	expresion : expresion . '[' expresion ']'  (59)
	expresion : expresion . MAYOR expresion MAYOR expresion  (60)
	expresion : expresion . MENOR expresion MENOR expresion  (61)

	Y  shift 87
	O  shift 88
	MAYORIGUALQUE  shift 89
	MENORIGUALQUE  shift 90
	DISTINTO  shift 91
	IGUALDAD  shift 92
	MENOR  shift 93
	MAYOR  shift 94
	'>'  shift 96
	'<'  shift 97
	'+'  shift 98
	'-'  shift 99
	'*'  shift 100
	'/'  shift 101
	'%'  shift 102
	'['  shift 103
	'.'  shift 104
	')'  shift 141
	.  error


state 113
	sentencia : IF '(' expresion . ')' cuerpoCondicional  (19)
	sentencia : IF '(' expresion . ')' cuerpoCondicional ELSE cuerpoCondicional  (20)
	expresion : expresion . '+' expresion  (40)
	expresion : expresion . '*' expresion  (41)
	expresion : expresion . '/' expresion  (42)
	expresion : expresion . '-' expresion  (43)
	expresion : expresion . '%' expresion  (44)
	expresion : expresion . '>' expresion  (45)
	expresion : expresion . '<' expresion  (46)
	expresion : expresion . MAYORIGUALQUE expresion  (47)
	expresion : expresion . MENORIGUALQUE expresion  (48)
	expresion : expresion . DISTINTO expresion  (49)
	expresion : expresion . IGUALDAD expresion  (50)
	expresion : expresion . Y expresion  (51)
	expresion : expresion . O expresion  (52)
	expresion : expresion . '.' ID  (55)
	expresion : expresion . '[' expresion ']'  (59)
	expresion : expresion . MAYOR expresion MAYOR expresion  (60)
	expresion : expresion . MENOR expresion MENOR expresion  (61)

	Y  shift 87
	O  shift 88
	MAYORIGUALQUE  shift 89
	MENORIGUALQUE  shift 90
	DISTINTO  shift 91
	IGUALDAD  shift 92
	MENOR  shift 93
	MAYOR  shift 94
	'>'  shift 96
	'<'  shift 97
	'+'  shift 98
	'-'  shift 99
	'*'  shift 100
	'/'  shift 101
	'%'  shift 102
	'['  shift 103
	'.'  shift 104
	')'  shift 142
	.  error


state 114
	sentencia : RETURN expresion ';' .  (24)

	.  reduce 24


state 115
	expresiones : expresiones . ',' expresion  (34)
	argumentosLlamada : expresiones .  (63)

	','  shift 110
	')'  reduce 63


state 116
	invocacion : ID '(' argumentosLlamada . ')'  (62)

	')'  shift 143
	.  error


state 117
	expresion : '(' tipoSimple ')' . expresion  (57)

	CTE_ENTERA  shift 53
	CTE_REAL  shift 54
	CTE_CARACTER  shift 55
	ID  shift 61
	'-'  shift 62
	'('  shift 63
	'!'  shift 64
	.  error

	expresion  goto 144
	invocacion  goto 74


state 118
	expresion : '(' expresion ')' .  (56)

	.  reduce 56


state 119
	expresion : expresion . '+' expresion  (40)
	expresion : expresion . '*' expresion  (41)
	expresion : expresion . '/' expresion  (42)
	expresion : expresion . '-' expresion  (43)
	expresion : expresion . '%' expresion  (44)
	expresion : expresion . '>' expresion  (45)
	expresion : expresion . '<' expresion  (46)
	expresion : expresion . MAYORIGUALQUE expresion  (47)
	expresion : expresion . MENORIGUALQUE expresion  (48)
	expresion : expresion . DISTINTO expresion  (49)
	expresion : expresion . IGUALDAD expresion  (50)
	expresion : expresion . Y expresion  (51)
	expresion : expresion Y expresion .  (51)
	expresion : expresion . O expresion  (52)
	expresion : expresion . '.' ID  (55)
	expresion : expresion . '[' expresion ']'  (59)
	expresion : expresion . MAYOR expresion MAYOR expresion  (60)
	expresion : expresion . MENOR expresion MENOR expresion  (61)

	MAYORIGUALQUE  shift 89
	MENORIGUALQUE  shift 90
	DISTINTO  shift 91
	IGUALDAD  shift 92
	MENOR  shift 93
	MAYOR  shift 94
	'>'  shift 96
	'<'  shift 97
	'+'  shift 98
	'-'  shift 99
	'*'  shift 100
	'/'  shift 101
	'%'  shift 102
	'['  shift 103
	'.'  shift 104
	Y  reduce 51
	O  reduce 51
	'='  reduce 51
	']'  reduce 51
	')'  reduce 51
	';'  reduce 51
	','  reduce 51
	':'  reduce 51


state 120
	expresion : expresion . '+' expresion  (40)
	expresion : expresion . '*' expresion  (41)
	expresion : expresion . '/' expresion  (42)
	expresion : expresion . '-' expresion  (43)
	expresion : expresion . '%' expresion  (44)
	expresion : expresion . '>' expresion  (45)
	expresion : expresion . '<' expresion  (46)
	expresion : expresion . MAYORIGUALQUE expresion  (47)
	expresion : expresion . MENORIGUALQUE expresion  (48)
	expresion : expresion . DISTINTO expresion  (49)
	expresion : expresion . IGUALDAD expresion  (50)
	expresion : expresion . Y expresion  (51)
	expresion : expresion . O expresion  (52)
	expresion : expresion O expresion .  (52)
	expresion : expresion . '.' ID  (55)
	expresion : expresion . '[' expresion ']'  (59)
	expresion : expresion . MAYOR expresion MAYOR expresion  (60)
	expresion : expresion . MENOR expresion MENOR expresion  (61)

	MAYORIGUALQUE  shift 89
	MENORIGUALQUE  shift 90
	DISTINTO  shift 91
	IGUALDAD  shift 92
	MENOR  shift 93
	MAYOR  shift 94
	'>'  shift 96
	'<'  shift 97
	'+'  shift 98
	'-'  shift 99
	'*'  shift 100
	'/'  shift 101
	'%'  shift 102
	'['  shift 103
	'.'  shift 104
	Y  reduce 52
	O  reduce 52
	'='  reduce 52
	']'  reduce 52
	')'  reduce 52
	';'  reduce 52
	','  reduce 52
	':'  reduce 52


state 121
	expresion : expresion . '+' expresion  (40)
	expresion : expresion . '*' expresion  (41)
	expresion : expresion . '/' expresion  (42)
	expresion : expresion . '-' expresion  (43)
	expresion : expresion . '%' expresion  (44)
	expresion : expresion . '>' expresion  (45)
	expresion : expresion . '<' expresion  (46)
	expresion : expresion . MAYORIGUALQUE expresion  (47)
	expresion : expresion MAYORIGUALQUE expresion .  (47)
	expresion : expresion . MENORIGUALQUE expresion  (48)
	expresion : expresion . DISTINTO expresion  (49)
	expresion : expresion . IGUALDAD expresion  (50)
	expresion : expresion . Y expresion  (51)
	expresion : expresion . O expresion  (52)
	expresion : expresion . '.' ID  (55)
	expresion : expresion . '[' expresion ']'  (59)
	expresion : expresion . MAYOR expresion MAYOR expresion  (60)
	expresion : expresion . MENOR expresion MENOR expresion  (61)

	'+'  shift 98
	'-'  shift 99
	'*'  shift 100
	'/'  shift 101
	'%'  shift 102
	'['  shift 103
	'.'  shift 104
	Y  reduce 47
	O  reduce 47
	MAYORIGUALQUE  reduce 47
	MENORIGUALQUE  reduce 47
	DISTINTO  reduce 47
	IGUALDAD  reduce 47
	MENOR  reduce 47
	MAYOR  reduce 47
	'='  reduce 47
	'>'  reduce 47
	'<'  reduce 47
	']'  reduce 47
	')'  reduce 47
	';'  reduce 47
	','  reduce 47
	':'  reduce 47


state 122
	expresion : expresion . '+' expresion  (40)
	expresion : expresion . '*' expresion  (41)
	expresion : expresion . '/' expresion  (42)
	expresion : expresion . '-' expresion  (43)
	expresion : expresion . '%' expresion  (44)
	expresion : expresion . '>' expresion  (45)
	expresion : expresion . '<' expresion  (46)
	expresion : expresion . MAYORIGUALQUE expresion  (47)
	expresion : expresion . MENORIGUALQUE expresion  (48)
	expresion : expresion MENORIGUALQUE expresion .  (48)
	expresion : expresion . DISTINTO expresion  (49)
	expresion : expresion . IGUALDAD expresion  (50)
	expresion : expresion . Y expresion  (51)
	expresion : expresion . O expresion  (52)
	expresion : expresion . '.' ID  (55)
	expresion : expresion . '[' expresion ']'  (59)
	expresion : expresion . MAYOR expresion MAYOR expresion  (60)
	expresion : expresion . MENOR expresion MENOR expresion  (61)

	'+'  shift 98
	'-'  shift 99
	'*'  shift 100
	'/'  shift 101
	'%'  shift 102
	'['  shift 103
	'.'  shift 104
	Y  reduce 48
	O  reduce 48
	MAYORIGUALQUE  reduce 48
	MENORIGUALQUE  reduce 48
	DISTINTO  reduce 48
	IGUALDAD  reduce 48
	MENOR  reduce 48
	MAYOR  reduce 48
	'='  reduce 48
	'>'  reduce 48
	'<'  reduce 48
	']'  reduce 48
	')'  reduce 48
	';'  reduce 48
	','  reduce 48
	':'  reduce 48


state 123
	expresion : expresion . '+' expresion  (40)
	expresion : expresion . '*' expresion  (41)
	expresion : expresion . '/' expresion  (42)
	expresion : expresion . '-' expresion  (43)
	expresion : expresion . '%' expresion  (44)
	expresion : expresion . '>' expresion  (45)
	expresion : expresion . '<' expresion  (46)
	expresion : expresion . MAYORIGUALQUE expresion  (47)
	expresion : expresion . MENORIGUALQUE expresion  (48)
	expresion : expresion . DISTINTO expresion  (49)
	expresion : expresion DISTINTO expresion .  (49)
	expresion : expresion . IGUALDAD expresion  (50)
	expresion : expresion . Y expresion  (51)
	expresion : expresion . O expresion  (52)
	expresion : expresion . '.' ID  (55)
	expresion : expresion . '[' expresion ']'  (59)
	expresion : expresion . MAYOR expresion MAYOR expresion  (60)
	expresion : expresion . MENOR expresion MENOR expresion  (61)

	'+'  shift 98
	'-'  shift 99
	'*'  shift 100
	'/'  shift 101
	'%'  shift 102
	'['  shift 103
	'.'  shift 104
	Y  reduce 49
	O  reduce 49
	MAYORIGUALQUE  reduce 49
	MENORIGUALQUE  reduce 49
	DISTINTO  reduce 49
	IGUALDAD  reduce 49
	MENOR  reduce 49
	MAYOR  reduce 49
	'='  reduce 49
	'>'  reduce 49
	'<'  reduce 49
	']'  reduce 49
	')'  reduce 49
	';'  reduce 49
	','  reduce 49
	':'  reduce 49


state 124
	expresion : expresion . '+' expresion  (40)
	expresion : expresion . '*' expresion  (41)
	expresion : expresion . '/' expresion  (42)
	expresion : expresion . '-' expresion  (43)
	expresion : expresion . '%' expresion  (44)
	expresion : expresion . '>' expresion  (45)
	expresion : expresion . '<' expresion  (46)
	expresion : expresion . MAYORIGUALQUE expresion  (47)
	expresion : expresion . MENORIGUALQUE expresion  (48)
	expresion : expresion . DISTINTO expresion  (49)
	expresion : expresion . IGUALDAD expresion  (50)
	expresion : expresion IGUALDAD expresion .  (50)
	expresion : expresion . Y expresion  (51)
	expresion : expresion . O expresion  (52)
	expresion : expresion . '.' ID  (55)
	expresion : expresion . '[' expresion ']'  (59)
	expresion : expresion . MAYOR expresion MAYOR expresion  (60)
	expresion : expresion . MENOR expresion MENOR expresion  (61)

	'+'  shift 98
	'-'  shift 99
	'*'  shift 100
	'/'  shift 101
	'%'  shift 102
	'['  shift 103
	'.'  shift 104
	Y  reduce 50
	O  reduce 50
	MAYORIGUALQUE  reduce 50
	MENORIGUALQUE  reduce 50
	DISTINTO  reduce 50
	IGUALDAD  reduce 50
	MENOR  reduce 50
	MAYOR  reduce 50
	'='  reduce 50
	'>'  reduce 50
	'<'  reduce 50
	']'  reduce 50
	')'  reduce 50
	';'  reduce 50
	','  reduce 50
	':'  reduce 50


state 125
	expresion : expresion . '+' expresion  (40)
	expresion : expresion . '*' expresion  (41)
	expresion : expresion . '/' expresion  (42)
	expresion : expresion . '-' expresion  (43)
	expresion : expresion . '%' expresion  (44)
	expresion : expresion . '>' expresion  (45)
	expresion : expresion . '<' expresion  (46)
	expresion : expresion . MAYORIGUALQUE expresion  (47)
	expresion : expresion . MENORIGUALQUE expresion  (48)
	expresion : expresion . DISTINTO expresion  (49)
	expresion : expresion . IGUALDAD expresion  (50)
	expresion : expresion . Y expresion  (51)
	expresion : expresion . O expresion  (52)
	expresion : expresion . '.' ID  (55)
	expresion : expresion . '[' expresion ']'  (59)
	expresion : expresion . MAYOR expresion MAYOR expresion  (60)
	expresion : expresion . MENOR expresion MENOR expresion  (61)
	expresion : expresion MENOR expresion . MENOR expresion  (61)

	Y  shift 87
	O  shift 88
	MAYORIGUALQUE  shift 89
	MENORIGUALQUE  shift 90
	DISTINTO  shift 91
	IGUALDAD  shift 92
	MENOR  shift 145
	MAYOR  shift 94
	'>'  shift 96
	'<'  shift 97
	'+'  shift 98
	'-'  shift 99
	'*'  shift 100
	'/'  shift 101
	'%'  shift 102
	'['  shift 103
	'.'  shift 104
	.  error


state 126
	expresion : expresion . '+' expresion  (40)
	expresion : expresion . '*' expresion  (41)
	expresion : expresion . '/' expresion  (42)
	expresion : expresion . '-' expresion  (43)
	expresion : expresion . '%' expresion  (44)
	expresion : expresion . '>' expresion  (45)
	expresion : expresion . '<' expresion  (46)
	expresion : expresion . MAYORIGUALQUE expresion  (47)
	expresion : expresion . MENORIGUALQUE expresion  (48)
	expresion : expresion . DISTINTO expresion  (49)
	expresion : expresion . IGUALDAD expresion  (50)
	expresion : expresion . Y expresion  (51)
	expresion : expresion . O expresion  (52)
	expresion : expresion . '.' ID  (55)
	expresion : expresion . '[' expresion ']'  (59)
	expresion : expresion . MAYOR expresion MAYOR expresion  (60)
	expresion : expresion MAYOR expresion . MAYOR expresion  (60)
	expresion : expresion . MENOR expresion MENOR expresion  (61)

	Y  shift 87
	O  shift 88
	MAYORIGUALQUE  shift 89
	MENORIGUALQUE  shift 90
	DISTINTO  shift 91
	IGUALDAD  shift 92
	MENOR  shift 93
	MAYOR  shift 146
	'>'  shift 96
	'<'  shift 97
	'+'  shift 98
	'-'  shift 99
	'*'  shift 100
	'/'  shift 101
	'%'  shift 102
	'['  shift 103
	'.'  shift 104
	.  error


state 127
	sentencia : expresion '=' '(' . expresion ')' '?' expresion ':' expresion ';'  (25)
	expresion : '(' . expresion ')'  (56)
	expresion : '(' . tipoSimple ')' expresion  (57)

	CTE_ENTERA  shift 53
	CTE_REAL  shift 54
	CTE_CARACTER  shift 55
	INT  shift 3
	DOUBLE  shift 4
	CHAR  shift 5
	ID  shift 61
	'-'  shift 62
	'('  shift 63
	'!'  shift 64
	.  error

	tipoSimple  goto 81
	expresion  goto 147
	invocacion  goto 74


state 128
	sentencia : expresion '=' expresion . ';'  (17)
	expresion : expresion . '+' expresion  (40)
	expresion : expresion . '*' expresion  (41)
	expresion : expresion . '/' expresion  (42)
	expresion : expresion . '-' expresion  (43)
	expresion : expresion . '%' expresion  (44)
	expresion : expresion . '>' expresion  (45)
	expresion : expresion . '<' expresion  (46)
	expresion : expresion . MAYORIGUALQUE expresion  (47)
	expresion : expresion . MENORIGUALQUE expresion  (48)
	expresion : expresion . DISTINTO expresion  (49)
	expresion : expresion . IGUALDAD expresion  (50)
	expresion : expresion . Y expresion  (51)
	expresion : expresion . O expresion  (52)
	expresion : expresion . '.' ID  (55)
	expresion : expresion . '[' expresion ']'  (59)
	expresion : expresion . MAYOR expresion MAYOR expresion  (60)
	expresion : expresion . MENOR expresion MENOR expresion  (61)

	Y  shift 87
	O  shift 88
	MAYORIGUALQUE  shift 89
	MENORIGUALQUE  shift 90
	DISTINTO  shift 91
	IGUALDAD  shift 92
	MENOR  shift 93
	MAYOR  shift 94
	'>'  shift 96
	'<'  shift 97
	'+'  shift 98
	'-'  shift 99
	'*'  shift 100
	'/'  shift 101
	'%'  shift 102
	'['  shift 103
	'.'  shift 104
	';'  shift 148
	.  error


state 129
	expresion : expresion . '+' expresion  (40)
	expresion : expresion . '*' expresion  (41)
	expresion : expresion . '/' expresion  (42)
	expresion : expresion . '-' expresion  (43)
	expresion : expresion . '%' expresion  (44)
	expresion : expresion . '>' expresion  (45)
	expresion : expresion '>' expresion .  (45)
	expresion : expresion . '<' expresion  (46)
	expresion : expresion . MAYORIGUALQUE expresion  (47)
	expresion : expresion . MENORIGUALQUE expresion  (48)
	expresion : expresion . DISTINTO expresion  (49)
	expresion : expresion . IGUALDAD expresion  (50)
	expresion : expresion . Y expresion  (51)
	expresion : expresion . O expresion  (52)
	expresion : expresion . '.' ID  (55)
	expresion : expresion . '[' expresion ']'  (59)
	expresion : expresion . MAYOR expresion MAYOR expresion  (60)
	expresion : expresion . MENOR expresion MENOR expresion  (61)

	'+'  shift 98
	'-'  shift 99
	'*'  shift 100
	'/'  shift 101
	'%'  shift 102
	'['  shift 103
	'.'  shift 104
	Y  reduce 45
	O  reduce 45
	MAYORIGUALQUE  reduce 45
	MENORIGUALQUE  reduce 45
	DISTINTO  reduce 45
	IGUALDAD  reduce 45
	MENOR  reduce 45
	MAYOR  reduce 45
	'='  reduce 45
	'>'  reduce 45
	'<'  reduce 45
	']'  reduce 45
	')'  reduce 45
	';'  reduce 45
	','  reduce 45
	':'  reduce 45


state 130
	expresion : expresion . '+' expresion  (40)
	expresion : expresion . '*' expresion  (41)
	expresion : expresion . '/' expresion  (42)
	expresion : expresion . '-' expresion  (43)
	expresion : expresion . '%' expresion  (44)
	expresion : expresion . '>' expresion  (45)
	expresion : expresion . '<' expresion  (46)
	expresion : expresion '<' expresion .  (46)
	expresion : expresion . MAYORIGUALQUE expresion  (47)
	expresion : expresion . MENORIGUALQUE expresion  (48)
	expresion : expresion . DISTINTO expresion  (49)
	expresion : expresion . IGUALDAD expresion  (50)
	expresion : expresion . Y expresion  (51)
	expresion : expresion . O expresion  (52)
	expresion : expresion . '.' ID  (55)
	expresion : expresion . '[' expresion ']'  (59)
	expresion : expresion . MAYOR expresion MAYOR expresion  (60)
	expresion : expresion . MENOR expresion MENOR expresion  (61)

	'+'  shift 98
	'-'  shift 99
	'*'  shift 100
	'/'  shift 101
	'%'  shift 102
	'['  shift 103
	'.'  shift 104
	Y  reduce 46
	O  reduce 46
	MAYORIGUALQUE  reduce 46
	MENORIGUALQUE  reduce 46
	DISTINTO  reduce 46
	IGUALDAD  reduce 46
	MENOR  reduce 46
	MAYOR  reduce 46
	'='  reduce 46
	'>'  reduce 46
	'<'  reduce 46
	']'  reduce 46
	')'  reduce 46
	';'  reduce 46
	','  reduce 46
	':'  reduce 46


state 131
	expresion : expresion . '+' expresion  (40)
	expresion : expresion '+' expresion .  (40)
	expresion : expresion . '*' expresion  (41)
	expresion : expresion . '/' expresion  (42)
	expresion : expresion . '-' expresion  (43)
	expresion : expresion . '%' expresion  (44)
	expresion : expresion . '>' expresion  (45)
	expresion : expresion . '<' expresion  (46)
	expresion : expresion . MAYORIGUALQUE expresion  (47)
	expresion : expresion . MENORIGUALQUE expresion  (48)
	expresion : expresion . DISTINTO expresion  (49)
	expresion : expresion . IGUALDAD expresion  (50)
	expresion : expresion . Y expresion  (51)
	expresion : expresion . O expresion  (52)
	expresion : expresion . '.' ID  (55)
	expresion : expresion . '[' expresion ']'  (59)
	expresion : expresion . MAYOR expresion MAYOR expresion  (60)
	expresion : expresion . MENOR expresion MENOR expresion  (61)

	'*'  shift 100
	'/'  shift 101
	'%'  shift 102
	'['  shift 103
	'.'  shift 104
	Y  reduce 40
	O  reduce 40
	MAYORIGUALQUE  reduce 40
	MENORIGUALQUE  reduce 40
	DISTINTO  reduce 40
	IGUALDAD  reduce 40
	MENOR  reduce 40
	MAYOR  reduce 40
	'='  reduce 40
	'>'  reduce 40
	'<'  reduce 40
	'+'  reduce 40
	'-'  reduce 40
	']'  reduce 40
	')'  reduce 40
	';'  reduce 40
	','  reduce 40
	':'  reduce 40


state 132
	expresion : expresion . '+' expresion  (40)
	expresion : expresion . '*' expresion  (41)
	expresion : expresion . '/' expresion  (42)
	expresion : expresion . '-' expresion  (43)
	expresion : expresion '-' expresion .  (43)
	expresion : expresion . '%' expresion  (44)
	expresion : expresion . '>' expresion  (45)
	expresion : expresion . '<' expresion  (46)
	expresion : expresion . MAYORIGUALQUE expresion  (47)
	expresion : expresion . MENORIGUALQUE expresion  (48)
	expresion : expresion . DISTINTO expresion  (49)
	expresion : expresion . IGUALDAD expresion  (50)
	expresion : expresion . Y expresion  (51)
	expresion : expresion . O expresion  (52)
	expresion : expresion . '.' ID  (55)
	expresion : expresion . '[' expresion ']'  (59)
	expresion : expresion . MAYOR expresion MAYOR expresion  (60)
	expresion : expresion . MENOR expresion MENOR expresion  (61)

	'*'  shift 100
	'/'  shift 101
	'%'  shift 102
	'['  shift 103
	'.'  shift 104
	Y  reduce 43
	O  reduce 43
	MAYORIGUALQUE  reduce 43
	MENORIGUALQUE  reduce 43
	DISTINTO  reduce 43
	IGUALDAD  reduce 43
	MENOR  reduce 43
	MAYOR  reduce 43
	'='  reduce 43
	'>'  reduce 43
	'<'  reduce 43
	'+'  reduce 43
	'-'  reduce 43
	']'  reduce 43
	')'  reduce 43
	';'  reduce 43
	','  reduce 43
	':'  reduce 43


state 133
	expresion : expresion . '+' expresion  (40)
	expresion : expresion . '*' expresion  (41)
	expresion : expresion '*' expresion .  (41)
	expresion : expresion . '/' expresion  (42)
	expresion : expresion . '-' expresion  (43)
	expresion : expresion . '%' expresion  (44)
	expresion : expresion . '>' expresion  (45)
	expresion : expresion . '<' expresion  (46)
	expresion : expresion . MAYORIGUALQUE expresion  (47)
	expresion : expresion . MENORIGUALQUE expresion  (48)
	expresion : expresion . DISTINTO expresion  (49)
	expresion : expresion . IGUALDAD expresion  (50)
	expresion : expresion . Y expresion  (51)
	expresion : expresion . O expresion  (52)
	expresion : expresion . '.' ID  (55)
	expresion : expresion . '[' expresion ']'  (59)
	expresion : expresion . MAYOR expresion MAYOR expresion  (60)
	expresion : expresion . MENOR expresion MENOR expresion  (61)

	'['  shift 103
	'.'  shift 104
	Y  reduce 41
	O  reduce 41
	MAYORIGUALQUE  reduce 41
	MENORIGUALQUE  reduce 41
	DISTINTO  reduce 41
	IGUALDAD  reduce 41
	MENOR  reduce 41
	MAYOR  reduce 41
	'='  reduce 41
	'>'  reduce 41
	'<'  reduce 41
	'+'  reduce 41
	'-'  reduce 41
	'*'  reduce 41
	'/'  reduce 41
	'%'  reduce 41
	']'  reduce 41
	')'  reduce 41
	';'  reduce 41
	','  reduce 41
	':'  reduce 41


state 134
	expresion : expresion . '+' expresion  (40)
	expresion : expresion . '*' expresion  (41)
	expresion : expresion . '/' expresion  (42)
	expresion : expresion '/' expresion .  (42)
	expresion : expresion . '-' expresion  (43)
	expresion : expresion . '%' expresion  (44)
	expresion : expresion . '>' expresion  (45)
	expresion : expresion . '<' expresion  (46)
	expresion : expresion . MAYORIGUALQUE expresion  (47)
	expresion : expresion . MENORIGUALQUE expresion  (48)
	expresion : expresion . DISTINTO expresion  (49)
	expresion : expresion . IGUALDAD expresion  (50)
	expresion : expresion . Y expresion  (51)
	expresion : expresion . O expresion  (52)
	expresion : expresion . '.' ID  (55)
	expresion : expresion . '[' expresion ']'  (59)
	expresion : expresion . MAYOR expresion MAYOR expresion  (60)
	expresion : expresion . MENOR expresion MENOR expresion  (61)

	'['  shift 103
	'.'  shift 104
	Y  reduce 42
	O  reduce 42
	MAYORIGUALQUE  reduce 42
	MENORIGUALQUE  reduce 42
	DISTINTO  reduce 42
	IGUALDAD  reduce 42
	MENOR  reduce 42
	MAYOR  reduce 42
	'='  reduce 42
	'>'  reduce 42
	'<'  reduce 42
	'+'  reduce 42
	'-'  reduce 42
	'*'  reduce 42
	'/'  reduce 42
	'%'  reduce 42
	']'  reduce 42
	')'  reduce 42
	';'  reduce 42
	','  reduce 42
	':'  reduce 42


state 135
	expresion : expresion . '+' expresion  (40)
	expresion : expresion . '*' expresion  (41)
	expresion : expresion . '/' expresion  (42)
	expresion : expresion . '-' expresion  (43)
	expresion : expresion . '%' expresion  (44)
	expresion : expresion '%' expresion .  (44)
	expresion : expresion . '>' expresion  (45)
	expresion : expresion . '<' expresion  (46)
	expresion : expresion . MAYORIGUALQUE expresion  (47)
	expresion : expresion . MENORIGUALQUE expresion  (48)
	expresion : expresion . DISTINTO expresion  (49)
	expresion : expresion . IGUALDAD expresion  (50)
	expresion : expresion . Y expresion  (51)
	expresion : expresion . O expresion  (52)
	expresion : expresion . '.' ID  (55)
	expresion : expresion . '[' expresion ']'  (59)
	expresion : expresion . MAYOR expresion MAYOR expresion  (60)
	expresion : expresion . MENOR expresion MENOR expresion  (61)

	'['  shift 103
	'.'  shift 104
	Y  reduce 44
	O  reduce 44
	MAYORIGUALQUE  reduce 44
	MENORIGUALQUE  reduce 44
	DISTINTO  reduce 44
	IGUALDAD  reduce 44
	MENOR  reduce 44
	MAYOR  reduce 44
	'='  reduce 44
	'>'  reduce 44
	'<'  reduce 44
	'+'  reduce 44
	'-'  reduce 44
	'*'  reduce 44
	'/'  reduce 44
	'%'  reduce 44
	']'  reduce 44
	')'  reduce 44
	';'  reduce 44
	','  reduce 44
	':'  reduce 44


state 136
	expresion : expresion . '+' expresion  (40)
	expresion : expresion . '*' expresion  (41)
	expresion : expresion . '/' expresion  (42)
	expresion : expresion . '-' expresion  (43)
	expresion : expresion . '%' expresion  (44)
	expresion : expresion . '>' expresion  (45)
	expresion : expresion . '<' expresion  (46)
	expresion : expresion . MAYORIGUALQUE expresion  (47)
	expresion : expresion . MENORIGUALQUE expresion  (48)
	expresion : expresion . DISTINTO expresion  (49)
	expresion : expresion . IGUALDAD expresion  (50)
	expresion : expresion . Y expresion  (51)
	expresion : expresion . O expresion  (52)
	expresion : expresion . '.' ID  (55)
	expresion : expresion . '[' expresion ']'  (59)
	expresion : expresion '[' expresion . ']'  (59)
	expresion : expresion . MAYOR expresion MAYOR expresion  (60)
	expresion : expresion . MENOR expresion MENOR expresion  (61)

	Y  shift 87
	O  shift 88
	MAYORIGUALQUE  shift 89
	MENORIGUALQUE  shift 90
	DISTINTO  shift 91
	IGUALDAD  shift 92
	MENOR  shift 93
	MAYOR  shift 94
	'>'  shift 96
	'<'  shift 97
	'+'  shift 98
	'-'  shift 99
	'*'  shift 100
	'/'  shift 101
	'%'  shift 102
	'['  shift 103
	']'  shift 149
	'.'  shift 104
	.  error


state 137
	expresion : expresion '.' ID .  (55)

	.  reduce 55


state 138
	definicion : VOID ID '(' parametros ')' '{' declaraciones cuerpoDefinicion '}' .  (5)

	.  reduce 5


state 139
	definicion : tipoSimple ID '(' parametros ')' '{' declaraciones cuerpoDefinicion '}' .  (4)

	.  reduce 4


state 140
	expresiones : expresiones ',' expresion .  (34)
	expresion : expresion . '+' expresion  (40)
	expresion : expresion . '*' expresion  (41)
	expresion : expresion . '/' expresion  (42)
	expresion : expresion . '-' expresion  (43)
	expresion : expresion . '%' expresion  (44)
	expresion : expresion . '>' expresion  (45)
	expresion : expresion . '<' expresion  (46)
	expresion : expresion . MAYORIGUALQUE expresion  (47)
	expresion : expresion . MENORIGUALQUE expresion  (48)
	expresion : expresion . DISTINTO expresion  (49)
	expresion : expresion . IGUALDAD expresion  (50)
	expresion : expresion . Y expresion  (51)
	expresion : expresion . O expresion  (52)
	expresion : expresion . '.' ID  (55)
	expresion : expresion . '[' expresion ']'  (59)
	expresion : expresion . MAYOR expresion MAYOR expresion  (60)
	expresion : expresion . MENOR expresion MENOR expresion  (61)

	Y  shift 87
	O  shift 88
	MAYORIGUALQUE  shift 89
	MENORIGUALQUE  shift 90
	DISTINTO  shift 91
	IGUALDAD  shift 92
	MENOR  shift 93
	MAYOR  shift 94
	'>'  shift 96
	'<'  shift 97
	'+'  shift 98
	'-'  shift 99
	'*'  shift 100
	'/'  shift 101
	'%'  shift 102
	'['  shift 103
	'.'  shift 104
	')'  reduce 34
	';'  reduce 34
	','  reduce 34


state 141
	sentencia : WHILE '(' expresion ')' . cuerpoCondicional  (18)

	CTE_ENTERA  shift 53
	CTE_REAL  shift 54
	CTE_CARACTER  shift 55
	READ  shift 56
	WRITE  shift 57
	WHILE  shift 58
	IF  shift 59
	RETURN  shift 60
	ID  shift 61
	'-'  shift 62
	'('  shift 63
	'{'  shift 150
	'!'  shift 64
	.  error

	sentencia  goto 151
	expresion  goto 68
	cuerpoCondicional  goto 152
	invocacion  goto 69


state 142
	sentencia : IF '(' expresion ')' . cuerpoCondicional  (19)
	sentencia : IF '(' expresion ')' . cuerpoCondicional ELSE cuerpoCondicional  (20)

	CTE_ENTERA  shift 53
	CTE_REAL  shift 54
	CTE_CARACTER  shift 55
	READ  shift 56
	WRITE  shift 57
	WHILE  shift 58
	IF  shift 59
	RETURN  shift 60
	ID  shift 61
	'-'  shift 62
	'('  shift 63
	'{'  shift 150
	'!'  shift 64
	.  error

	sentencia  goto 151
	expresion  goto 68
	cuerpoCondicional  goto 153
	invocacion  goto 69


state 143
	invocacion : ID '(' argumentosLlamada ')' .  (62)

	.  reduce 62


state 144
	expresion : expresion . '+' expresion  (40)
	expresion : expresion . '*' expresion  (41)
	expresion : expresion . '/' expresion  (42)
	expresion : expresion . '-' expresion  (43)
	expresion : expresion . '%' expresion  (44)
	expresion : expresion . '>' expresion  (45)
	expresion : expresion . '<' expresion  (46)
	expresion : expresion . MAYORIGUALQUE expresion  (47)
	expresion : expresion . MENORIGUALQUE expresion  (48)
	expresion : expresion . DISTINTO expresion  (49)
	expresion : expresion . IGUALDAD expresion  (50)
	expresion : expresion . Y expresion  (51)
	expresion : expresion . O expresion  (52)
	expresion : expresion . '.' ID  (55)
	expresion : '(' tipoSimple ')' expresion .  (57)
	expresion : expresion . '[' expresion ']'  (59)
	expresion : expresion . MAYOR expresion MAYOR expresion  (60)
	expresion : expresion . MENOR expresion MENOR expresion  (61)

	'['  shift 103
	'.'  shift 104
	Y  reduce 57
	O  reduce 57
	MAYORIGUALQUE  reduce 57
	MENORIGUALQUE  reduce 57
	DISTINTO  reduce 57
	IGUALDAD  reduce 57
	MENOR  reduce 57
	MAYOR  reduce 57
	'='  reduce 57
	'>'  reduce 57
	'<'  reduce 57
	'+'  reduce 57
	'-'  reduce 57
	'*'  reduce 57
	'/'  reduce 57
	'%'  reduce 57
	']'  reduce 57
	')'  reduce 57
	';'  reduce 57
	','  reduce 57
	':'  reduce 57


state 145
	expresion : expresion MENOR . expresion MENOR expresion  (61)
	expresion : expresion MENOR expresion MENOR . expresion  (61)

	CTE_ENTERA  shift 53
	CTE_REAL  shift 54
	CTE_CARACTER  shift 55
	ID  shift 61
	'-'  shift 62
	'('  shift 63
	'!'  shift 64
	.  error

	expresion  goto 154
	invocacion  goto 74


state 146
	expresion : expresion MAYOR . expresion MAYOR expresion  (60)
	expresion : expresion MAYOR expresion MAYOR . expresion  (60)

	CTE_ENTERA  shift 53
	CTE_REAL  shift 54
	CTE_CARACTER  shift 55
	ID  shift 61
	'-'  shift 62
	'('  shift 63
	'!'  shift 64
	.  error

	expresion  goto 155
	invocacion  goto 74


state 147
	sentencia : expresion '=' '(' expresion . ')' '?' expresion ':' expresion ';'  (25)
	expresion : expresion . '+' expresion  (40)
	expresion : expresion . '*' expresion  (41)
	expresion : expresion . '/' expresion  (42)
	expresion : expresion . '-' expresion  (43)
	expresion : expresion . '%' expresion  (44)
	expresion : expresion . '>' expresion  (45)
	expresion : expresion . '<' expresion  (46)
	expresion : expresion . MAYORIGUALQUE expresion  (47)
	expresion : expresion . MENORIGUALQUE expresion  (48)
	expresion : expresion . DISTINTO expresion  (49)
	expresion : expresion . IGUALDAD expresion  (50)
	expresion : expresion . Y expresion  (51)
	expresion : expresion . O expresion  (52)
	expresion : expresion . '.' ID  (55)
	expresion : '(' expresion . ')'  (56)
	expresion : expresion . '[' expresion ']'  (59)
	expresion : expresion . MAYOR expresion MAYOR expresion  (60)
	expresion : expresion . MENOR expresion MENOR expresion  (61)

	Y  shift 87
	O  shift 88
	MAYORIGUALQUE  shift 89
	MENORIGUALQUE  shift 90
	DISTINTO  shift 91
	IGUALDAD  shift 92
	MENOR  shift 93
	MAYOR  shift 94
	'>'  shift 96
	'<'  shift 97
	'+'  shift 98
	'-'  shift 99
	'*'  shift 100
	'/'  shift 101
	'%'  shift 102
	'['  shift 103
	'.'  shift 104
	')'  shift 156
	.  error


state 148
	sentencia : expresion '=' expresion ';' .  (17)

	.  reduce 17


state 149
	expresion : expresion '[' expresion ']' .  (59)

	.  reduce 59


state 150
	cuerpoCondicional : '{' . sentencias '}'  (26)

	CTE_ENTERA  shift 53
	CTE_REAL  shift 54
	CTE_CARACTER  shift 55
	READ  shift 56
	WRITE  shift 57
	WHILE  shift 58
	IF  shift 59
	RETURN  shift 60
	ID  shift 61
	'-'  shift 62
	'('  shift 63
	'!'  shift 64
	.  error

	sentencias  goto 157
	sentencia  goto 67
	expresion  goto 68
	invocacion  goto 69


state 151
	cuerpoCondicional : sentencia .  (27)

	.  reduce 27


state 152
	sentencia : WHILE '(' expresion ')' cuerpoCondicional .  (18)

	.  reduce 18


state 153
	sentencia : IF '(' expresion ')' cuerpoCondicional .  (19)
	sentencia : IF '(' expresion ')' cuerpoCondicional . ELSE cuerpoCondicional  (20)

	ELSE  shift 158
	CTE_ENTERA  reduce 19
	CTE_REAL  reduce 19
	CTE_CARACTER  reduce 19
	READ  reduce 19
	WRITE  reduce 19
	WHILE  reduce 19
	IF  reduce 19
	RETURN  reduce 19
	ID  reduce 19
	'-'  reduce 19
	'('  reduce 19
	'}'  reduce 19
	'!'  reduce 19


state 154
	expresion : expresion . '+' expresion  (40)
	expresion : expresion . '*' expresion  (41)
	expresion : expresion . '/' expresion  (42)
	expresion : expresion . '-' expresion  (43)
	expresion : expresion . '%' expresion  (44)
	expresion : expresion . '>' expresion  (45)
	expresion : expresion . '<' expresion  (46)
	expresion : expresion . MAYORIGUALQUE expresion  (47)
	expresion : expresion . MENORIGUALQUE expresion  (48)
	expresion : expresion . DISTINTO expresion  (49)
	expresion : expresion . IGUALDAD expresion  (50)
	expresion : expresion . Y expresion  (51)
	expresion : expresion . O expresion  (52)
	expresion : expresion . '.' ID  (55)
	expresion : expresion . '[' expresion ']'  (59)
	expresion : expresion . MAYOR expresion MAYOR expresion  (60)
	expresion : expresion . MENOR expresion MENOR expresion  (61)
	expresion : expresion MENOR expresion . MENOR expresion  (61)
	expresion : expresion MENOR expresion MENOR expresion .  (61)

	'+'  shift 98
	'-'  shift 99
	'*'  shift 100
	'/'  shift 101
	'%'  shift 102
	'['  shift 103
	'.'  shift 104
	Y  reduce 61
	O  reduce 61
	MAYORIGUALQUE  reduce 61
	MENORIGUALQUE  reduce 61
	DISTINTO  reduce 61
	IGUALDAD  reduce 61
	MENOR  reduce 61
	MAYOR  reduce 61
	'='  reduce 61
	'>'  reduce 61
	'<'  reduce 61
	']'  reduce 61
	')'  reduce 61
	';'  reduce 61
	','  reduce 61
	':'  reduce 61


state 155
	expresion : expresion . '+' expresion  (40)
	expresion : expresion . '*' expresion  (41)
	expresion : expresion . '/' expresion  (42)
	expresion : expresion . '-' expresion  (43)
	expresion : expresion . '%' expresion  (44)
	expresion : expresion . '>' expresion  (45)
	expresion : expresion . '<' expresion  (46)
	expresion : expresion . MAYORIGUALQUE expresion  (47)
	expresion : expresion . MENORIGUALQUE expresion  (48)
	expresion : expresion . DISTINTO expresion  (49)
	expresion : expresion . IGUALDAD expresion  (50)
	expresion : expresion . Y expresion  (51)
	expresion : expresion . O expresion  (52)
	expresion : expresion . '.' ID  (55)
	expresion : expresion . '[' expresion ']'  (59)
	expresion : expresion . MAYOR expresion MAYOR expresion  (60)
	expresion : expresion MAYOR expresion . MAYOR expresion  (60)
	expresion : expresion MAYOR expresion MAYOR expresion .  (60)
	expresion : expresion . MENOR expresion MENOR expresion  (61)

	'+'  shift 98
	'-'  shift 99
	'*'  shift 100
	'/'  shift 101
	'%'  shift 102
	'['  shift 103
	'.'  shift 104
	Y  reduce 60
	O  reduce 60
	MAYORIGUALQUE  reduce 60
	MENORIGUALQUE  reduce 60
	DISTINTO  reduce 60
	IGUALDAD  reduce 60
	MENOR  reduce 60
	MAYOR  reduce 60
	'='  reduce 60
	'>'  reduce 60
	'<'  reduce 60
	']'  reduce 60
	')'  reduce 60
	';'  reduce 60
	','  reduce 60
	':'  reduce 60


state 156
	sentencia : expresion '=' '(' expresion ')' . '?' expresion ':' expresion ';'  (25)
	expresion : '(' expresion ')' .  (56)

	'?'  shift 159
	Y  reduce 56
	O  reduce 56
	MAYORIGUALQUE  reduce 56
	MENORIGUALQUE  reduce 56
	DISTINTO  reduce 56
	IGUALDAD  reduce 56
	MENOR  reduce 56
	MAYOR  reduce 56
	'>'  reduce 56
	'<'  reduce 56
	'+'  reduce 56
	'-'  reduce 56
	'*'  reduce 56
	'/'  reduce 56
	'%'  reduce 56
	'['  reduce 56
	'.'  reduce 56
	';'  reduce 56


state 157
	sentencias : sentencias . sentencia  (15)
	cuerpoCondicional : '{' sentencias . '}'  (26)

	CTE_ENTERA  shift 53
	CTE_REAL  shift 54
	CTE_CARACTER  shift 55
	READ  shift 56
	WRITE  shift 57
	WHILE  shift 58
	IF  shift 59
	RETURN  shift 60
	ID  shift 61
	'-'  shift 62
	'('  shift 63
	'}'  shift 160
	'!'  shift 64
	.  error

	sentencia  goto 85
	expresion  goto 68
	invocacion  goto 69


state 158
	sentencia : IF '(' expresion ')' cuerpoCondicional ELSE . cuerpoCondicional  (20)

	CTE_ENTERA  shift 53
	CTE_REAL  shift 54
	CTE_CARACTER  shift 55
	READ  shift 56
	WRITE  shift 57
	WHILE  shift 58
	IF  shift 59
	RETURN  shift 60
	ID  shift 61
	'-'  shift 62
	'('  shift 63
	'{'  shift 150
	'!'  shift 64
	.  error

	sentencia  goto 151
	expresion  goto 68
	cuerpoCondicional  goto 161
	invocacion  goto 69


state 159
	sentencia : expresion '=' '(' expresion ')' '?' . expresion ':' expresion ';'  (25)

	CTE_ENTERA  shift 53
	CTE_REAL  shift 54
	CTE_CARACTER  shift 55
	ID  shift 61
	'-'  shift 62
	'('  shift 63
	'!'  shift 64
	.  error

	expresion  goto 162
	invocacion  goto 74


state 160
	cuerpoCondicional : '{' sentencias '}' .  (26)

	.  reduce 26


state 161
	sentencia : IF '(' expresion ')' cuerpoCondicional ELSE cuerpoCondicional .  (20)

	.  reduce 20


state 162
	sentencia : expresion '=' '(' expresion ')' '?' expresion . ':' expresion ';'  (25)
	expresion : expresion . '+' expresion  (40)
	expresion : expresion . '*' expresion  (41)
	expresion : expresion . '/' expresion  (42)
	expresion : expresion . '-' expresion  (43)
	expresion : expresion . '%' expresion  (44)
	expresion : expresion . '>' expresion  (45)
	expresion : expresion . '<' expresion  (46)
	expresion : expresion . MAYORIGUALQUE expresion  (47)
	expresion : expresion . MENORIGUALQUE expresion  (48)
	expresion : expresion . DISTINTO expresion  (49)
	expresion : expresion . IGUALDAD expresion  (50)
	expresion : expresion . Y expresion  (51)
	expresion : expresion . O expresion  (52)
	expresion : expresion . '.' ID  (55)
	expresion : expresion . '[' expresion ']'  (59)
	expresion : expresion . MAYOR expresion MAYOR expresion  (60)
	expresion : expresion . MENOR expresion MENOR expresion  (61)

	Y  shift 87
	O  shift 88
	MAYORIGUALQUE  shift 89
	MENORIGUALQUE  shift 90
	DISTINTO  shift 91
	IGUALDAD  shift 92
	MENOR  shift 93
	MAYOR  shift 94
	'>'  shift 96
	'<'  shift 97
	'+'  shift 98
	'-'  shift 99
	'*'  shift 100
	'/'  shift 101
	'%'  shift 102
	'['  shift 103
	'.'  shift 104
	':'  shift 163
	.  error


state 163
	sentencia : expresion '=' '(' expresion ')' '?' expresion ':' . expresion ';'  (25)

	CTE_ENTERA  shift 53
	CTE_REAL  shift 54
	CTE_CARACTER  shift 55
	ID  shift 61
	'-'  shift 62
	'('  shift 63
	'!'  shift 64
	.  error

	expresion  goto 164
	invocacion  goto 74


state 164
	sentencia : expresion '=' '(' expresion ')' '?' expresion ':' expresion . ';'  (25)
	expresion : expresion . '+' expresion  (40)
	expresion : expresion . '*' expresion  (41)
	expresion : expresion . '/' expresion  (42)
	expresion : expresion . '-' expresion  (43)
	expresion : expresion . '%' expresion  (44)
	expresion : expresion . '>' expresion  (45)
	expresion : expresion . '<' expresion  (46)
	expresion : expresion . MAYORIGUALQUE expresion  (47)
	expresion : expresion . MENORIGUALQUE expresion  (48)
	expresion : expresion . DISTINTO expresion  (49)
	expresion : expresion . IGUALDAD expresion  (50)
	expresion : expresion . Y expresion  (51)
	expresion : expresion . O expresion  (52)
	expresion : expresion . '.' ID  (55)
	expresion : expresion . '[' expresion ']'  (59)
	expresion : expresion . MAYOR expresion MAYOR expresion  (60)
	expresion : expresion . MENOR expresion MENOR expresion  (61)

	Y  shift 87
	O  shift 88
	MAYORIGUALQUE  shift 89
	MENORIGUALQUE  shift 90
	DISTINTO  shift 91
	IGUALDAD  shift 92
	MENOR  shift 93
	MAYOR  shift 94
	'>'  shift 96
	'<'  shift 97
	'+'  shift 98
	'-'  shift 99
	'*'  shift 100
	'/'  shift 101
	'%'  shift 102
	'['  shift 103
	'.'  shift 104
	';'  shift 165
	.  error


state 165
	sentencia : expresion '=' '(' expresion ')' '?' expresion ':' expresion ';' .  (25)

	.  reduce 25


50 terminals, 20 nonterminals
72 grammar rules, 166 states
