   0  $accept : programa $end

   1  programa : definiciones VOID MAIN '(' ')' '{' declaraciones sentencias '}'

   2  definiciones : definiciones definicion
   3               |

   4  definicion : tipoSimple ID '(' parametros ')' '{' declaraciones cuerpoDefinicion '}'
   5             | VOID ID '(' parametros ')' '{' declaraciones cuerpoDefinicion '}'
   6             | declaracionVariable ';'

   7  declaraciones : declaraciones declaracionVariable ';'
   8                |

   9  parametros : parametros ',' definicioVariable
  10             | definicioVariable
  11             |

  12  definicioVariable : tipoSimple ID

  13  cuerpoDefinicion : sentencias
  14                   |

  15  sentencias : sentencias sentencia
  16             | sentencia

  17  sentencia : expresion '=' expresion ';'
  18            | WHILE '(' expresion ')' '{' sentencias '}'
  19            | IF '(' expresion ')' cuerpoCondicional
  20            | IF '(' expresion ')' cuerpoCondicional ELSE cuerpoCondicional
  21            | WRITE expresiones ';'
  22            | READ expresiones ';'
  23            | invocacion ';'
  24            | RETURN expresion ';'

  25  cuerpoCondicional : '{' sentencias '}'
  26                    | sentencia

  27  campos : campos declaracionVariable ';'
  28         | declaracionVariable ';'

  29  declaracionVariable : tipoSimple identificador
  30                      | tipoSimple indices identificador
  31                      | STRUCT '{' campos '}' identificador

  32  expresiones : expresiones ',' expresion
  33              | expresion

  34  expresion : ID
  35            | CTE_ENTERA
  36            | CTE_REAL
  37            | CTE_CARACTER
  38            | expresion '+' expresion
  39            | expresion '*' expresion
  40            | expresion '/' expresion
  41            | expresion '-' expresion
  42            | expresion '%' expresion
  43            | expresion '>' expresion
  44            | expresion '<' expresion
  45            | expresion MAYORIGUALQUE expresion
  46            | expresion MENORIGUALQUE expresion
  47            | expresion DISTINTO expresion
  48            | expresion IGUALDAD expresion
  49            | expresion Y expresion
  50            | expresion O expresion
  51            | '!' expresion
  52            | '-' expresion
  53            | ID '.' expresion
  54            | '(' expresion ')'
  55            | '(' tipoSimple ')' expresion
  56            | invocacion

  57  invocacion : ID '(' argumentosLlamada ')'

  58  argumentosLlamada : expresiones
  59                    |

  60  indices : indices '[' CTE_ENTERA ']'
  61          | '[' CTE_ENTERA ']'

  62  identificador : identificador ',' ID
  63                | ID

  64  tipoSimple : INT
  65             | DOUBLE
  66             | CHAR

state 0
	$accept : . programa $end  (0)
	definiciones : .  (3)

	.  reduce 3

	programa  goto 1
	definiciones  goto 2


state 1
	$accept : programa . $end  (0)

	$end  accept


state 2
	programa : definiciones . VOID MAIN '(' ')' '{' declaraciones sentencias '}'  (1)
	definiciones : definiciones . definicion  (2)

	INT  shift 3
	DOUBLE  shift 4
	CHAR  shift 5
	STRUCT  shift 6
	VOID  shift 7
	.  error

	definicion  goto 8
	tipoSimple  goto 9
	declaracionVariable  goto 10


state 3
	tipoSimple : INT .  (64)

	.  reduce 64


state 4
	tipoSimple : DOUBLE .  (65)

	.  reduce 65


state 5
	tipoSimple : CHAR .  (66)

	.  reduce 66


state 6
	declaracionVariable : STRUCT . '{' campos '}' identificador  (31)

	'{'  shift 11
	.  error


state 7
	programa : definiciones VOID . MAIN '(' ')' '{' declaraciones sentencias '}'  (1)
	definicion : VOID . ID '(' parametros ')' '{' declaraciones cuerpoDefinicion '}'  (5)

	MAIN  shift 12
	ID  shift 13
	.  error


state 8
	definiciones : definiciones definicion .  (2)

	.  reduce 2


state 9
	definicion : tipoSimple . ID '(' parametros ')' '{' declaraciones cuerpoDefinicion '}'  (4)
	declaracionVariable : tipoSimple . identificador  (29)
	declaracionVariable : tipoSimple . indices identificador  (30)

	ID  shift 14
	'['  shift 15
	.  error

	identificador  goto 16
	indices  goto 17


state 10
	definicion : declaracionVariable . ';'  (6)

	';'  shift 18
	.  error


state 11
	declaracionVariable : STRUCT '{' . campos '}' identificador  (31)

	INT  shift 3
	DOUBLE  shift 4
	CHAR  shift 5
	STRUCT  shift 6
	.  error

	tipoSimple  goto 19
	declaracionVariable  goto 20
	campos  goto 21


state 12
	programa : definiciones VOID MAIN . '(' ')' '{' declaraciones sentencias '}'  (1)

	'('  shift 22
	.  error


state 13
	definicion : VOID ID . '(' parametros ')' '{' declaraciones cuerpoDefinicion '}'  (5)

	'('  shift 23
	.  error


state 14
	definicion : tipoSimple ID . '(' parametros ')' '{' declaraciones cuerpoDefinicion '}'  (4)
	identificador : ID .  (63)

	'('  shift 24
	';'  reduce 63
	','  reduce 63


state 15
	indices : '[' . CTE_ENTERA ']'  (61)

	CTE_ENTERA  shift 25
	.  error


state 16
	declaracionVariable : tipoSimple identificador .  (29)
	identificador : identificador . ',' ID  (62)

	','  shift 26
	';'  reduce 29


state 17
	declaracionVariable : tipoSimple indices . identificador  (30)
	indices : indices . '[' CTE_ENTERA ']'  (60)

	ID  shift 27
	'['  shift 28
	.  error

	identificador  goto 29


state 18
	definicion : declaracionVariable ';' .  (6)

	.  reduce 6


state 19
	declaracionVariable : tipoSimple . identificador  (29)
	declaracionVariable : tipoSimple . indices identificador  (30)

	ID  shift 27
	'['  shift 15
	.  error

	identificador  goto 16
	indices  goto 17


state 20
	campos : declaracionVariable . ';'  (28)

	';'  shift 30
	.  error


state 21
	campos : campos . declaracionVariable ';'  (27)
	declaracionVariable : STRUCT '{' campos . '}' identificador  (31)

	INT  shift 3
	DOUBLE  shift 4
	CHAR  shift 5
	STRUCT  shift 6
	'}'  shift 31
	.  error

	tipoSimple  goto 19
	declaracionVariable  goto 32


state 22
	programa : definiciones VOID MAIN '(' . ')' '{' declaraciones sentencias '}'  (1)

	')'  shift 33
	.  error


state 23
	definicion : VOID ID '(' . parametros ')' '{' declaraciones cuerpoDefinicion '}'  (5)
	parametros : .  (11)

	INT  shift 3
	DOUBLE  shift 4
	CHAR  shift 5
	')'  reduce 11
	','  reduce 11

	tipoSimple  goto 34
	parametros  goto 35
	definicioVariable  goto 36


state 24
	definicion : tipoSimple ID '(' . parametros ')' '{' declaraciones cuerpoDefinicion '}'  (4)
	parametros : .  (11)

	INT  shift 3
	DOUBLE  shift 4
	CHAR  shift 5
	')'  reduce 11
	','  reduce 11

	tipoSimple  goto 34
	parametros  goto 37
	definicioVariable  goto 36


state 25
	indices : '[' CTE_ENTERA . ']'  (61)

	']'  shift 38
	.  error


state 26
	identificador : identificador ',' . ID  (62)

	ID  shift 39
	.  error


state 27
	identificador : ID .  (63)

	.  reduce 63


state 28
	indices : indices '[' . CTE_ENTERA ']'  (60)

	CTE_ENTERA  shift 40
	.  error


state 29
	declaracionVariable : tipoSimple indices identificador .  (30)
	identificador : identificador . ',' ID  (62)

	','  shift 26
	';'  reduce 30


state 30
	campos : declaracionVariable ';' .  (28)

	.  reduce 28


state 31
	declaracionVariable : STRUCT '{' campos '}' . identificador  (31)

	ID  shift 27
	.  error

	identificador  goto 41


state 32
	campos : campos declaracionVariable . ';'  (27)

	';'  shift 42
	.  error


state 33
	programa : definiciones VOID MAIN '(' ')' . '{' declaraciones sentencias '}'  (1)

	'{'  shift 43
	.  error


state 34
	definicioVariable : tipoSimple . ID  (12)

	ID  shift 44
	.  error


state 35
	definicion : VOID ID '(' parametros . ')' '{' declaraciones cuerpoDefinicion '}'  (5)
	parametros : parametros . ',' definicioVariable  (9)

	')'  shift 45
	','  shift 46
	.  error


state 36
	parametros : definicioVariable .  (10)

	.  reduce 10


state 37
	definicion : tipoSimple ID '(' parametros . ')' '{' declaraciones cuerpoDefinicion '}'  (4)
	parametros : parametros . ',' definicioVariable  (9)

	')'  shift 47
	','  shift 46
	.  error


state 38
	indices : '[' CTE_ENTERA ']' .  (61)

	.  reduce 61


state 39
	identificador : identificador ',' ID .  (62)

	.  reduce 62


state 40
	indices : indices '[' CTE_ENTERA . ']'  (60)

	']'  shift 48
	.  error


state 41
	declaracionVariable : STRUCT '{' campos '}' identificador .  (31)
	identificador : identificador . ',' ID  (62)

	','  shift 26
	';'  reduce 31


state 42
	campos : campos declaracionVariable ';' .  (27)

	.  reduce 27


state 43
	programa : definiciones VOID MAIN '(' ')' '{' . declaraciones sentencias '}'  (1)
	declaraciones : .  (8)

	.  reduce 8

	declaraciones  goto 49


state 44
	definicioVariable : tipoSimple ID .  (12)

	.  reduce 12


state 45
	definicion : VOID ID '(' parametros ')' . '{' declaraciones cuerpoDefinicion '}'  (5)

	'{'  shift 50
	.  error


state 46
	parametros : parametros ',' . definicioVariable  (9)

	INT  shift 3
	DOUBLE  shift 4
	CHAR  shift 5
	.  error

	tipoSimple  goto 34
	definicioVariable  goto 51


state 47
	definicion : tipoSimple ID '(' parametros ')' . '{' declaraciones cuerpoDefinicion '}'  (4)

	'{'  shift 52
	.  error


state 48
	indices : indices '[' CTE_ENTERA ']' .  (60)

	.  reduce 60


state 49
	programa : definiciones VOID MAIN '(' ')' '{' declaraciones . sentencias '}'  (1)
	declaraciones : declaraciones . declaracionVariable ';'  (7)

	CTE_ENTERA  shift 53
	CTE_REAL  shift 54
	CTE_CARACTER  shift 55
	READ  shift 56
	WRITE  shift 57
	WHILE  shift 58
	IF  shift 59
	INT  shift 3
	DOUBLE  shift 4
	CHAR  shift 5
	STRUCT  shift 6
	RETURN  shift 60
	ID  shift 61
	'!'  shift 62
	'-'  shift 63
	'('  shift 64
	.  error

	sentencias  goto 65
	tipoSimple  goto 19
	declaracionVariable  goto 66
	sentencia  goto 67
	expresion  goto 68
	invocacion  goto 69


state 50
	definicion : VOID ID '(' parametros ')' '{' . declaraciones cuerpoDefinicion '}'  (5)
	declaraciones : .  (8)

	.  reduce 8

	declaraciones  goto 70


state 51
	parametros : parametros ',' definicioVariable .  (9)

	.  reduce 9


state 52
	definicion : tipoSimple ID '(' parametros ')' '{' . declaraciones cuerpoDefinicion '}'  (4)
	declaraciones : .  (8)

	.  reduce 8

	declaraciones  goto 71


state 53
	expresion : CTE_ENTERA .  (35)

	.  reduce 35


state 54
	expresion : CTE_REAL .  (36)

	.  reduce 36


state 55
	expresion : CTE_CARACTER .  (37)

	.  reduce 37


state 56
	sentencia : READ . expresiones ';'  (22)

	CTE_ENTERA  shift 53
	CTE_REAL  shift 54
	CTE_CARACTER  shift 55
	ID  shift 61
	'!'  shift 62
	'-'  shift 63
	'('  shift 64
	.  error

	expresion  goto 72
	expresiones  goto 73
	invocacion  goto 74


state 57
	sentencia : WRITE . expresiones ';'  (21)

	CTE_ENTERA  shift 53
	CTE_REAL  shift 54
	CTE_CARACTER  shift 55
	ID  shift 61
	'!'  shift 62
	'-'  shift 63
	'('  shift 64
	.  error

	expresion  goto 72
	expresiones  goto 75
	invocacion  goto 74


state 58
	sentencia : WHILE . '(' expresion ')' '{' sentencias '}'  (18)

	'('  shift 76
	.  error


state 59
	sentencia : IF . '(' expresion ')' cuerpoCondicional  (19)
	sentencia : IF . '(' expresion ')' cuerpoCondicional ELSE cuerpoCondicional  (20)

	'('  shift 77
	.  error


state 60
	sentencia : RETURN . expresion ';'  (24)

	CTE_ENTERA  shift 53
	CTE_REAL  shift 54
	CTE_CARACTER  shift 55
	ID  shift 61
	'!'  shift 62
	'-'  shift 63
	'('  shift 64
	.  error

	expresion  goto 78
	invocacion  goto 74


state 61
	expresion : ID .  (34)
	expresion : ID . '.' expresion  (53)
	invocacion : ID . '(' argumentosLlamada ')'  (57)

	'.'  shift 79
	'('  shift 80
	Y  reduce 34
	O  reduce 34
	MAYORIGUALQUE  reduce 34
	MENORIGUALQUE  reduce 34
	DISTINTO  reduce 34
	IGUALDAD  reduce 34
	'='  reduce 34
	'>'  reduce 34
	'<'  reduce 34
	'+'  reduce 34
	'-'  reduce 34
	'*'  reduce 34
	'/'  reduce 34
	'%'  reduce 34
	')'  reduce 34
	';'  reduce 34
	','  reduce 34


state 62
	expresion : '!' . expresion  (51)

	CTE_ENTERA  shift 53
	CTE_REAL  shift 54
	CTE_CARACTER  shift 55
	ID  shift 61
	'!'  shift 62
	'-'  shift 63
	'('  shift 64
	.  error

	expresion  goto 81
	invocacion  goto 74


state 63
	expresion : '-' . expresion  (52)

	CTE_ENTERA  shift 53
	CTE_REAL  shift 54
	CTE_CARACTER  shift 55
	ID  shift 61
	'!'  shift 62
	'-'  shift 63
	'('  shift 64
	.  error

	expresion  goto 82
	invocacion  goto 74


state 64
	expresion : '(' . expresion ')'  (54)
	expresion : '(' . tipoSimple ')' expresion  (55)

	CTE_ENTERA  shift 53
	CTE_REAL  shift 54
	CTE_CARACTER  shift 55
	INT  shift 3
	DOUBLE  shift 4
	CHAR  shift 5
	ID  shift 61
	'!'  shift 62
	'-'  shift 63
	'('  shift 64
	.  error

	tipoSimple  goto 83
	expresion  goto 84
	invocacion  goto 74


state 65
	programa : definiciones VOID MAIN '(' ')' '{' declaraciones sentencias . '}'  (1)
	sentencias : sentencias . sentencia  (15)

	CTE_ENTERA  shift 53
	CTE_REAL  shift 54
	CTE_CARACTER  shift 55
	READ  shift 56
	WRITE  shift 57
	WHILE  shift 58
	IF  shift 59
	RETURN  shift 60
	ID  shift 61
	'!'  shift 62
	'-'  shift 63
	'('  shift 64
	'}'  shift 85
	.  error

	sentencia  goto 86
	expresion  goto 68
	invocacion  goto 69


state 66
	declaraciones : declaraciones declaracionVariable . ';'  (7)

	';'  shift 87
	.  error


state 67
	sentencias : sentencia .  (16)

	.  reduce 16


state 68
	sentencia : expresion . '=' expresion ';'  (17)
	expresion : expresion . '+' expresion  (38)
	expresion : expresion . '*' expresion  (39)
	expresion : expresion . '/' expresion  (40)
	expresion : expresion . '-' expresion  (41)
	expresion : expresion . '%' expresion  (42)
	expresion : expresion . '>' expresion  (43)
	expresion : expresion . '<' expresion  (44)
	expresion : expresion . MAYORIGUALQUE expresion  (45)
	expresion : expresion . MENORIGUALQUE expresion  (46)
	expresion : expresion . DISTINTO expresion  (47)
	expresion : expresion . IGUALDAD expresion  (48)
	expresion : expresion . Y expresion  (49)
	expresion : expresion . O expresion  (50)

	Y  shift 88
	O  shift 89
	MAYORIGUALQUE  shift 90
	MENORIGUALQUE  shift 91
	DISTINTO  shift 92
	IGUALDAD  shift 93
	'='  shift 94
	'>'  shift 95
	'<'  shift 96
	'+'  shift 97
	'-'  shift 98
	'*'  shift 99
	'/'  shift 100
	'%'  shift 101
	.  error


state 69
	sentencia : invocacion . ';'  (23)
	expresion : invocacion .  (56)

	';'  shift 102
	Y  reduce 56
	O  reduce 56
	MAYORIGUALQUE  reduce 56
	MENORIGUALQUE  reduce 56
	DISTINTO  reduce 56
	IGUALDAD  reduce 56
	'='  reduce 56
	'>'  reduce 56
	'<'  reduce 56
	'+'  reduce 56
	'-'  reduce 56
	'*'  reduce 56
	'/'  reduce 56
	'%'  reduce 56


state 70
	definicion : VOID ID '(' parametros ')' '{' declaraciones . cuerpoDefinicion '}'  (5)
	declaraciones : declaraciones . declaracionVariable ';'  (7)
	cuerpoDefinicion : .  (14)

	CTE_ENTERA  shift 53
	CTE_REAL  shift 54
	CTE_CARACTER  shift 55
	READ  shift 56
	WRITE  shift 57
	WHILE  shift 58
	IF  shift 59
	INT  shift 3
	DOUBLE  shift 4
	CHAR  shift 5
	STRUCT  shift 6
	RETURN  shift 60
	ID  shift 61
	'!'  shift 62
	'-'  shift 63
	'('  shift 64
	'}'  reduce 14

	sentencias  goto 103
	tipoSimple  goto 19
	cuerpoDefinicion  goto 104
	declaracionVariable  goto 66
	sentencia  goto 67
	expresion  goto 68
	invocacion  goto 69


state 71
	definicion : tipoSimple ID '(' parametros ')' '{' declaraciones . cuerpoDefinicion '}'  (4)
	declaraciones : declaraciones . declaracionVariable ';'  (7)
	cuerpoDefinicion : .  (14)

	CTE_ENTERA  shift 53
	CTE_REAL  shift 54
	CTE_CARACTER  shift 55
	READ  shift 56
	WRITE  shift 57
	WHILE  shift 58
	IF  shift 59
	INT  shift 3
	DOUBLE  shift 4
	CHAR  shift 5
	STRUCT  shift 6
	RETURN  shift 60
	ID  shift 61
	'!'  shift 62
	'-'  shift 63
	'('  shift 64
	'}'  reduce 14

	sentencias  goto 103
	tipoSimple  goto 19
	cuerpoDefinicion  goto 105
	declaracionVariable  goto 66
	sentencia  goto 67
	expresion  goto 68
	invocacion  goto 69


state 72
	expresiones : expresion .  (33)
	expresion : expresion . '+' expresion  (38)
	expresion : expresion . '*' expresion  (39)
	expresion : expresion . '/' expresion  (40)
	expresion : expresion . '-' expresion  (41)
	expresion : expresion . '%' expresion  (42)
	expresion : expresion . '>' expresion  (43)
	expresion : expresion . '<' expresion  (44)
	expresion : expresion . MAYORIGUALQUE expresion  (45)
	expresion : expresion . MENORIGUALQUE expresion  (46)
	expresion : expresion . DISTINTO expresion  (47)
	expresion : expresion . IGUALDAD expresion  (48)
	expresion : expresion . Y expresion  (49)
	expresion : expresion . O expresion  (50)

	Y  shift 88
	O  shift 89
	MAYORIGUALQUE  shift 90
	MENORIGUALQUE  shift 91
	DISTINTO  shift 92
	IGUALDAD  shift 93
	'>'  shift 95
	'<'  shift 96
	'+'  shift 97
	'-'  shift 98
	'*'  shift 99
	'/'  shift 100
	'%'  shift 101
	')'  reduce 33
	';'  reduce 33
	','  reduce 33


state 73
	sentencia : READ expresiones . ';'  (22)
	expresiones : expresiones . ',' expresion  (32)

	';'  shift 106
	','  shift 107
	.  error


state 74
	expresion : invocacion .  (56)

	.  reduce 56


state 75
	sentencia : WRITE expresiones . ';'  (21)
	expresiones : expresiones . ',' expresion  (32)

	';'  shift 108
	','  shift 107
	.  error


state 76
	sentencia : WHILE '(' . expresion ')' '{' sentencias '}'  (18)

	CTE_ENTERA  shift 53
	CTE_REAL  shift 54
	CTE_CARACTER  shift 55
	ID  shift 61
	'!'  shift 62
	'-'  shift 63
	'('  shift 64
	.  error

	expresion  goto 109
	invocacion  goto 74


state 77
	sentencia : IF '(' . expresion ')' cuerpoCondicional  (19)
	sentencia : IF '(' . expresion ')' cuerpoCondicional ELSE cuerpoCondicional  (20)

	CTE_ENTERA  shift 53
	CTE_REAL  shift 54
	CTE_CARACTER  shift 55
	ID  shift 61
	'!'  shift 62
	'-'  shift 63
	'('  shift 64
	.  error

	expresion  goto 110
	invocacion  goto 74


state 78
	sentencia : RETURN expresion . ';'  (24)
	expresion : expresion . '+' expresion  (38)
	expresion : expresion . '*' expresion  (39)
	expresion : expresion . '/' expresion  (40)
	expresion : expresion . '-' expresion  (41)
	expresion : expresion . '%' expresion  (42)
	expresion : expresion . '>' expresion  (43)
	expresion : expresion . '<' expresion  (44)
	expresion : expresion . MAYORIGUALQUE expresion  (45)
	expresion : expresion . MENORIGUALQUE expresion  (46)
	expresion : expresion . DISTINTO expresion  (47)
	expresion : expresion . IGUALDAD expresion  (48)
	expresion : expresion . Y expresion  (49)
	expresion : expresion . O expresion  (50)

	Y  shift 88
	O  shift 89
	MAYORIGUALQUE  shift 90
	MENORIGUALQUE  shift 91
	DISTINTO  shift 92
	IGUALDAD  shift 93
	'>'  shift 95
	'<'  shift 96
	'+'  shift 97
	'-'  shift 98
	'*'  shift 99
	'/'  shift 100
	'%'  shift 101
	';'  shift 111
	.  error


state 79
	expresion : ID '.' . expresion  (53)

	CTE_ENTERA  shift 53
	CTE_REAL  shift 54
	CTE_CARACTER  shift 55
	ID  shift 61
	'!'  shift 62
	'-'  shift 63
	'('  shift 64
	.  error

	expresion  goto 112
	invocacion  goto 74


state 80
	invocacion : ID '(' . argumentosLlamada ')'  (57)
	argumentosLlamada : .  (59)

	CTE_ENTERA  shift 53
	CTE_REAL  shift 54
	CTE_CARACTER  shift 55
	ID  shift 61
	'!'  shift 62
	'-'  shift 63
	'('  shift 64
	')'  reduce 59

	expresion  goto 72
	expresiones  goto 113
	invocacion  goto 74
	argumentosLlamada  goto 114


state 81
	expresion : expresion . '+' expresion  (38)
	expresion : expresion . '*' expresion  (39)
	expresion : expresion . '/' expresion  (40)
	expresion : expresion . '-' expresion  (41)
	expresion : expresion . '%' expresion  (42)
	expresion : expresion . '>' expresion  (43)
	expresion : expresion . '<' expresion  (44)
	expresion : expresion . MAYORIGUALQUE expresion  (45)
	expresion : expresion . MENORIGUALQUE expresion  (46)
	expresion : expresion . DISTINTO expresion  (47)
	expresion : expresion . IGUALDAD expresion  (48)
	expresion : expresion . Y expresion  (49)
	expresion : expresion . O expresion  (50)
	expresion : '!' expresion .  (51)

	.  reduce 51


state 82
	expresion : expresion . '+' expresion  (38)
	expresion : expresion . '*' expresion  (39)
	expresion : expresion . '/' expresion  (40)
	expresion : expresion . '-' expresion  (41)
	expresion : expresion . '%' expresion  (42)
	expresion : expresion . '>' expresion  (43)
	expresion : expresion . '<' expresion  (44)
	expresion : expresion . MAYORIGUALQUE expresion  (45)
	expresion : expresion . MENORIGUALQUE expresion  (46)
	expresion : expresion . DISTINTO expresion  (47)
	expresion : expresion . IGUALDAD expresion  (48)
	expresion : expresion . Y expresion  (49)
	expresion : expresion . O expresion  (50)
	expresion : '-' expresion .  (52)

	.  reduce 52


state 83
	expresion : '(' tipoSimple . ')' expresion  (55)

	')'  shift 115
	.  error


state 84
	expresion : expresion . '+' expresion  (38)
	expresion : expresion . '*' expresion  (39)
	expresion : expresion . '/' expresion  (40)
	expresion : expresion . '-' expresion  (41)
	expresion : expresion . '%' expresion  (42)
	expresion : expresion . '>' expresion  (43)
	expresion : expresion . '<' expresion  (44)
	expresion : expresion . MAYORIGUALQUE expresion  (45)
	expresion : expresion . MENORIGUALQUE expresion  (46)
	expresion : expresion . DISTINTO expresion  (47)
	expresion : expresion . IGUALDAD expresion  (48)
	expresion : expresion . Y expresion  (49)
	expresion : expresion . O expresion  (50)
	expresion : '(' expresion . ')'  (54)

	Y  shift 88
	O  shift 89
	MAYORIGUALQUE  shift 90
	MENORIGUALQUE  shift 91
	DISTINTO  shift 92
	IGUALDAD  shift 93
	'>'  shift 95
	'<'  shift 96
	'+'  shift 97
	'-'  shift 98
	'*'  shift 99
	'/'  shift 100
	'%'  shift 101
	')'  shift 116
	.  error


state 85
	programa : definiciones VOID MAIN '(' ')' '{' declaraciones sentencias '}' .  (1)

	.  reduce 1


state 86
	sentencias : sentencias sentencia .  (15)

	.  reduce 15


state 87
	declaraciones : declaraciones declaracionVariable ';' .  (7)

	.  reduce 7


state 88
	expresion : expresion Y . expresion  (49)

	CTE_ENTERA  shift 53
	CTE_REAL  shift 54
	CTE_CARACTER  shift 55
	ID  shift 61
	'!'  shift 62
	'-'  shift 63
	'('  shift 64
	.  error

	expresion  goto 117
	invocacion  goto 74


state 89
	expresion : expresion O . expresion  (50)

	CTE_ENTERA  shift 53
	CTE_REAL  shift 54
	CTE_CARACTER  shift 55
	ID  shift 61
	'!'  shift 62
	'-'  shift 63
	'('  shift 64
	.  error

	expresion  goto 118
	invocacion  goto 74


state 90
	expresion : expresion MAYORIGUALQUE . expresion  (45)

	CTE_ENTERA  shift 53
	CTE_REAL  shift 54
	CTE_CARACTER  shift 55
	ID  shift 61
	'!'  shift 62
	'-'  shift 63
	'('  shift 64
	.  error

	expresion  goto 119
	invocacion  goto 74


state 91
	expresion : expresion MENORIGUALQUE . expresion  (46)

	CTE_ENTERA  shift 53
	CTE_REAL  shift 54
	CTE_CARACTER  shift 55
	ID  shift 61
	'!'  shift 62
	'-'  shift 63
	'('  shift 64
	.  error

	expresion  goto 120
	invocacion  goto 74


state 92
	expresion : expresion DISTINTO . expresion  (47)

	CTE_ENTERA  shift 53
	CTE_REAL  shift 54
	CTE_CARACTER  shift 55
	ID  shift 61
	'!'  shift 62
	'-'  shift 63
	'('  shift 64
	.  error

	expresion  goto 121
	invocacion  goto 74


state 93
	expresion : expresion IGUALDAD . expresion  (48)

	CTE_ENTERA  shift 53
	CTE_REAL  shift 54
	CTE_CARACTER  shift 55
	ID  shift 61
	'!'  shift 62
	'-'  shift 63
	'('  shift 64
	.  error

	expresion  goto 122
	invocacion  goto 74


state 94
	sentencia : expresion '=' . expresion ';'  (17)

	CTE_ENTERA  shift 53
	CTE_REAL  shift 54
	CTE_CARACTER  shift 55
	ID  shift 61
	'!'  shift 62
	'-'  shift 63
	'('  shift 64
	.  error

	expresion  goto 123
	invocacion  goto 74


state 95
	expresion : expresion '>' . expresion  (43)

	CTE_ENTERA  shift 53
	CTE_REAL  shift 54
	CTE_CARACTER  shift 55
	ID  shift 61
	'!'  shift 62
	'-'  shift 63
	'('  shift 64
	.  error

	expresion  goto 124
	invocacion  goto 74


state 96
	expresion : expresion '<' . expresion  (44)

	CTE_ENTERA  shift 53
	CTE_REAL  shift 54
	CTE_CARACTER  shift 55
	ID  shift 61
	'!'  shift 62
	'-'  shift 63
	'('  shift 64
	.  error

	expresion  goto 125
	invocacion  goto 74


state 97
	expresion : expresion '+' . expresion  (38)

	CTE_ENTERA  shift 53
	CTE_REAL  shift 54
	CTE_CARACTER  shift 55
	ID  shift 61
	'!'  shift 62
	'-'  shift 63
	'('  shift 64
	.  error

	expresion  goto 126
	invocacion  goto 74


state 98
	expresion : expresion '-' . expresion  (41)

	CTE_ENTERA  shift 53
	CTE_REAL  shift 54
	CTE_CARACTER  shift 55
	ID  shift 61
	'!'  shift 62
	'-'  shift 63
	'('  shift 64
	.  error

	expresion  goto 127
	invocacion  goto 74


state 99
	expresion : expresion '*' . expresion  (39)

	CTE_ENTERA  shift 53
	CTE_REAL  shift 54
	CTE_CARACTER  shift 55
	ID  shift 61
	'!'  shift 62
	'-'  shift 63
	'('  shift 64
	.  error

	expresion  goto 128
	invocacion  goto 74


state 100
	expresion : expresion '/' . expresion  (40)

	CTE_ENTERA  shift 53
	CTE_REAL  shift 54
	CTE_CARACTER  shift 55
	ID  shift 61
	'!'  shift 62
	'-'  shift 63
	'('  shift 64
	.  error

	expresion  goto 129
	invocacion  goto 74


state 101
	expresion : expresion '%' . expresion  (42)

	CTE_ENTERA  shift 53
	CTE_REAL  shift 54
	CTE_CARACTER  shift 55
	ID  shift 61
	'!'  shift 62
	'-'  shift 63
	'('  shift 64
	.  error

	expresion  goto 130
	invocacion  goto 74


state 102
	sentencia : invocacion ';' .  (23)

	.  reduce 23


state 103
	cuerpoDefinicion : sentencias .  (13)
	sentencias : sentencias . sentencia  (15)

	CTE_ENTERA  shift 53
	CTE_REAL  shift 54
	CTE_CARACTER  shift 55
	READ  shift 56
	WRITE  shift 57
	WHILE  shift 58
	IF  shift 59
	RETURN  shift 60
	ID  shift 61
	'!'  shift 62
	'-'  shift 63
	'('  shift 64
	'}'  reduce 13

	sentencia  goto 86
	expresion  goto 68
	invocacion  goto 69


state 104
	definicion : VOID ID '(' parametros ')' '{' declaraciones cuerpoDefinicion . '}'  (5)

	'}'  shift 131
	.  error


state 105
	definicion : tipoSimple ID '(' parametros ')' '{' declaraciones cuerpoDefinicion . '}'  (4)

	'}'  shift 132
	.  error


state 106
	sentencia : READ expresiones ';' .  (22)

	.  reduce 22


state 107
	expresiones : expresiones ',' . expresion  (32)

	CTE_ENTERA  shift 53
	CTE_REAL  shift 54
	CTE_CARACTER  shift 55
	ID  shift 61
	'!'  shift 62
	'-'  shift 63
	'('  shift 64
	.  error

	expresion  goto 133
	invocacion  goto 74


state 108
	sentencia : WRITE expresiones ';' .  (21)

	.  reduce 21


state 109
	sentencia : WHILE '(' expresion . ')' '{' sentencias '}'  (18)
	expresion : expresion . '+' expresion  (38)
	expresion : expresion . '*' expresion  (39)
	expresion : expresion . '/' expresion  (40)
	expresion : expresion . '-' expresion  (41)
	expresion : expresion . '%' expresion  (42)
	expresion : expresion . '>' expresion  (43)
	expresion : expresion . '<' expresion  (44)
	expresion : expresion . MAYORIGUALQUE expresion  (45)
	expresion : expresion . MENORIGUALQUE expresion  (46)
	expresion : expresion . DISTINTO expresion  (47)
	expresion : expresion . IGUALDAD expresion  (48)
	expresion : expresion . Y expresion  (49)
	expresion : expresion . O expresion  (50)

	Y  shift 88
	O  shift 89
	MAYORIGUALQUE  shift 90
	MENORIGUALQUE  shift 91
	DISTINTO  shift 92
	IGUALDAD  shift 93
	'>'  shift 95
	'<'  shift 96
	'+'  shift 97
	'-'  shift 98
	'*'  shift 99
	'/'  shift 100
	'%'  shift 101
	')'  shift 134
	.  error


state 110
	sentencia : IF '(' expresion . ')' cuerpoCondicional  (19)
	sentencia : IF '(' expresion . ')' cuerpoCondicional ELSE cuerpoCondicional  (20)
	expresion : expresion . '+' expresion  (38)
	expresion : expresion . '*' expresion  (39)
	expresion : expresion . '/' expresion  (40)
	expresion : expresion . '-' expresion  (41)
	expresion : expresion . '%' expresion  (42)
	expresion : expresion . '>' expresion  (43)
	expresion : expresion . '<' expresion  (44)
	expresion : expresion . MAYORIGUALQUE expresion  (45)
	expresion : expresion . MENORIGUALQUE expresion  (46)
	expresion : expresion . DISTINTO expresion  (47)
	expresion : expresion . IGUALDAD expresion  (48)
	expresion : expresion . Y expresion  (49)
	expresion : expresion . O expresion  (50)

	Y  shift 88
	O  shift 89
	MAYORIGUALQUE  shift 90
	MENORIGUALQUE  shift 91
	DISTINTO  shift 92
	IGUALDAD  shift 93
	'>'  shift 95
	'<'  shift 96
	'+'  shift 97
	'-'  shift 98
	'*'  shift 99
	'/'  shift 100
	'%'  shift 101
	')'  shift 135
	.  error


state 111
	sentencia : RETURN expresion ';' .  (24)

	.  reduce 24


state 112
	expresion : expresion . '+' expresion  (38)
	expresion : expresion . '*' expresion  (39)
	expresion : expresion . '/' expresion  (40)
	expresion : expresion . '-' expresion  (41)
	expresion : expresion . '%' expresion  (42)
	expresion : expresion . '>' expresion  (43)
	expresion : expresion . '<' expresion  (44)
	expresion : expresion . MAYORIGUALQUE expresion  (45)
	expresion : expresion . MENORIGUALQUE expresion  (46)
	expresion : expresion . DISTINTO expresion  (47)
	expresion : expresion . IGUALDAD expresion  (48)
	expresion : expresion . Y expresion  (49)
	expresion : expresion . O expresion  (50)
	expresion : ID '.' expresion .  (53)

	.  reduce 53


state 113
	expresiones : expresiones . ',' expresion  (32)
	argumentosLlamada : expresiones .  (58)

	','  shift 107
	')'  reduce 58


state 114
	invocacion : ID '(' argumentosLlamada . ')'  (57)

	')'  shift 136
	.  error


state 115
	expresion : '(' tipoSimple ')' . expresion  (55)

	CTE_ENTERA  shift 53
	CTE_REAL  shift 54
	CTE_CARACTER  shift 55
	ID  shift 61
	'!'  shift 62
	'-'  shift 63
	'('  shift 64
	.  error

	expresion  goto 137
	invocacion  goto 74


state 116
	expresion : '(' expresion ')' .  (54)

	.  reduce 54


state 117
	expresion : expresion . '+' expresion  (38)
	expresion : expresion . '*' expresion  (39)
	expresion : expresion . '/' expresion  (40)
	expresion : expresion . '-' expresion  (41)
	expresion : expresion . '%' expresion  (42)
	expresion : expresion . '>' expresion  (43)
	expresion : expresion . '<' expresion  (44)
	expresion : expresion . MAYORIGUALQUE expresion  (45)
	expresion : expresion . MENORIGUALQUE expresion  (46)
	expresion : expresion . DISTINTO expresion  (47)
	expresion : expresion . IGUALDAD expresion  (48)
	expresion : expresion . Y expresion  (49)
	expresion : expresion Y expresion .  (49)
	expresion : expresion . O expresion  (50)

	MAYORIGUALQUE  shift 90
	MENORIGUALQUE  shift 91
	DISTINTO  shift 92
	IGUALDAD  shift 93
	'>'  shift 95
	'<'  shift 96
	'+'  shift 97
	'-'  shift 98
	'*'  shift 99
	'/'  shift 100
	'%'  shift 101
	Y  reduce 49
	O  reduce 49
	'='  reduce 49
	')'  reduce 49
	';'  reduce 49
	','  reduce 49


state 118
	expresion : expresion . '+' expresion  (38)
	expresion : expresion . '*' expresion  (39)
	expresion : expresion . '/' expresion  (40)
	expresion : expresion . '-' expresion  (41)
	expresion : expresion . '%' expresion  (42)
	expresion : expresion . '>' expresion  (43)
	expresion : expresion . '<' expresion  (44)
	expresion : expresion . MAYORIGUALQUE expresion  (45)
	expresion : expresion . MENORIGUALQUE expresion  (46)
	expresion : expresion . DISTINTO expresion  (47)
	expresion : expresion . IGUALDAD expresion  (48)
	expresion : expresion . Y expresion  (49)
	expresion : expresion . O expresion  (50)
	expresion : expresion O expresion .  (50)

	MAYORIGUALQUE  shift 90
	MENORIGUALQUE  shift 91
	DISTINTO  shift 92
	IGUALDAD  shift 93
	'>'  shift 95
	'<'  shift 96
	'+'  shift 97
	'-'  shift 98
	'*'  shift 99
	'/'  shift 100
	'%'  shift 101
	Y  reduce 50
	O  reduce 50
	'='  reduce 50
	')'  reduce 50
	';'  reduce 50
	','  reduce 50


state 119
	expresion : expresion . '+' expresion  (38)
	expresion : expresion . '*' expresion  (39)
	expresion : expresion . '/' expresion  (40)
	expresion : expresion . '-' expresion  (41)
	expresion : expresion . '%' expresion  (42)
	expresion : expresion . '>' expresion  (43)
	expresion : expresion . '<' expresion  (44)
	expresion : expresion . MAYORIGUALQUE expresion  (45)
	expresion : expresion MAYORIGUALQUE expresion .  (45)
	expresion : expresion . MENORIGUALQUE expresion  (46)
	expresion : expresion . DISTINTO expresion  (47)
	expresion : expresion . IGUALDAD expresion  (48)
	expresion : expresion . Y expresion  (49)
	expresion : expresion . O expresion  (50)

	'+'  shift 97
	'-'  shift 98
	'*'  shift 99
	'/'  shift 100
	'%'  shift 101
	Y  reduce 45
	O  reduce 45
	MAYORIGUALQUE  reduce 45
	MENORIGUALQUE  reduce 45
	DISTINTO  reduce 45
	IGUALDAD  reduce 45
	'='  reduce 45
	'>'  reduce 45
	'<'  reduce 45
	')'  reduce 45
	';'  reduce 45
	','  reduce 45


state 120
	expresion : expresion . '+' expresion  (38)
	expresion : expresion . '*' expresion  (39)
	expresion : expresion . '/' expresion  (40)
	expresion : expresion . '-' expresion  (41)
	expresion : expresion . '%' expresion  (42)
	expresion : expresion . '>' expresion  (43)
	expresion : expresion . '<' expresion  (44)
	expresion : expresion . MAYORIGUALQUE expresion  (45)
	expresion : expresion . MENORIGUALQUE expresion  (46)
	expresion : expresion MENORIGUALQUE expresion .  (46)
	expresion : expresion . DISTINTO expresion  (47)
	expresion : expresion . IGUALDAD expresion  (48)
	expresion : expresion . Y expresion  (49)
	expresion : expresion . O expresion  (50)

	'+'  shift 97
	'-'  shift 98
	'*'  shift 99
	'/'  shift 100
	'%'  shift 101
	Y  reduce 46
	O  reduce 46
	MAYORIGUALQUE  reduce 46
	MENORIGUALQUE  reduce 46
	DISTINTO  reduce 46
	IGUALDAD  reduce 46
	'='  reduce 46
	'>'  reduce 46
	'<'  reduce 46
	')'  reduce 46
	';'  reduce 46
	','  reduce 46


state 121
	expresion : expresion . '+' expresion  (38)
	expresion : expresion . '*' expresion  (39)
	expresion : expresion . '/' expresion  (40)
	expresion : expresion . '-' expresion  (41)
	expresion : expresion . '%' expresion  (42)
	expresion : expresion . '>' expresion  (43)
	expresion : expresion . '<' expresion  (44)
	expresion : expresion . MAYORIGUALQUE expresion  (45)
	expresion : expresion . MENORIGUALQUE expresion  (46)
	expresion : expresion . DISTINTO expresion  (47)
	expresion : expresion DISTINTO expresion .  (47)
	expresion : expresion . IGUALDAD expresion  (48)
	expresion : expresion . Y expresion  (49)
	expresion : expresion . O expresion  (50)

	'+'  shift 97
	'-'  shift 98
	'*'  shift 99
	'/'  shift 100
	'%'  shift 101
	Y  reduce 47
	O  reduce 47
	MAYORIGUALQUE  reduce 47
	MENORIGUALQUE  reduce 47
	DISTINTO  reduce 47
	IGUALDAD  reduce 47
	'='  reduce 47
	'>'  reduce 47
	'<'  reduce 47
	')'  reduce 47
	';'  reduce 47
	','  reduce 47


state 122
	expresion : expresion . '+' expresion  (38)
	expresion : expresion . '*' expresion  (39)
	expresion : expresion . '/' expresion  (40)
	expresion : expresion . '-' expresion  (41)
	expresion : expresion . '%' expresion  (42)
	expresion : expresion . '>' expresion  (43)
	expresion : expresion . '<' expresion  (44)
	expresion : expresion . MAYORIGUALQUE expresion  (45)
	expresion : expresion . MENORIGUALQUE expresion  (46)
	expresion : expresion . DISTINTO expresion  (47)
	expresion : expresion . IGUALDAD expresion  (48)
	expresion : expresion IGUALDAD expresion .  (48)
	expresion : expresion . Y expresion  (49)
	expresion : expresion . O expresion  (50)

	'+'  shift 97
	'-'  shift 98
	'*'  shift 99
	'/'  shift 100
	'%'  shift 101
	Y  reduce 48
	O  reduce 48
	MAYORIGUALQUE  reduce 48
	MENORIGUALQUE  reduce 48
	DISTINTO  reduce 48
	IGUALDAD  reduce 48
	'='  reduce 48
	'>'  reduce 48
	'<'  reduce 48
	')'  reduce 48
	';'  reduce 48
	','  reduce 48


state 123
	sentencia : expresion '=' expresion . ';'  (17)
	expresion : expresion . '+' expresion  (38)
	expresion : expresion . '*' expresion  (39)
	expresion : expresion . '/' expresion  (40)
	expresion : expresion . '-' expresion  (41)
	expresion : expresion . '%' expresion  (42)
	expresion : expresion . '>' expresion  (43)
	expresion : expresion . '<' expresion  (44)
	expresion : expresion . MAYORIGUALQUE expresion  (45)
	expresion : expresion . MENORIGUALQUE expresion  (46)
	expresion : expresion . DISTINTO expresion  (47)
	expresion : expresion . IGUALDAD expresion  (48)
	expresion : expresion . Y expresion  (49)
	expresion : expresion . O expresion  (50)

	Y  shift 88
	O  shift 89
	MAYORIGUALQUE  shift 90
	MENORIGUALQUE  shift 91
	DISTINTO  shift 92
	IGUALDAD  shift 93
	'>'  shift 95
	'<'  shift 96
	'+'  shift 97
	'-'  shift 98
	'*'  shift 99
	'/'  shift 100
	'%'  shift 101
	';'  shift 138
	.  error


state 124
	expresion : expresion . '+' expresion  (38)
	expresion : expresion . '*' expresion  (39)
	expresion : expresion . '/' expresion  (40)
	expresion : expresion . '-' expresion  (41)
	expresion : expresion . '%' expresion  (42)
	expresion : expresion . '>' expresion  (43)
	expresion : expresion '>' expresion .  (43)
	expresion : expresion . '<' expresion  (44)
	expresion : expresion . MAYORIGUALQUE expresion  (45)
	expresion : expresion . MENORIGUALQUE expresion  (46)
	expresion : expresion . DISTINTO expresion  (47)
	expresion : expresion . IGUALDAD expresion  (48)
	expresion : expresion . Y expresion  (49)
	expresion : expresion . O expresion  (50)

	'+'  shift 97
	'-'  shift 98
	'*'  shift 99
	'/'  shift 100
	'%'  shift 101
	Y  reduce 43
	O  reduce 43
	MAYORIGUALQUE  reduce 43
	MENORIGUALQUE  reduce 43
	DISTINTO  reduce 43
	IGUALDAD  reduce 43
	'='  reduce 43
	'>'  reduce 43
	'<'  reduce 43
	')'  reduce 43
	';'  reduce 43
	','  reduce 43


state 125
	expresion : expresion . '+' expresion  (38)
	expresion : expresion . '*' expresion  (39)
	expresion : expresion . '/' expresion  (40)
	expresion : expresion . '-' expresion  (41)
	expresion : expresion . '%' expresion  (42)
	expresion : expresion . '>' expresion  (43)
	expresion : expresion . '<' expresion  (44)
	expresion : expresion '<' expresion .  (44)
	expresion : expresion . MAYORIGUALQUE expresion  (45)
	expresion : expresion . MENORIGUALQUE expresion  (46)
	expresion : expresion . DISTINTO expresion  (47)
	expresion : expresion . IGUALDAD expresion  (48)
	expresion : expresion . Y expresion  (49)
	expresion : expresion . O expresion  (50)

	'+'  shift 97
	'-'  shift 98
	'*'  shift 99
	'/'  shift 100
	'%'  shift 101
	Y  reduce 44
	O  reduce 44
	MAYORIGUALQUE  reduce 44
	MENORIGUALQUE  reduce 44
	DISTINTO  reduce 44
	IGUALDAD  reduce 44
	'='  reduce 44
	'>'  reduce 44
	'<'  reduce 44
	')'  reduce 44
	';'  reduce 44
	','  reduce 44


state 126
	expresion : expresion . '+' expresion  (38)
	expresion : expresion '+' expresion .  (38)
	expresion : expresion . '*' expresion  (39)
	expresion : expresion . '/' expresion  (40)
	expresion : expresion . '-' expresion  (41)
	expresion : expresion . '%' expresion  (42)
	expresion : expresion . '>' expresion  (43)
	expresion : expresion . '<' expresion  (44)
	expresion : expresion . MAYORIGUALQUE expresion  (45)
	expresion : expresion . MENORIGUALQUE expresion  (46)
	expresion : expresion . DISTINTO expresion  (47)
	expresion : expresion . IGUALDAD expresion  (48)
	expresion : expresion . Y expresion  (49)
	expresion : expresion . O expresion  (50)

	'*'  shift 99
	'/'  shift 100
	'%'  shift 101
	Y  reduce 38
	O  reduce 38
	MAYORIGUALQUE  reduce 38
	MENORIGUALQUE  reduce 38
	DISTINTO  reduce 38
	IGUALDAD  reduce 38
	'='  reduce 38
	'>'  reduce 38
	'<'  reduce 38
	'+'  reduce 38
	'-'  reduce 38
	')'  reduce 38
	';'  reduce 38
	','  reduce 38


state 127
	expresion : expresion . '+' expresion  (38)
	expresion : expresion . '*' expresion  (39)
	expresion : expresion . '/' expresion  (40)
	expresion : expresion . '-' expresion  (41)
	expresion : expresion '-' expresion .  (41)
	expresion : expresion . '%' expresion  (42)
	expresion : expresion . '>' expresion  (43)
	expresion : expresion . '<' expresion  (44)
	expresion : expresion . MAYORIGUALQUE expresion  (45)
	expresion : expresion . MENORIGUALQUE expresion  (46)
	expresion : expresion . DISTINTO expresion  (47)
	expresion : expresion . IGUALDAD expresion  (48)
	expresion : expresion . Y expresion  (49)
	expresion : expresion . O expresion  (50)

	'*'  shift 99
	'/'  shift 100
	'%'  shift 101
	Y  reduce 41
	O  reduce 41
	MAYORIGUALQUE  reduce 41
	MENORIGUALQUE  reduce 41
	DISTINTO  reduce 41
	IGUALDAD  reduce 41
	'='  reduce 41
	'>'  reduce 41
	'<'  reduce 41
	'+'  reduce 41
	'-'  reduce 41
	')'  reduce 41
	';'  reduce 41
	','  reduce 41


state 128
	expresion : expresion . '+' expresion  (38)
	expresion : expresion . '*' expresion  (39)
	expresion : expresion '*' expresion .  (39)
	expresion : expresion . '/' expresion  (40)
	expresion : expresion . '-' expresion  (41)
	expresion : expresion . '%' expresion  (42)
	expresion : expresion . '>' expresion  (43)
	expresion : expresion . '<' expresion  (44)
	expresion : expresion . MAYORIGUALQUE expresion  (45)
	expresion : expresion . MENORIGUALQUE expresion  (46)
	expresion : expresion . DISTINTO expresion  (47)
	expresion : expresion . IGUALDAD expresion  (48)
	expresion : expresion . Y expresion  (49)
	expresion : expresion . O expresion  (50)

	.  reduce 39


state 129
	expresion : expresion . '+' expresion  (38)
	expresion : expresion . '*' expresion  (39)
	expresion : expresion . '/' expresion  (40)
	expresion : expresion '/' expresion .  (40)
	expresion : expresion . '-' expresion  (41)
	expresion : expresion . '%' expresion  (42)
	expresion : expresion . '>' expresion  (43)
	expresion : expresion . '<' expresion  (44)
	expresion : expresion . MAYORIGUALQUE expresion  (45)
	expresion : expresion . MENORIGUALQUE expresion  (46)
	expresion : expresion . DISTINTO expresion  (47)
	expresion : expresion . IGUALDAD expresion  (48)
	expresion : expresion . Y expresion  (49)
	expresion : expresion . O expresion  (50)

	.  reduce 40


state 130
	expresion : expresion . '+' expresion  (38)
	expresion : expresion . '*' expresion  (39)
	expresion : expresion . '/' expresion  (40)
	expresion : expresion . '-' expresion  (41)
	expresion : expresion . '%' expresion  (42)
	expresion : expresion '%' expresion .  (42)
	expresion : expresion . '>' expresion  (43)
	expresion : expresion . '<' expresion  (44)
	expresion : expresion . MAYORIGUALQUE expresion  (45)
	expresion : expresion . MENORIGUALQUE expresion  (46)
	expresion : expresion . DISTINTO expresion  (47)
	expresion : expresion . IGUALDAD expresion  (48)
	expresion : expresion . Y expresion  (49)
	expresion : expresion . O expresion  (50)

	.  reduce 42


state 131
	definicion : VOID ID '(' parametros ')' '{' declaraciones cuerpoDefinicion '}' .  (5)

	.  reduce 5


state 132
	definicion : tipoSimple ID '(' parametros ')' '{' declaraciones cuerpoDefinicion '}' .  (4)

	.  reduce 4


state 133
	expresiones : expresiones ',' expresion .  (32)
	expresion : expresion . '+' expresion  (38)
	expresion : expresion . '*' expresion  (39)
	expresion : expresion . '/' expresion  (40)
	expresion : expresion . '-' expresion  (41)
	expresion : expresion . '%' expresion  (42)
	expresion : expresion . '>' expresion  (43)
	expresion : expresion . '<' expresion  (44)
	expresion : expresion . MAYORIGUALQUE expresion  (45)
	expresion : expresion . MENORIGUALQUE expresion  (46)
	expresion : expresion . DISTINTO expresion  (47)
	expresion : expresion . IGUALDAD expresion  (48)
	expresion : expresion . Y expresion  (49)
	expresion : expresion . O expresion  (50)

	Y  shift 88
	O  shift 89
	MAYORIGUALQUE  shift 90
	MENORIGUALQUE  shift 91
	DISTINTO  shift 92
	IGUALDAD  shift 93
	'>'  shift 95
	'<'  shift 96
	'+'  shift 97
	'-'  shift 98
	'*'  shift 99
	'/'  shift 100
	'%'  shift 101
	')'  reduce 32
	';'  reduce 32
	','  reduce 32


state 134
	sentencia : WHILE '(' expresion ')' . '{' sentencias '}'  (18)

	'{'  shift 139
	.  error


state 135
	sentencia : IF '(' expresion ')' . cuerpoCondicional  (19)
	sentencia : IF '(' expresion ')' . cuerpoCondicional ELSE cuerpoCondicional  (20)

	CTE_ENTERA  shift 53
	CTE_REAL  shift 54
	CTE_CARACTER  shift 55
	READ  shift 56
	WRITE  shift 57
	WHILE  shift 58
	IF  shift 59
	RETURN  shift 60
	ID  shift 61
	'!'  shift 62
	'-'  shift 63
	'('  shift 64
	'{'  shift 140
	.  error

	sentencia  goto 141
	expresion  goto 68
	cuerpoCondicional  goto 142
	invocacion  goto 69


state 136
	invocacion : ID '(' argumentosLlamada ')' .  (57)

	.  reduce 57


state 137
	expresion : expresion . '+' expresion  (38)
	expresion : expresion . '*' expresion  (39)
	expresion : expresion . '/' expresion  (40)
	expresion : expresion . '-' expresion  (41)
	expresion : expresion . '%' expresion  (42)
	expresion : expresion . '>' expresion  (43)
	expresion : expresion . '<' expresion  (44)
	expresion : expresion . MAYORIGUALQUE expresion  (45)
	expresion : expresion . MENORIGUALQUE expresion  (46)
	expresion : expresion . DISTINTO expresion  (47)
	expresion : expresion . IGUALDAD expresion  (48)
	expresion : expresion . Y expresion  (49)
	expresion : expresion . O expresion  (50)
	expresion : '(' tipoSimple ')' expresion .  (55)

	.  reduce 55


state 138
	sentencia : expresion '=' expresion ';' .  (17)

	.  reduce 17


state 139
	sentencia : WHILE '(' expresion ')' '{' . sentencias '}'  (18)

	CTE_ENTERA  shift 53
	CTE_REAL  shift 54
	CTE_CARACTER  shift 55
	READ  shift 56
	WRITE  shift 57
	WHILE  shift 58
	IF  shift 59
	RETURN  shift 60
	ID  shift 61
	'!'  shift 62
	'-'  shift 63
	'('  shift 64
	.  error

	sentencias  goto 143
	sentencia  goto 67
	expresion  goto 68
	invocacion  goto 69


state 140
	cuerpoCondicional : '{' . sentencias '}'  (25)

	CTE_ENTERA  shift 53
	CTE_REAL  shift 54
	CTE_CARACTER  shift 55
	READ  shift 56
	WRITE  shift 57
	WHILE  shift 58
	IF  shift 59
	RETURN  shift 60
	ID  shift 61
	'!'  shift 62
	'-'  shift 63
	'('  shift 64
	.  error

	sentencias  goto 144
	sentencia  goto 67
	expresion  goto 68
	invocacion  goto 69


state 141
	cuerpoCondicional : sentencia .  (26)

	.  reduce 26


state 142
	sentencia : IF '(' expresion ')' cuerpoCondicional .  (19)
	sentencia : IF '(' expresion ')' cuerpoCondicional . ELSE cuerpoCondicional  (20)

	ELSE  shift 145
	CTE_ENTERA  reduce 19
	CTE_REAL  reduce 19
	CTE_CARACTER  reduce 19
	READ  reduce 19
	WRITE  reduce 19
	WHILE  reduce 19
	IF  reduce 19
	RETURN  reduce 19
	ID  reduce 19
	'!'  reduce 19
	'-'  reduce 19
	'('  reduce 19
	'}'  reduce 19


state 143
	sentencias : sentencias . sentencia  (15)
	sentencia : WHILE '(' expresion ')' '{' sentencias . '}'  (18)

	CTE_ENTERA  shift 53
	CTE_REAL  shift 54
	CTE_CARACTER  shift 55
	READ  shift 56
	WRITE  shift 57
	WHILE  shift 58
	IF  shift 59
	RETURN  shift 60
	ID  shift 61
	'!'  shift 62
	'-'  shift 63
	'('  shift 64
	'}'  shift 146
	.  error

	sentencia  goto 86
	expresion  goto 68
	invocacion  goto 69


state 144
	sentencias : sentencias . sentencia  (15)
	cuerpoCondicional : '{' sentencias . '}'  (25)

	CTE_ENTERA  shift 53
	CTE_REAL  shift 54
	CTE_CARACTER  shift 55
	READ  shift 56
	WRITE  shift 57
	WHILE  shift 58
	IF  shift 59
	RETURN  shift 60
	ID  shift 61
	'!'  shift 62
	'-'  shift 63
	'('  shift 64
	'}'  shift 147
	.  error

	sentencia  goto 86
	expresion  goto 68
	invocacion  goto 69


state 145
	sentencia : IF '(' expresion ')' cuerpoCondicional ELSE . cuerpoCondicional  (20)

	CTE_ENTERA  shift 53
	CTE_REAL  shift 54
	CTE_CARACTER  shift 55
	READ  shift 56
	WRITE  shift 57
	WHILE  shift 58
	IF  shift 59
	RETURN  shift 60
	ID  shift 61
	'!'  shift 62
	'-'  shift 63
	'('  shift 64
	'{'  shift 140
	.  error

	sentencia  goto 141
	expresion  goto 68
	cuerpoCondicional  goto 148
	invocacion  goto 69


state 146
	sentencia : WHILE '(' expresion ')' '{' sentencias '}' .  (18)

	.  reduce 18


state 147
	cuerpoCondicional : '{' sentencias '}' .  (25)

	.  reduce 25


state 148
	sentencia : IF '(' expresion ')' cuerpoCondicional ELSE cuerpoCondicional .  (20)

	.  reduce 20


45 terminals, 20 nonterminals
67 grammar rules, 149 states
